#
# There is insufficient memory for the Java Runtime Environment to continue.
# Native memory allocation (malloc) failed to allocate 4258160 bytes. Error detail: Chunk::new
# Possible reasons:
#   The system is out of physical RAM or swap space
#   This process is running with CompressedOops enabled, and the Java Heap may be blocking the growth of the native heap
# Possible solutions:
#   Reduce memory load on the system
#   Increase physical memory or swap space
#   Check if swap backing store is full
#   Decrease Java heap size (-Xmx/-Xms)
#   Decrease number of Java threads
#   Decrease Java thread stack sizes (-Xss)
#   Set larger code cache with -XX:ReservedCodeCacheSize=
#   JVM is running with Unscaled Compressed Oops mode in which the Java heap is
#     placed in the first 4GB address space. The Java Heap base address is the
#     maximum limit for the native heap growth. Please use -XX:HeapBaseMinAddress
#     to set the Java Heap base and to place the Java Heap above 4GB virtual address.
# This output file may be truncated or incomplete.
#
#  Out of Memory Error (arena.cpp:168), pid=2592, tid=25220
#
# JRE version: OpenJDK Runtime Environment Temurin-21.0.11+10 (21.0.11+10) (build 21.0.11+10-LTS)
# Java VM: OpenJDK 64-Bit Server VM Temurin-21.0.11+10 (21.0.11+10-LTS, mixed mode, sharing, tiered, compressed oops, compressed class ptrs, g1 gc, windows-amd64)
# No core dump will be written. Minidumps are not enabled by default on client versions of Windows
#

---------------  S U M M A R Y ------------

Command Line: -agentlib:jdwp=transport=dt_socket,server=n,suspend=y,address=localhost:55854 -XX:+ShowCodeDetailsInExceptionMessages -Dspring.jmx.enabled=true -Dmanagement.endpoints.jmx.exposure.include=* -Dspring.application.admin.enabled=true -Dspring.boot.project.name=TurnoHospital -Djava.rmi.server.hostname=localhost -Dcom.sun.management.jmxremote.port=10010 -Dcom.sun.management.jmxremote.authenticate=false -Dcom.sun.management.jmxremote.ssl=false com.example.TurnoHospital.TurnoHospitalApplication

Host: 11th Gen Intel(R) Core(TM) i5-1135G7 @ 2.40GHz, 8 cores, 7G,  Windows 11 , 64 bit Build 26100 (10.0.26100.8521)
Time: Sun Jun 28 23:08:42 2026 Hora est. Sudam廨ica Pac璗ico elapsed time: 9.059136 seconds (0d 0h 0m 9s)

---------------  T H R E A D  ---------------

Current thread (0x000001d37eb5f220):  JavaThread "C2 CompilerThread1" daemon [_thread_in_native, id=25220, stack(0x00000024b7600000,0x00000024b7700000) (1024K)]


Current CompileTask:
C2:9059 6017       4       org.springframework.aop.aspectj.AspectJExpressionPointcut::matches (74 bytes)

Stack: [0x00000024b7600000,0x00000024b7700000]
Native frames: (J=compiled Java code, j=interpreted, Vv=VM code, C=native code)
V  [jvm.dll+0x6d7e19]
V  [jvm.dll+0x8b5096]
V  [jvm.dll+0x8b764e]
V  [jvm.dll+0x8b7d33]
V  [jvm.dll+0x284596]
V  [jvm.dll+0xc685d]
V  [jvm.dll+0xc6da1]
V  [jvm.dll+0x3bed6b]
V  [jvm.dll+0x1e4149]
V  [jvm.dll+0x24c853]
V  [jvm.dll+0x24bce0]
V  [jvm.dll+0x1cb4ae]
V  [jvm.dll+0x25baad]
V  [jvm.dll+0x25a03a]
V  [jvm.dll+0x3f868e]
V  [jvm.dll+0x85fb0d]
V  [jvm.dll+0x6d664d]
C  [ucrtbase.dll+0x2cd30]
C  [KERNEL32.DLL+0x2e957]
C  [ntdll.dll+0x87c1c]


---------------  P R O C E S S  ---------------

Threads class SMR info:
_java_thread_list=0x000001d306949da0, length=28, elements={
0x000001d31de1c950, 0x000001d33ccf4940, 0x000001d33ccf53a0, 0x000001d33ccf8dd0,
0x000001d33ccfa230, 0x000001d33ccffc50, 0x000001d33ccfe210, 0x000001d33cd04790,
0x000001d33cd0be20, 0x000001d37e26ae70, 0x000001d37e209260, 0x000001d37e211880,
0x000001d33cd002e0, 0x000001d33ccfce60, 0x000001d33ccfdb80, 0x000001d33ccfe8a0,
0x000001d33ccfef30, 0x000001d37fa11570, 0x000001d37fa11c00, 0x000001d37fa0ee10,
0x000001d37fa0e780, 0x000001d37fa12920, 0x000001d37fa0f4a0, 0x000001d37fa12fb0,
0x000001d37fa0fb30, 0x000001d37fa15da0, 0x000001d37fa13640, 0x000001d37eb5f220
}

Java Threads: ( => current thread )
  0x000001d31de1c950 JavaThread "main"                              [_thread_in_native, id=23812, stack(0x00000024b6100000,0x00000024b6200000) (1024K)]
  0x000001d33ccf4940 JavaThread "Reference Handler"          daemon [_thread_blocked, id=19824, stack(0x00000024b6900000,0x00000024b6a00000) (1024K)]
  0x000001d33ccf53a0 JavaThread "Finalizer"                  daemon [_thread_blocked, id=14232, stack(0x00000024b6a00000,0x00000024b6b00000) (1024K)]
  0x000001d33ccf8dd0 JavaThread "Signal Dispatcher"          daemon [_thread_blocked, id=20608, stack(0x00000024b6b00000,0x00000024b6c00000) (1024K)]
  0x000001d33ccfa230 JavaThread "Attach Listener"            daemon [_thread_blocked, id=11512, stack(0x00000024b6c00000,0x00000024b6d00000) (1024K)]
  0x000001d33ccffc50 JavaThread "Service Thread"             daemon [_thread_blocked, id=17472, stack(0x00000024b6d00000,0x00000024b6e00000) (1024K)]
  0x000001d33ccfe210 JavaThread "Monitor Deflation Thread"   daemon [_thread_blocked, id=27464, stack(0x00000024b6e00000,0x00000024b6f00000) (1024K)]
  0x000001d33cd04790 JavaThread "C2 CompilerThread0"         daemon [_thread_in_native, id=1856, stack(0x00000024b6f00000,0x00000024b7000000) (1024K)]
  0x000001d33cd0be20 JavaThread "C1 CompilerThread0"         daemon [_thread_blocked, id=21240, stack(0x00000024b7000000,0x00000024b7100000) (1024K)]
  0x000001d37e26ae70 JavaThread "JDWP Transport Listener: dt_socket" daemon [_thread_blocked, id=18908, stack(0x00000024b7100000,0x00000024b7200000) (1024K)]
  0x000001d37e209260 JavaThread "JDWP Event Helper Thread"   daemon [_thread_blocked, id=18892, stack(0x00000024b7200000,0x00000024b7300000) (1024K)]
  0x000001d37e211880 JavaThread "JDWP Command Reader"        daemon [_thread_in_native, id=23072, stack(0x00000024b7300000,0x00000024b7400000) (1024K)]
  0x000001d33cd002e0 JavaThread "Notification Thread"        daemon [_thread_blocked, id=7780, stack(0x00000024b7400000,0x00000024b7500000) (1024K)]
  0x000001d33ccfce60 JavaThread "Common-Cleaner"             daemon [_thread_blocked, id=21700, stack(0x00000024b7500000,0x00000024b7600000) (1024K)]
  0x000001d33ccfdb80 JavaThread "RMI TCP Accept-0"           daemon [_thread_in_native, id=20728, stack(0x00000024b7700000,0x00000024b7800000) (1024K)]
  0x000001d33ccfe8a0 JavaThread "RMI TCP Accept-10010"       daemon [_thread_in_native, id=9360, stack(0x00000024b7800000,0x00000024b7900000) (1024K)]
  0x000001d33ccfef30 JavaThread "RMI TCP Accept-0"           daemon [_thread_in_native, id=21804, stack(0x00000024b7900000,0x00000024b7a00000) (1024K)]
  0x000001d37fa11570 JavaThread "RMI TCP Connection(1)-127.0.0.1" daemon [_thread_in_native, id=26004, stack(0x00000024b8100000,0x00000024b8200000) (1024K)]
  0x000001d37fa11c00 JavaThread "RMI Scheduler(0)"           daemon [_thread_blocked, id=7792, stack(0x00000024b8200000,0x00000024b8300000) (1024K)]
  0x000001d37fa0ee10 JavaThread "RMI TCP Connection(2)-127.0.0.1" daemon [_thread_in_native, id=25520, stack(0x00000024b8400000,0x00000024b8500000) (1024K)]
  0x000001d37fa0e780 JavaThread "JMX server connection timeout 43" daemon [_thread_blocked, id=23312, stack(0x00000024b8500000,0x00000024b8600000) (1024K)]
  0x000001d37fa12920 JavaThread "Catalina-utility-1"                [_thread_blocked, id=10948, stack(0x00000024b8600000,0x00000024b8700000) (1024K)]
  0x000001d37fa0f4a0 JavaThread "Catalina-utility-2"                [_thread_blocked, id=26236, stack(0x00000024b8700000,0x00000024b8800000) (1024K)]
  0x000001d37fa12fb0 JavaThread "container-0"                       [_thread_blocked, id=6212, stack(0x00000024b8800000,0x00000024b8900000) (1024K)]
  0x000001d37fa0fb30 JavaThread "mysql-cj-abandoned-connection-cleanup" daemon [_thread_blocked, id=6492, stack(0x00000024b8900000,0x00000024b8a00000) (1024K)]
  0x000001d37fa15da0 JavaThread "HikariPool-1 housekeeper"   daemon [_thread_blocked, id=16880, stack(0x00000024b8b00000,0x00000024b8c00000) (1024K)]
  0x000001d37fa13640 JavaThread "HikariPool-1 connection adder" daemon [_thread_blocked, id=20296, stack(0x00000024b8c00000,0x00000024b8d00000) (1024K)]
=>0x000001d37eb5f220 JavaThread "C2 CompilerThread1"         daemon [_thread_in_native, id=25220, stack(0x00000024b7600000,0x00000024b7700000) (1024K)]
Total: 28

Other Threads:
  0x000001d33ccd2c40 VMThread "VM Thread"                           [id=7712, stack(0x00000024b6800000,0x00000024b6900000) (1024K)]
  0x000001d33ccc1880 WatcherThread "VM Periodic Task Thread"        [id=5184, stack(0x00000024b6700000,0x00000024b6800000) (1024K)]
  0x000001d31e294c60 WorkerThread "GC Thread#0"                     [id=3848, stack(0x00000024b6200000,0x00000024b6300000) (1024K)]
  0x000001d37ef04ac0 WorkerThread "GC Thread#1"                     [id=5312, stack(0x00000024b7a00000,0x00000024b7b00000) (1024K)]
  0x000001d37f26f4e0 WorkerThread "GC Thread#2"                     [id=15048, stack(0x00000024b7b00000,0x00000024b7c00000) (1024K)]
  0x000001d37f1e3370 WorkerThread "GC Thread#3"                     [id=22756, stack(0x00000024b7c00000,0x00000024b7d00000) (1024K)]
  0x000001d37f449970 WorkerThread "GC Thread#4"                     [id=16692, stack(0x00000024b7d00000,0x00000024b7e00000) (1024K)]
  0x000001d37ec67f00 WorkerThread "GC Thread#5"                     [id=3736, stack(0x00000024b7e00000,0x00000024b7f00000) (1024K)]
  0x000001d37ec682b0 WorkerThread "GC Thread#6"                     [id=304, stack(0x00000024b7f00000,0x00000024b8000000) (1024K)]
  0x000001d37f444d00 WorkerThread "GC Thread#7"                     [id=26972, stack(0x00000024b8000000,0x00000024b8100000) (1024K)]
  0x000001d31e2a5520 ConcurrentGCThread "G1 Main Marker"            [id=5452, stack(0x00000024b6300000,0x00000024b6400000) (1024K)]
  0x000001d31e2a6f50 WorkerThread "G1 Conc#0"                       [id=23356, stack(0x00000024b6400000,0x00000024b6500000) (1024K)]
  0x000001d30482aaa0 WorkerThread "G1 Conc#1"                       [id=22200, stack(0x00000024b8300000,0x00000024b8400000) (1024K)]
  0x000001d33cb87e30 ConcurrentGCThread "G1 Refine#0"               [id=17440, stack(0x00000024b6500000,0x00000024b6600000) (1024K)]
  0x000001d33cb89850 ConcurrentGCThread "G1 Service"                [id=2492, stack(0x00000024b6600000,0x00000024b6700000) (1024K)]
Total: 15

Threads with active compile tasks:
C2 CompilerThread0  9097 6018   !   4       org.springframework.aop.aspectj.AspectJExpressionPointcut::getTargetShadowMatch (98 bytes)
C2 CompilerThread1  9097 6017       4       org.springframework.aop.aspectj.AspectJExpressionPointcut::matches (74 bytes)
Total: 2

VM state: not at safepoint (normal execution)

VM Mutex/Monitor currently owned by a thread: None

Heap address: 0x0000000083200000, size: 1998 MB, Compressed Oops mode: 32-bit

CDS archive(s) mapped at: [0x000001d33d000000-0x000001d33dc80000-0x000001d33dc80000), size 13107200, SharedBaseAddress: 0x000001d33d000000, ArchiveRelocationMode: 1.
Compressed class space mapped at: 0x000001d33e000000-0x000001d37e000000, reserved size: 1073741824
Narrow klass base: 0x000001d33d000000, Narrow klass shift: 0, Narrow klass range: 0x100000000

GC Precious Log:
 CardTable entry size: 512
 Card Set container configuration: InlinePtr #cards 5 size 8 Array Of Cards #cards 12 size 40 Howl #buckets 4 coarsen threshold 1843 Howl Bitmap #cards 512 size 80 coarsen threshold 460 Card regions per heap region 1 cards per card region 2048
 CPUs: 8 total, 8 available
 Memory: 7987M
 Large Page Support: Disabled
 NUMA Support: Disabled
 Compressed Oops: Enabled (32-bit)
 Heap Region Size: 1M
 Heap Min Capacity: 8M
 Heap Initial Capacity: 126M
 Heap Max Capacity: 1998M
 Pre-touch: Disabled
 Parallel Workers: 8
 Concurrent Workers: 2
 Concurrent Refinement Workers: 8
 Periodic GC: Disabled

Heap:
 garbage-first heap   total 79872K, used 63716K [0x0000000083200000, 0x0000000100000000)
  region size 1024K, 36 young (36864K), 4 survivors (4096K)
 Metaspace       used 57923K, committed 58560K, reserved 1114112K
  class space    used 7614K, committed 7872K, reserved 1048576K

Heap Regions: E=young(eden), S=young(survivor), O=old, HS=humongous(starts), HC=humongous(continues), CS=collection set, F=free, TAMS=top-at-mark-start, PB=parsable bottom
|   0|0x0000000083200000, 0x0000000083300000, 0x0000000083300000|100%|HS|  |TAMS 0x0000000083200000| PB 0x0000000083200000| Complete 
|   1|0x0000000083300000, 0x0000000083400000, 0x0000000083400000|100%|HS|  |TAMS 0x0000000083300000| PB 0x0000000083300000| Complete 
|   2|0x0000000083400000, 0x0000000083500000, 0x0000000083500000|100%| O|  |TAMS 0x0000000083400000| PB 0x0000000083400000| Untracked 
|   3|0x0000000083500000, 0x0000000083600000, 0x0000000083600000|100%| O|  |TAMS 0x0000000083500000| PB 0x0000000083500000| Untracked 
|   4|0x0000000083600000, 0x0000000083700000, 0x0000000083700000|100%| O|  |TAMS 0x0000000083600000| PB 0x0000000083600000| Untracked 
|   5|0x0000000083700000, 0x0000000083800000, 0x0000000083800000|100%| O|  |TAMS 0x0000000083700000| PB 0x0000000083700000| Untracked 
|   6|0x0000000083800000, 0x0000000083900000, 0x0000000083900000|100%| O|  |TAMS 0x0000000083800000| PB 0x0000000083800000| Untracked 
|   7|0x0000000083900000, 0x0000000083a00000, 0x0000000083a00000|100%| O|  |TAMS 0x0000000083900000| PB 0x0000000083900000| Untracked 
|   8|0x0000000083a00000, 0x0000000083b00000, 0x0000000083b00000|100%| O|  |TAMS 0x0000000083a00000| PB 0x0000000083a00000| Untracked 
|   9|0x0000000083b00000, 0x0000000083c00000, 0x0000000083c00000|100%| O|  |TAMS 0x0000000083b00000| PB 0x0000000083b00000| Untracked 
|  10|0x0000000083c00000, 0x0000000083d00000, 0x0000000083d00000|100%| O|  |TAMS 0x0000000083c00000| PB 0x0000000083c00000| Untracked 
|  11|0x0000000083d00000, 0x0000000083e00000, 0x0000000083e00000|100%| O|  |TAMS 0x0000000083d00000| PB 0x0000000083d00000| Untracked 
|  12|0x0000000083e00000, 0x0000000083f00000, 0x0000000083f00000|100%| O|  |TAMS 0x0000000083e00000| PB 0x0000000083e00000| Untracked 
|  13|0x0000000083f00000, 0x0000000084000000, 0x0000000084000000|100%| O|  |TAMS 0x0000000083f00000| PB 0x0000000083f00000| Untracked 
|  14|0x0000000084000000, 0x0000000084100000, 0x0000000084100000|100%| O|  |TAMS 0x0000000084000000| PB 0x0000000084000000| Untracked 
|  15|0x0000000084100000, 0x0000000084200000, 0x0000000084200000|100%| O|  |TAMS 0x0000000084100000| PB 0x0000000084100000| Untracked 
|  16|0x0000000084200000, 0x0000000084300000, 0x0000000084300000|100%| O|  |TAMS 0x0000000084200000| PB 0x0000000084200000| Untracked 
|  17|0x0000000084300000, 0x0000000084400000, 0x0000000084400000|100%| O|  |TAMS 0x0000000084300000| PB 0x0000000084300000| Untracked 
|  18|0x0000000084400000, 0x0000000084500000, 0x0000000084500000|100%| O|  |TAMS 0x0000000084400000| PB 0x0000000084400000| Untracked 
|  19|0x0000000084500000, 0x0000000084600000, 0x0000000084600000|100%| O|  |TAMS 0x0000000084500000| PB 0x0000000084500000| Untracked 
|  20|0x0000000084600000, 0x0000000084700000, 0x0000000084700000|100%| O|  |TAMS 0x0000000084600000| PB 0x0000000084600000| Untracked 
|  21|0x0000000084700000, 0x0000000084800000, 0x0000000084800000|100%| O|  |TAMS 0x0000000084700000| PB 0x0000000084700000| Untracked 
|  22|0x0000000084800000, 0x0000000084900000, 0x0000000084900000|100%| O|  |TAMS 0x0000000084800000| PB 0x0000000084800000| Untracked 
|  23|0x0000000084900000, 0x0000000084a00000, 0x0000000084a00000|100%| O|  |TAMS 0x0000000084900000| PB 0x0000000084900000| Untracked 
|  24|0x0000000084a00000, 0x0000000084b00000, 0x0000000084b00000|100%| O|  |TAMS 0x0000000084a00000| PB 0x0000000084a00000| Untracked 
|  25|0x0000000084b00000, 0x0000000084c00000, 0x0000000084c00000|100%| O|  |TAMS 0x0000000084b00000| PB 0x0000000084b00000| Untracked 
|  26|0x0000000084c00000, 0x0000000084d00000, 0x0000000084d00000|100%| O|  |TAMS 0x0000000084c00000| PB 0x0000000084c00000| Untracked 
|  27|0x0000000084d00000, 0x0000000084e00000, 0x0000000084e00000|100%| O|  |TAMS 0x0000000084d00000| PB 0x0000000084d00000| Untracked 
|  28|0x0000000084e00000, 0x0000000084e9db38, 0x0000000084f00000| 61%| O|  |TAMS 0x0000000084e00000| PB 0x0000000084e00000| Untracked 
|  29|0x0000000084f00000, 0x0000000084f00000, 0x0000000085000000|  0%| F|  |TAMS 0x0000000084f00000| PB 0x0000000084f00000| Untracked 
|  30|0x0000000085000000, 0x0000000085000000, 0x0000000085100000|  0%| F|  |TAMS 0x0000000085000000| PB 0x0000000085000000| Untracked 
|  31|0x0000000085100000, 0x0000000085100000, 0x0000000085200000|  0%| F|  |TAMS 0x0000000085100000| PB 0x0000000085100000| Untracked 
|  32|0x0000000085200000, 0x0000000085200000, 0x0000000085300000|  0%| F|  |TAMS 0x0000000085200000| PB 0x0000000085200000| Untracked 
|  33|0x0000000085300000, 0x0000000085300000, 0x0000000085400000|  0%| F|  |TAMS 0x0000000085300000| PB 0x0000000085300000| Untracked 
|  34|0x0000000085400000, 0x000000008549b5a0, 0x0000000085500000| 60%| S|CS|TAMS 0x0000000085400000| PB 0x0000000085400000| Complete 
|  35|0x0000000085500000, 0x0000000085600000, 0x0000000085600000|100%| S|CS|TAMS 0x0000000085500000| PB 0x0000000085500000| Complete 
|  36|0x0000000085600000, 0x0000000085700000, 0x0000000085700000|100%| S|CS|TAMS 0x0000000085600000| PB 0x0000000085600000| Complete 
|  37|0x0000000085700000, 0x0000000085800000, 0x0000000085800000|100%| S|CS|TAMS 0x0000000085700000| PB 0x0000000085700000| Complete 
|  38|0x0000000085800000, 0x0000000085800000, 0x0000000085900000|  0%| F|  |TAMS 0x0000000085800000| PB 0x0000000085800000| Untracked 
|  39|0x0000000085900000, 0x0000000085900000, 0x0000000085a00000|  0%| F|  |TAMS 0x0000000085900000| PB 0x0000000085900000| Untracked 
|  40|0x0000000085a00000, 0x0000000085a00000, 0x0000000085b00000|  0%| F|  |TAMS 0x0000000085a00000| PB 0x0000000085a00000| Untracked 
|  41|0x0000000085b00000, 0x0000000085b00000, 0x0000000085c00000|  0%| F|  |TAMS 0x0000000085b00000| PB 0x0000000085b00000| Untracked 
|  42|0x0000000085c00000, 0x0000000085c00000, 0x0000000085d00000|  0%| F|  |TAMS 0x0000000085c00000| PB 0x0000000085c00000| Untracked 
|  43|0x0000000085d00000, 0x0000000085d00000, 0x0000000085e00000|  0%| F|  |TAMS 0x0000000085d00000| PB 0x0000000085d00000| Untracked 
|  44|0x0000000085e00000, 0x0000000085e00000, 0x0000000085f00000|  0%| F|  |TAMS 0x0000000085e00000| PB 0x0000000085e00000| Untracked 
|  45|0x0000000085f00000, 0x0000000085f00000, 0x0000000086000000|  0%| F|  |TAMS 0x0000000085f00000| PB 0x0000000085f00000| Untracked 
|  46|0x0000000086000000, 0x0000000086079df0, 0x0000000086100000| 47%| E|  |TAMS 0x0000000086000000| PB 0x0000000086000000| Complete 
|  47|0x0000000086100000, 0x0000000086200000, 0x0000000086200000|100%| E|CS|TAMS 0x0000000086100000| PB 0x0000000086100000| Complete 
|  48|0x0000000086200000, 0x0000000086300000, 0x0000000086300000|100%| E|CS|TAMS 0x0000000086200000| PB 0x0000000086200000| Complete 
|  49|0x0000000086300000, 0x0000000086400000, 0x0000000086400000|100%| E|CS|TAMS 0x0000000086300000| PB 0x0000000086300000| Complete 
|  50|0x0000000086400000, 0x0000000086500000, 0x0000000086500000|100%| E|CS|TAMS 0x0000000086400000| PB 0x0000000086400000| Complete 
|  51|0x0000000086500000, 0x0000000086600000, 0x0000000086600000|100%| E|CS|TAMS 0x0000000086500000| PB 0x0000000086500000| Complete 
|  52|0x0000000086600000, 0x0000000086700000, 0x0000000086700000|100%| E|CS|TAMS 0x0000000086600000| PB 0x0000000086600000| Complete 
|  53|0x0000000086700000, 0x0000000086800000, 0x0000000086800000|100%| E|CS|TAMS 0x0000000086700000| PB 0x0000000086700000| Complete 
|  54|0x0000000086800000, 0x0000000086900000, 0x0000000086900000|100%| E|CS|TAMS 0x0000000086800000| PB 0x0000000086800000| Complete 
|  55|0x0000000086900000, 0x0000000086a00000, 0x0000000086a00000|100%| E|CS|TAMS 0x0000000086900000| PB 0x0000000086900000| Complete 
|  56|0x0000000086a00000, 0x0000000086b00000, 0x0000000086b00000|100%| E|CS|TAMS 0x0000000086a00000| PB 0x0000000086a00000| Complete 
|  57|0x0000000086b00000, 0x0000000086c00000, 0x0000000086c00000|100%| E|CS|TAMS 0x0000000086b00000| PB 0x0000000086b00000| Complete 
|  58|0x0000000086c00000, 0x0000000086d00000, 0x0000000086d00000|100%| E|CS|TAMS 0x0000000086c00000| PB 0x0000000086c00000| Complete 
|  59|0x0000000086d00000, 0x0000000086e00000, 0x0000000086e00000|100%| E|CS|TAMS 0x0000000086d00000| PB 0x0000000086d00000| Complete 
|  60|0x0000000086e00000, 0x0000000086f00000, 0x0000000086f00000|100%| E|CS|TAMS 0x0000000086e00000| PB 0x0000000086e00000| Complete 
|  61|0x0000000086f00000, 0x0000000087000000, 0x0000000087000000|100%| E|CS|TAMS 0x0000000086f00000| PB 0x0000000086f00000| Complete 
|  62|0x0000000087000000, 0x0000000087100000, 0x0000000087100000|100%| E|CS|TAMS 0x0000000087000000| PB 0x0000000087000000| Complete 
|  63|0x0000000087100000, 0x0000000087200000, 0x0000000087200000|100%| E|CS|TAMS 0x0000000087100000| PB 0x0000000087100000| Complete 
|  64|0x0000000087200000, 0x0000000087300000, 0x0000000087300000|100%| E|CS|TAMS 0x0000000087200000| PB 0x0000000087200000| Complete 
|  65|0x0000000087300000, 0x0000000087400000, 0x0000000087400000|100%| E|CS|TAMS 0x0000000087300000| PB 0x0000000087300000| Complete 
|  66|0x0000000087400000, 0x0000000087500000, 0x0000000087500000|100%| E|CS|TAMS 0x0000000087400000| PB 0x0000000087400000| Complete 
|  67|0x0000000087500000, 0x0000000087600000, 0x0000000087600000|100%| E|CS|TAMS 0x0000000087500000| PB 0x0000000087500000| Complete 
|  68|0x0000000087600000, 0x0000000087700000, 0x0000000087700000|100%| E|CS|TAMS 0x0000000087600000| PB 0x0000000087600000| Complete 
|  69|0x0000000087700000, 0x0000000087800000, 0x0000000087800000|100%| E|CS|TAMS 0x0000000087700000| PB 0x0000000087700000| Complete 
|  70|0x0000000087800000, 0x0000000087900000, 0x0000000087900000|100%| E|CS|TAMS 0x0000000087800000| PB 0x0000000087800000| Complete 
|  86|0x0000000088800000, 0x0000000088900000, 0x0000000088900000|100%| E|CS|TAMS 0x0000000088800000| PB 0x0000000088800000| Complete 
|  87|0x0000000088900000, 0x0000000088a00000, 0x0000000088a00000|100%| E|CS|TAMS 0x0000000088900000| PB 0x0000000088900000| Complete 
|  88|0x0000000088a00000, 0x0000000088b00000, 0x0000000088b00000|100%| E|  |TAMS 0x0000000088a00000| PB 0x0000000088a00000| Complete 
|  89|0x0000000088b00000, 0x0000000088c00000, 0x0000000088c00000|100%| E|CS|TAMS 0x0000000088b00000| PB 0x0000000088b00000| Complete 
|  90|0x0000000088c00000, 0x0000000088d00000, 0x0000000088d00000|100%| E|CS|TAMS 0x0000000088c00000| PB 0x0000000088c00000| Complete 
| 124|0x000000008ae00000, 0x000000008af00000, 0x000000008af00000|100%| E|CS|TAMS 0x000000008ae00000| PB 0x000000008ae00000| Complete 
| 125|0x000000008af00000, 0x000000008b000000, 0x000000008b000000|100%| E|CS|TAMS 0x000000008af00000| PB 0x000000008af00000| Complete 

Card table byte_map: [0x000001d337ed0000,0x000001d3382c0000] _byte_map_base: 0x000001d337ab7000

Marking Bits: (CMBitMap*) 0x000001d31e295280
 Bits: [0x000001d3382c0000, 0x000001d33a1f8000)

Polling page: 0x000001d31e2e0000

Metaspace:

Usage:
  Non-class:     49.16 MB used.
      Class:      7.44 MB used.
       Both:     56.60 MB used.

Virtual space:
  Non-class space:       64.00 MB reserved,      49.50 MB ( 77%) committed,  1 nodes.
      Class space:        1.00 GB reserved,       7.75 MB ( <1%) committed,  1 nodes.
             Both:        1.06 GB reserved,      57.25 MB (  5%) committed. 

Chunk freelists:
   Non-Class:  14.19 MB
       Class:  8.30 MB
        Both:  22.48 MB

MaxMetaspaceSize: unlimited
CompressedClassSpaceSize: 1.00 GB
Initial GC threshold: 21.00 MB
Current GC threshold: 59.19 MB
CDS: on
 - commit_granule_bytes: 65536.
 - commit_granule_words: 8192.
 - virtual_space_node_default_size: 8388608.
 - enlarge_chunks_in_place: 1.
 - use_allocation_guard: 0.


Internal statistics:

num_allocs_failed_limit: 6.
num_arena_births: 916.
num_arena_deaths: 0.
num_vsnodes_births: 2.
num_vsnodes_deaths: 0.
num_space_committed: 916.
num_space_uncommitted: 0.
num_chunks_returned_to_freelist: 6.
num_chunks_taken_from_freelist: 2943.
num_chunk_merges: 6.
num_chunk_splits: 2082.
num_chunks_enlarged: 1562.
num_inconsistent_stats: 0.

CodeHeap 'non-profiled nmethods': size=120000Kb used=3957Kb max_used=3957Kb free=116042Kb
 bounds [0x000001d32fb20000, 0x000001d32ff00000, 0x000001d337050000]
CodeHeap 'profiled nmethods': size=120000Kb used=12426Kb max_used=12426Kb free=107573Kb
 bounds [0x000001d328050000, 0x000001d328c80000, 0x000001d32f580000]
CodeHeap 'non-nmethods': size=5760Kb used=1709Kb max_used=1749Kb free=4051Kb
 bounds [0x000001d32f580000, 0x000001d32f7f0000, 0x000001d32fb20000]
CodeCache: size=245760Kb, used=18092Kb, max_used=18132Kb, free=227666Kb
 total_blobs=6433, nmethods=5787, adapters=549, full_count=0
Compilation: enabled, stopped_count=0, restarted_count=0

Compilation events (20 events):
Event: 7.916 Thread 0x000001d33cd0be20 6145       3       java.util.regex.Pattern$1MatcherIterator::hasNext (227 bytes)
Event: 7.917 Thread 0x000001d33cd0be20 nmethod 6145 0x000001d328c6a810 code [0x000001d328c6ab60, 0x000001d328c6bf18]
Event: 7.943 Thread 0x000001d33cd0be20 6149       3       java.lang.reflect.Modifier::isFinal (13 bytes)
Event: 7.943 Thread 0x000001d33cd0be20 nmethod 6149 0x000001d328c6c490 code [0x000001d328c6c620, 0x000001d328c6c760]
Event: 7.943 Thread 0x000001d33cd0be20 6151       3       java.lang.invoke.MethodHandles$Lookup::checkField (58 bytes)
Event: 7.944 Thread 0x000001d33cd0be20 nmethod 6151 0x000001d328c6c810 code [0x000001d328c6ca00, 0x000001d328c6cea0]
Event: 7.944 Thread 0x000001d33cd0be20 6150       1       java.lang.reflect.Field::getRoot (5 bytes)
Event: 7.944 Thread 0x000001d33cd0be20 nmethod 6150 0x000001d32fefcb90 code [0x000001d32fefcd20, 0x000001d32fefcde8]
Event: 7.946 Thread 0x000001d33cd0be20 6152       2       java.util.TreeMap::colorOf (13 bytes)
Event: 7.946 Thread 0x000001d33cd0be20 nmethod 6152 0x000001d328c6d090 code [0x000001d328c6d220, 0x000001d328c6d328]
Event: 7.960 Thread 0x000001d33cd0be20 6153   !   3       java.lang.Class::desiredAssertionStatus (54 bytes)
Event: 7.960 Thread 0x000001d33cd0be20 nmethod 6153 0x000001d328c6d410 code [0x000001d328c6d620, 0x000001d328c6db90]
Event: 7.961 Thread 0x000001d33cd0be20 6154       1       org.hibernate.type.descriptor.java.AbstractClassJavaType::getJavaType (5 bytes)
Event: 7.962 Thread 0x000001d33cd0be20 nmethod 6154 0x000001d32fefce90 code [0x000001d32fefd020, 0x000001d32fefd0e8]
Event: 7.998 Thread 0x000001d33cd0be20 6155       3       java.lang.Class::getConstructor0 (83 bytes)
Event: 7.999 Thread 0x000001d33cd0be20 nmethod 6155 0x000001d328c6dd90 code [0x000001d328c6e020, 0x000001d328c6eab8]
Event: 8.042 Thread 0x000001d33cd0be20 6156       3       org.jboss.logging.Slf4jLocationAwareLogger::isEnabled (114 bytes)
Event: 8.042 Thread 0x000001d33cd0be20 nmethod 6156 0x000001d328c6f010 code [0x000001d328c6f2c0, 0x000001d328c6fc28]
Event: 8.841 Thread 0x000001d33cd0be20 6158   !   3       java.net.Socket$SocketInputStream::read (56 bytes)
Event: 9.057 Thread 0x000001d33cd0be20 nmethod 6158 0x000001d328c70010 code [0x000001d328c70240, 0x000001d328c70928]

GC Heap History (20 events):
Event: 2.701 GC heap before
{Heap before GC invocations=4 (full 0):
 garbage-first heap   total 55296K, used 42372K [0x0000000083200000, 0x0000000100000000)
  region size 1024K, 32 young (32768K), 5 survivors (5120K)
 Metaspace       used 25837K, committed 26240K, reserved 1114112K
  class space    used 3162K, committed 3328K, reserved 1048576K
}
Event: 2.708 GC heap after
{Heap after GC invocations=5 (full 0):
 garbage-first heap   total 55296K, used 19065K [0x0000000083200000, 0x0000000100000000)
  region size 1024K, 4 young (4096K), 4 survivors (4096K)
 Metaspace       used 25837K, committed 26240K, reserved 1114112K
  class space    used 3162K, committed 3328K, reserved 1048576K
}
Event: 3.259 GC heap before
{Heap before GC invocations=5 (full 0):
 garbage-first heap   total 55296K, used 40569K [0x0000000083200000, 0x0000000100000000)
  region size 1024K, 25 young (25600K), 4 survivors (4096K)
 Metaspace       used 26875K, committed 27264K, reserved 1114112K
  class space    used 3294K, committed 3456K, reserved 1048576K
}
Event: 3.265 GC heap after
{Heap after GC invocations=6 (full 0):
 garbage-first heap   total 55296K, used 21032K [0x0000000083200000, 0x0000000100000000)
  region size 1024K, 3 young (3072K), 3 survivors (3072K)
 Metaspace       used 26875K, committed 27264K, reserved 1114112K
  class space    used 3294K, committed 3456K, reserved 1048576K
}
Event: 3.745 GC heap before
{Heap before GC invocations=6 (full 0):
 garbage-first heap   total 55296K, used 42536K [0x0000000083200000, 0x0000000100000000)
  region size 1024K, 24 young (24576K), 3 survivors (3072K)
 Metaspace       used 29992K, committed 30400K, reserved 1114112K
  class space    used 3688K, committed 3904K, reserved 1048576K
}
Event: 3.750 GC heap after
{Heap after GC invocations=7 (full 0):
 garbage-first heap   total 55296K, used 22687K [0x0000000083200000, 0x0000000100000000)
  region size 1024K, 2 young (2048K), 2 survivors (2048K)
 Metaspace       used 29992K, committed 30400K, reserved 1114112K
  class space    used 3688K, committed 3904K, reserved 1048576K
}
Event: 3.995 GC heap before
{Heap before GC invocations=7 (full 0):
 garbage-first heap   total 55296K, used 43167K [0x0000000083200000, 0x0000000100000000)
  region size 1024K, 23 young (23552K), 2 survivors (2048K)
 Metaspace       used 31758K, committed 32128K, reserved 1114112K
  class space    used 3975K, committed 4160K, reserved 1048576K
}
Event: 3.999 GC heap after
{Heap after GC invocations=8 (full 0):
 garbage-first heap   total 55296K, used 23410K [0x0000000083200000, 0x0000000100000000)
  region size 1024K, 1 young (1024K), 1 survivors (1024K)
 Metaspace       used 31758K, committed 32128K, reserved 1114112K
  class space    used 3975K, committed 4160K, reserved 1048576K
}
Event: 4.540 GC heap before
{Heap before GC invocations=8 (full 0):
 garbage-first heap   total 55296K, used 44914K [0x0000000083200000, 0x0000000100000000)
  region size 1024K, 23 young (23552K), 1 survivors (1024K)
 Metaspace       used 35008K, committed 35456K, reserved 1114112K
  class space    used 4516K, committed 4736K, reserved 1048576K
}
Event: 4.546 GC heap after
{Heap after GC invocations=9 (full 0):
 garbage-first heap   total 66560K, used 25194K [0x0000000083200000, 0x0000000100000000)
  region size 1024K, 3 young (3072K), 3 survivors (3072K)
 Metaspace       used 35008K, committed 35456K, reserved 1114112K
  class space    used 4516K, committed 4736K, reserved 1048576K
}
Event: 4.763 GC heap before
{Heap before GC invocations=9 (full 0):
 garbage-first heap   total 66560K, used 29290K [0x0000000083200000, 0x0000000100000000)
  region size 1024K, 9 young (9216K), 3 survivors (3072K)
 Metaspace       used 35848K, committed 36288K, reserved 1114112K
  class space    used 4652K, committed 4864K, reserved 1048576K
}
Event: 4.770 GC heap after
{Heap after GC invocations=10 (full 0):
 garbage-first heap   total 66560K, used 26234K [0x0000000083200000, 0x0000000100000000)
  region size 1024K, 4 young (4096K), 4 survivors (4096K)
 Metaspace       used 35848K, committed 36288K, reserved 1114112K
  class space    used 4652K, committed 4864K, reserved 1048576K
}
Event: 5.483 GC heap before
{Heap before GC invocations=11 (full 0):
 garbage-first heap   total 66560K, used 55930K [0x0000000083200000, 0x0000000100000000)
  region size 1024K, 33 young (33792K), 4 survivors (4096K)
 Metaspace       used 40185K, committed 40704K, reserved 1114112K
  class space    used 5217K, committed 5440K, reserved 1048576K
}
Event: 5.490 GC heap after
{Heap after GC invocations=12 (full 0):
 garbage-first heap   total 66560K, used 28169K [0x0000000083200000, 0x0000000100000000)
  region size 1024K, 5 young (5120K), 5 survivors (5120K)
 Metaspace       used 40185K, committed 40704K, reserved 1114112K
  class space    used 5217K, committed 5440K, reserved 1048576K
}
Event: 5.915 GC heap before
{Heap before GC invocations=12 (full 0):
 garbage-first heap   total 66560K, used 56841K [0x0000000083200000, 0x0000000100000000)
  region size 1024K, 33 young (33792K), 5 survivors (5120K)
 Metaspace       used 42976K, committed 43584K, reserved 1114112K
  class space    used 5548K, committed 5824K, reserved 1048576K
}
Event: 5.925 GC heap after
{Heap after GC invocations=13 (full 0):
 garbage-first heap   total 66560K, used 29199K [0x0000000083200000, 0x0000000100000000)
  region size 1024K, 4 young (4096K), 4 survivors (4096K)
 Metaspace       used 42976K, committed 43584K, reserved 1114112K
  class space    used 5548K, committed 5824K, reserved 1048576K
}
Event: 6.276 GC heap before
{Heap before GC invocations=13 (full 0):
 garbage-first heap   total 66560K, used 57871K [0x0000000083200000, 0x0000000100000000)
  region size 1024K, 32 young (32768K), 4 survivors (4096K)
 Metaspace       used 46282K, committed 46848K, reserved 1114112K
  class space    used 5907K, committed 6144K, reserved 1048576K
}
Event: 6.280 GC heap after
{Heap after GC invocations=14 (full 0):
 garbage-first heap   total 66560K, used 31420K [0x0000000083200000, 0x0000000100000000)
  region size 1024K, 4 young (4096K), 4 survivors (4096K)
 Metaspace       used 46282K, committed 46848K, reserved 1114112K
  class space    used 5907K, committed 6144K, reserved 1048576K
}
Event: 7.264 GC heap before
{Heap before GC invocations=14 (full 0):
 garbage-first heap   total 66560K, used 59068K [0x0000000083200000, 0x0000000100000000)
  region size 1024K, 31 young (31744K), 4 survivors (4096K)
 Metaspace       used 49337K, committed 49984K, reserved 1114112K
  class space    used 6307K, committed 6592K, reserved 1048576K
}
Event: 7.267 GC heap after
{Heap after GC invocations=15 (full 0):
 garbage-first heap   total 79872K, used 32996K [0x0000000083200000, 0x0000000100000000)
  region size 1024K, 4 young (4096K), 4 survivors (4096K)
 Metaspace       used 49337K, committed 49984K, reserved 1114112K
  class space    used 6307K, committed 6592K, reserved 1048576K
}

Dll operation events (11 events):
Event: 0.011 Loaded shared library C:\Users\javie\AppData\Roaming\Code\User\globalStorage\pleiades.java-extension-pack-jdk\java\21\bin\java.dll
Event: 0.036 Loaded shared library C:\Users\javie\AppData\Roaming\Code\User\globalStorage\pleiades.java-extension-pack-jdk\java\21\bin\jsvml.dll
Event: 0.253 Loaded shared library C:\Users\javie\AppData\Roaming\Code\User\globalStorage\pleiades.java-extension-pack-jdk\java\21\bin\jimage.dll
Event: 0.259 Loaded shared library C:\Users\javie\AppData\Roaming\Code\User\globalStorage\pleiades.java-extension-pack-jdk\java\21\bin\net.dll
Event: 0.260 Loaded shared library C:\Users\javie\AppData\Roaming\Code\User\globalStorage\pleiades.java-extension-pack-jdk\java\21\bin\nio.dll
Event: 0.262 Loaded shared library C:\Users\javie\AppData\Roaming\Code\User\globalStorage\pleiades.java-extension-pack-jdk\java\21\bin\zip.dll
Event: 0.348 Loaded shared library C:\Users\javie\AppData\Roaming\Code\User\globalStorage\pleiades.java-extension-pack-jdk\java\21\bin\management.dll
Event: 0.379 Loaded shared library C:\Users\javie\AppData\Roaming\Code\User\globalStorage\pleiades.java-extension-pack-jdk\java\21\bin\management_ext.dll
Event: 0.963 Loaded shared library C:\Users\javie\AppData\Roaming\Code\User\globalStorage\pleiades.java-extension-pack-jdk\java\21\bin\extnet.dll
Event: 2.456 Loaded shared library C:\Users\javie\AppData\Roaming\Code\User\globalStorage\pleiades.java-extension-pack-jdk\java\21\bin\sunmscapi.dll
Event: 7.663 Loaded shared library C:\Users\javie\AppData\Roaming\Code\User\globalStorage\pleiades.java-extension-pack-jdk\java\21\bin\verify.dll

Deoptimization events (20 events):
Event: 8.042 Thread 0x000001d31de1c950 DEOPT PACKING pc=0x000001d3281ad9fc sp=0x00000024b61fdae0
Event: 8.042 Thread 0x000001d31de1c950 DEOPT UNPACKING pc=0x000001d32f5d86e2 sp=0x00000024b61fd048 mode 1
Event: 8.042 Thread 0x000001d31de1c950 DEOPT PACKING pc=0x000001d3281ad9fc sp=0x00000024b61fdae0
Event: 8.042 Thread 0x000001d31de1c950 DEOPT UNPACKING pc=0x000001d32f5d86e2 sp=0x00000024b61fd048 mode 1
Event: 8.044 Thread 0x000001d31de1c950 DEOPT PACKING pc=0x000001d3282bf069 sp=0x00000024b61fc850
Event: 8.044 Thread 0x000001d31de1c950 DEOPT UNPACKING pc=0x000001d32f5d86e2 sp=0x00000024b61fbca8 mode 1
Event: 8.044 Thread 0x000001d31de1c950 DEOPT PACKING pc=0x000001d3282b5ce4 sp=0x00000024b61fc8e0
Event: 8.044 Thread 0x000001d31de1c950 DEOPT UNPACKING pc=0x000001d32f5d86e2 sp=0x00000024b61fbd88 mode 1
Event: 8.044 Thread 0x000001d31de1c950 DEOPT PACKING pc=0x000001d32fc9f4d0 sp=0x00000024b61fd320
Event: 8.044 Thread 0x000001d31de1c950 DEOPT UNPACKING pc=0x000001d32f5d86e2 sp=0x00000024b61fc730 mode 1
Event: 8.044 Thread 0x000001d31de1c950 DEOPT PACKING pc=0x000001d3282bf069 sp=0x00000024b61fc850
Event: 8.044 Thread 0x000001d31de1c950 DEOPT UNPACKING pc=0x000001d32f5d86e2 sp=0x00000024b61fbca8 mode 1
Event: 8.044 Thread 0x000001d31de1c950 DEOPT PACKING pc=0x000001d3282b5ce4 sp=0x00000024b61fc8e0
Event: 8.044 Thread 0x000001d31de1c950 DEOPT UNPACKING pc=0x000001d32f5d86e2 sp=0x00000024b61fbd88 mode 1
Event: 8.044 Thread 0x000001d31de1c950 DEOPT PACKING pc=0x000001d32fc9f4d0 sp=0x00000024b61fd320
Event: 8.044 Thread 0x000001d31de1c950 DEOPT UNPACKING pc=0x000001d32f5d86e2 sp=0x00000024b61fc730 mode 1
Event: 8.048 Thread 0x000001d31de1c950 DEOPT PACKING pc=0x000001d3281ad9fc sp=0x00000024b61fdb60
Event: 8.048 Thread 0x000001d31de1c950 DEOPT UNPACKING pc=0x000001d32f5d86e2 sp=0x00000024b61fd0c8 mode 1
Event: 8.048 Thread 0x000001d31de1c950 DEOPT PACKING pc=0x000001d3281ad9fc sp=0x00000024b61fdb60
Event: 8.048 Thread 0x000001d31de1c950 DEOPT UNPACKING pc=0x000001d32f5d86e2 sp=0x00000024b61fd0c8 mode 1

Classes loaded (20 events):
Event: 7.644 Loading class javax/xml/stream/events/ProcessingInstruction
Event: 7.644 Loading class javax/xml/stream/events/ProcessingInstruction done
Event: 7.644 Loading class javax/xml/stream/events/DTD
Event: 7.644 Loading class javax/xml/stream/events/DTD done
Event: 7.674 Loading class java/lang/Process
Event: 7.675 Loading class java/lang/Process done
Event: 7.689 Loading class java/lang/reflect/GenericSignatureFormatError
Event: 7.689 Loading class java/lang/reflect/GenericSignatureFormatError done
Event: 7.848 Loading class javax/naming/InvalidNameException
Event: 7.848 Loading class javax/naming/InvalidNameException done
Event: 7.848 Loading class javax/naming/event/NamingListener
Event: 7.849 Loading class javax/naming/event/NamingListener done
Event: 7.849 Loading class javax/naming/event/NamespaceChangeListener
Event: 7.850 Loading class javax/naming/event/NamespaceChangeListener done
Event: 7.915 Loading class java/util/regex/Pattern$1MatcherIterator
Event: 7.916 Loading class java/util/regex/Pattern$1MatcherIterator done
Event: 7.936 Loading class java/io/CharArrayWriter
Event: 7.936 Loading class java/io/CharArrayWriter done
Event: 7.941 Loading class jdk/internal/reflect/MethodHandleIntegerFieldAccessorImpl
Event: 7.942 Loading class jdk/internal/reflect/MethodHandleIntegerFieldAccessorImpl done

Classes unloaded (0 events):
No events

Classes redefined (0 events):
No events

Internal exceptions (20 events):
Event: 6.963 Thread 0x000001d37fa0ee10 Exception <a 'java/lang/ClassNotFoundException'{0x00000000860b8818}: org/springframework/context/support/LiveBeansView> (0x00000000860b8818) 
thrown [s\src\hotspot\share\classfile\systemDictionary.cpp, line 313]
Event: 6.963 Thread 0x000001d37fa0ee10 Exception <a 'java/lang/ClassNotFoundException'{0x00000000860b8be0}: org/springframework/context/support/LiveBeansView> (0x00000000860b8be0) 
thrown [s\src\hotspot\share\classfile\systemDictionary.cpp, line 313]
Event: 6.963 Thread 0x000001d37fa0ee10 Exception <a 'java/lang/ClassNotFoundException'{0x00000000860b8f90}: org/springframework/context/support/LiveBeansView> (0x00000000860b8f90) 
thrown [s\src\hotspot\share\classfile\systemDictionary.cpp, line 313]
Event: 6.963 Thread 0x000001d37fa0ee10 Exception <a 'java/lang/ClassNotFoundException'{0x00000000860b9358}: org/springframework/context/support/LiveBeansView> (0x00000000860b9358) 
thrown [s\src\hotspot\share\classfile\systemDictionary.cpp, line 313]
Event: 6.963 Thread 0x000001d37fa0ee10 Exception <a 'java/lang/ClassNotFoundException'{0x00000000860b9718}: org/springframework/context/support/LiveBeansView> (0x00000000860b9718) 
thrown [s\src\hotspot\share\classfile\systemDictionary.cpp, line 313]
Event: 6.963 Thread 0x000001d37fa0ee10 Exception <a 'java/lang/ClassNotFoundException'{0x00000000860b9ad0}: org/springframework/context/support/LiveBeansView> (0x00000000860b9ad0) 
thrown [s\src\hotspot\share\classfile\systemDictionary.cpp, line 313]
Event: 6.963 Thread 0x000001d37fa0ee10 Exception <a 'java/lang/ClassNotFoundException'{0x00000000860b9ea0}: org/springframework/context/support/LiveBeansView> (0x00000000860b9ea0) 
thrown [s\src\hotspot\share\classfile\systemDictionary.cpp, line 313]
Event: 6.964 Thread 0x000001d37fa0ee10 Exception <a 'java/lang/ClassNotFoundException'{0x00000000860ba268}: org/springframework/context/support/LiveBeansView> (0x00000000860ba268) 
thrown [s\src\hotspot\share\classfile\systemDictionary.cpp, line 313]
Event: 6.964 Thread 0x000001d37fa0ee10 Exception <a 'java/lang/ClassNotFoundException'{0x00000000860ba630}: org/springframework/context/support/LiveBeansView> (0x00000000860ba630) 
thrown [s\src\hotspot\share\classfile\systemDictionary.cpp, line 313]
Event: 6.964 Thread 0x000001d37fa0ee10 Exception <a 'java/lang/ClassNotFoundException'{0x00000000860ba9f8}: org/springframework/context/support/LiveBeansView> (0x00000000860ba9f8) 
thrown [s\src\hotspot\share\classfile\systemDictionary.cpp, line 313]
Event: 6.964 Thread 0x000001d37fa0ee10 Exception <a 'java/lang/ClassNotFoundException'{0x00000000860bada0}: org/springframework/context/support/LiveBeansView> (0x00000000860bada0) 
thrown [s\src\hotspot\share\classfile\systemDictionary.cpp, line 313]
Event: 6.964 Thread 0x000001d37fa0ee10 Exception <a 'java/lang/ClassNotFoundException'{0x00000000860bb160}: org/springframework/context/support/LiveBeansView> (0x00000000860bb160) 
thrown [s\src\hotspot\share\classfile\systemDictionary.cpp, line 313]
Event: 6.964 Thread 0x000001d37fa0ee10 Exception <a 'java/lang/ClassNotFoundException'{0x00000000860bb510}: org/springframework/context/support/LiveBeansView> (0x00000000860bb510) 
thrown [s\src\hotspot\share\classfile\systemDictionary.cpp, line 313]
Event: 6.977 Thread 0x000001d37fa0ee10 Exception <a 'java/lang/ClassNotFoundException'{0x0000000085d85e50}: org/springframework/context/support/LiveBeansView> (0x0000000085d85e50) 
thrown [s\src\hotspot\share\classfile\systemDictionary.cpp, line 313]
Event: 6.977 Thread 0x000001d37fa0ee10 Exception <a 'java/lang/ClassNotFoundException'{0x0000000085d86220}: org/springframework/context/support/LiveBeansView> (0x0000000085d86220) 
thrown [s\src\hotspot\share\classfile\systemDictionary.cpp, line 313]
Event: 6.977 Thread 0x000001d37fa0ee10 Exception <a 'java/lang/ClassNotFoundException'{0x0000000085d865d8}: org/springframework/context/support/LiveBeansView> (0x0000000085d865d8) 
thrown [s\src\hotspot\share\classfile\systemDictionary.cpp, line 313]
Event: 6.977 Thread 0x000001d37fa0ee10 Exception <a 'java/lang/ClassNotFoundException'{0x0000000085d86990}: org/springframework/context/support/LiveBeansView> (0x0000000085d86990) 
thrown [s\src\hotspot\share\classfile\systemDictionary.cpp, line 313]
Event: 7.242 Thread 0x000001d31de1c950 Exception <a 'java/lang/NoSuchMethodError'{0x00000000859b5760}: 'java.lang.Object java.lang.invoke.DirectMethodHandle$Holder.newInvokeSpecial(java.lang.Object, java.lang.Object, java.lang.Object, java.lang.Object, java.lang.Object, java.lang.Object, java.lang.Object, java.lang.Object, java.lang.Object, java.lang.Object, java.lang.Object)'> (0x00000000859b5760) 
thrown [s\src\hotspot\share\interpreter\linkResolver.cpp, line 773]
Event: 7.364 Thread 0x000001d31de1c950 Exception <a 'java/lang/NoSuchMethodError'{0x0000000088bdca18}: 'void java.lang.invoke.DelegatingMethodHandle$Holder.reinvoke_L(java.lang.Object, java.lang.Object, java.lang.Object, java.lang.Object, int, java.lang.Object, java.lang.Object, java.lang.Object)'> (0x0000000088bdca18) 
thrown [s\src\hotspot\share\interpreter\linkResolver.cpp, line 773]
Event: 7.942 Thread 0x000001d31de1c950 Exception <a 'java/lang/NoSuchMethodError'{0x000000008678c190}: 'int java.lang.invoke.Invokers$Holder.invokeExact_MT(java.lang.Object, java.lang.Object)'> (0x000000008678c190) 
thrown [s\src\hotspot\share\interpreter\linkResolver.cpp, line 773]

ZGC Phase Switch (0 events):
No events

VM Operations (20 events):
Event: 5.898 Executing non-safepoint VM operation: HandshakeAllThreads (Deoptimize)
Event: 5.898 Executing non-safepoint VM operation: HandshakeAllThreads (Deoptimize) done
Event: 5.899 Executing non-safepoint VM operation: HandshakeAllThreads (Deoptimize)
Event: 5.899 Executing non-safepoint VM operation: HandshakeAllThreads (Deoptimize) done
Event: 5.915 Executing safepoint VM operation: G1CollectForAllocation (G1 Evacuation Pause)
Event: 5.925 Executing safepoint VM operation: G1CollectForAllocation (G1 Evacuation Pause) done
Event: 6.011 Executing non-safepoint VM operation: HandshakeAllThreads (Deoptimize)
Event: 6.011 Executing non-safepoint VM operation: HandshakeAllThreads (Deoptimize) done
Event: 6.012 Executing non-safepoint VM operation: HandshakeAllThreads (Deoptimize)
Event: 6.012 Executing non-safepoint VM operation: HandshakeAllThreads (Deoptimize) done
Event: 6.047 Executing non-safepoint VM operation: HandshakeAllThreads (Deoptimize)
Event: 6.047 Executing non-safepoint VM operation: HandshakeAllThreads (Deoptimize) done
Event: 6.276 Executing safepoint VM operation: G1CollectForAllocation (G1 Evacuation Pause)
Event: 6.280 Executing safepoint VM operation: G1CollectForAllocation (G1 Evacuation Pause) done
Event: 7.263 Executing safepoint VM operation: G1CollectForAllocation (G1 Evacuation Pause)
Event: 7.267 Executing safepoint VM operation: G1CollectForAllocation (G1 Evacuation Pause) done
Event: 7.431 Executing non-safepoint VM operation: HandshakeAllThreads (Deoptimize)
Event: 7.431 Executing non-safepoint VM operation: HandshakeAllThreads (Deoptimize) done
Event: 8.435 Executing safepoint VM operation: Cleanup
Event: 8.435 Executing safepoint VM operation: Cleanup done

Memory protections (0 events):
No events

Nmethod flushes (20 events):
Event: 4.792 Thread 0x000001d33ccd2c40 flushing  nmethod 0x000001d328299c90
Event: 4.792 Thread 0x000001d33ccd2c40 flushing  nmethod 0x000001d32829a910
Event: 4.792 Thread 0x000001d33ccd2c40 flushing  nmethod 0x000001d32829b010
Event: 4.792 Thread 0x000001d33ccd2c40 flushing  nmethod 0x000001d32829bd10
Event: 4.792 Thread 0x000001d33ccd2c40 flushing  nmethod 0x000001d32829d190
Event: 4.792 Thread 0x000001d33ccd2c40 flushing  nmethod 0x000001d3282bfc10
Event: 4.792 Thread 0x000001d33ccd2c40 flushing  nmethod 0x000001d328348790
Event: 4.792 Thread 0x000001d33ccd2c40 flushing  nmethod 0x000001d328372010
Event: 4.792 Thread 0x000001d33ccd2c40 flushing  nmethod 0x000001d328373210
Event: 4.792 Thread 0x000001d33ccd2c40 flushing  nmethod 0x000001d328376f90
Event: 4.792 Thread 0x000001d33ccd2c40 flushing  nmethod 0x000001d328377390
Event: 4.792 Thread 0x000001d33ccd2c40 flushing  nmethod 0x000001d328379910
Event: 4.792 Thread 0x000001d33ccd2c40 flushing  nmethod 0x000001d328390190
Event: 4.792 Thread 0x000001d33ccd2c40 flushing  nmethod 0x000001d328390810
Event: 4.792 Thread 0x000001d33ccd2c40 flushing  nmethod 0x000001d328390c10
Event: 4.792 Thread 0x000001d33ccd2c40 flushing  nmethod 0x000001d328391e10
Event: 4.792 Thread 0x000001d33ccd2c40 flushing  nmethod 0x000001d3283a2d90
Event: 4.792 Thread 0x000001d33ccd2c40 flushing  nmethod 0x000001d3283f4790
Event: 4.792 Thread 0x000001d33ccd2c40 flushing  nmethod 0x000001d328494a10
Event: 4.792 Thread 0x000001d33ccd2c40 flushing  nmethod 0x000001d328496110

Events (20 events):
Event: 0.986 Thread 0x000001d31de1c950 Thread added: 0x000001d33ccfe8a0
Event: 1.025 Thread 0x000001d31de1c950 Thread added: 0x000001d33ccfef30
Event: 1.674 Thread 0x000001d31de1c950 Thread added: 0x000001d33ccff5c0
Event: 1.679 Thread 0x000001d33ccff5c0 Thread exited: 0x000001d33ccff5c0
Event: 1.752 Thread 0x000001d31de1c950 Thread added: 0x000001d33ccff5c0
Event: 2.122 Thread 0x000001d31de1c950 Thread added: 0x000001d37fa11c00
Event: 2.227 Thread 0x000001d37fa11c00 Thread exited: 0x000001d37fa11c00
Event: 2.462 Thread 0x000001d33ccff5c0 Thread exited: 0x000001d33ccff5c0
Event: 3.728 Thread 0x000001d33ccfe8a0 Thread added: 0x000001d37fa11570
Event: 3.753 Thread 0x000001d37fa11570 Thread added: 0x000001d37fa11c00
Event: 3.755 Thread 0x000001d33ccfdb80 Thread added: 0x000001d37fa0ee10
Event: 3.774 Thread 0x000001d37fa0ee10 Thread added: 0x000001d37fa0e780
Event: 6.052 Thread 0x000001d31de1c950 Thread added: 0x000001d37fa12920
Event: 6.053 Thread 0x000001d37fa12920 Thread added: 0x000001d37fa0f4a0
Event: 6.057 Thread 0x000001d31de1c950 Thread added: 0x000001d37fa12fb0
Event: 6.129 Thread 0x000001d31de1c950 Thread added: 0x000001d37fa0fb30
Event: 6.435 Thread 0x000001d31de1c950 Thread added: 0x000001d37fa15da0
Event: 6.574 Thread 0x000001d37fa15da0 Thread added: 0x000001d37fa13640
Event: 6.907 Thread 0x000001d37eb5f220 Thread exited: 0x000001d37eb5f220
Event: 6.917 Thread 0x000001d33cd0be20 Thread added: 0x000001d37eb5f220


Dynamic libraries:
0x00007ff7effa0000 - 0x00007ff7effae000 	C:\Users\javie\AppData\Roaming\Code\User\globalStorage\pleiades.java-extension-pack-jdk\java\21\bin\java.exe
0x00007ff92d3e0000 - 0x00007ff92d646000 	C:\WINDOWS\SYSTEM32\ntdll.dll
0x00007ff92c200000 - 0x00007ff92c2c9000 	C:\WINDOWS\System32\KERNEL32.DLL
0x00007ff92a730000 - 0x00007ff92ab2a000 	C:\WINDOWS\System32\KERNELBASE.dll
0x00007ff92ae90000 - 0x00007ff92afdc000 	C:\WINDOWS\System32\ucrtbase.dll
0x00007ff91f310000 - 0x00007ff91f328000 	C:\Users\javie\AppData\Roaming\Code\User\globalStorage\pleiades.java-extension-pack-jdk\java\21\bin\jli.dll
0x00007ff926f50000 - 0x00007ff926f6e000 	C:\Users\javie\AppData\Roaming\Code\User\globalStorage\pleiades.java-extension-pack-jdk\java\21\bin\VCRUNTIME140.dll
0x00007ff92d020000 - 0x00007ff92d1e7000 	C:\WINDOWS\System32\USER32.dll
0x00007ff9119d0000 - 0x00007ff911c62000 	C:\WINDOWS\WinSxS\amd64_microsoft.windows.common-controls_6595b64144ccf1df_6.0.26100.8521_none_3e08b75ce33403b3\COMCTL32.dll
0x00007ff92b070000 - 0x00007ff92b097000 	C:\WINDOWS\System32\win32u.dll
0x00007ff92c630000 - 0x00007ff92c6d9000 	C:\WINDOWS\System32\msvcrt.dll
0x00007ff92b410000 - 0x00007ff92b43b000 	C:\WINDOWS\System32\GDI32.dll
0x00007ff92ab30000 - 0x00007ff92ac5b000 	C:\WINDOWS\System32\gdi32full.dll
0x00007ff92ade0000 - 0x00007ff92ae83000 	C:\WINDOWS\System32\msvcp_win.dll
0x00007ff92b4b0000 - 0x00007ff92b4e2000 	C:\WINDOWS\System32\IMM32.DLL
0x00007ff926f40000 - 0x00007ff926f4c000 	C:\Users\javie\AppData\Roaming\Code\User\globalStorage\pleiades.java-extension-pack-jdk\java\21\bin\vcruntime140_1.dll
0x00007ff91f280000 - 0x00007ff91f30d000 	C:\Users\javie\AppData\Roaming\Code\User\globalStorage\pleiades.java-extension-pack-jdk\java\21\bin\msvcp140.dll
0x00007ff8a2f90000 - 0x00007ff8a3d32000 	C:\Users\javie\AppData\Roaming\Code\User\globalStorage\pleiades.java-extension-pack-jdk\java\21\bin\server\jvm.dll
0x00007ff92c390000 - 0x00007ff92c446000 	C:\WINDOWS\System32\ADVAPI32.dll
0x00007ff92b2b0000 - 0x00007ff92b35a000 	C:\WINDOWS\System32\sechost.dll
0x00007ff92d200000 - 0x00007ff92d318000 	C:\WINDOWS\System32\RPCRT4.dll
0x00007ff92b720000 - 0x00007ff92b7a0000 	C:\WINDOWS\System32\WS2_32.dll
0x00007ff92a4f0000 - 0x00007ff92a54e000 	C:\WINDOWS\SYSTEM32\POWRPROF.dll
0x00007ff91f1d0000 - 0x00007ff91f1db000 	C:\WINDOWS\SYSTEM32\VERSION.dll
0x00007ff91f6e0000 - 0x00007ff91f716000 	C:\WINDOWS\SYSTEM32\WINMM.dll
0x00007ff92a4d0000 - 0x00007ff92a4e4000 	C:\WINDOWS\SYSTEM32\UMPDC.dll
0x00007ff9293d0000 - 0x00007ff9293eb000 	C:\WINDOWS\SYSTEM32\kernel.appcore.dll
0x00007ff91e470000 - 0x00007ff91e47a000 	C:\Users\javie\AppData\Roaming\Code\User\globalStorage\pleiades.java-extension-pack-jdk\java\21\bin\jimage.dll
0x00007ff927d00000 - 0x00007ff927f42000 	C:\WINDOWS\SYSTEM32\DBGHELP.DLL
0x00007ff92cc90000 - 0x00007ff92d013000 	C:\WINDOWS\System32\combase.dll
0x00007ff92c550000 - 0x00007ff92c629000 	C:\WINDOWS\System32\OLEAUT32.dll
0x00007ff90ec00000 - 0x00007ff90ec3b000 	C:\WINDOWS\SYSTEM32\dbgcore.DLL
0x00007ff92b0a0000 - 0x00007ff92b148000 	C:\WINDOWS\System32\bcryptPrimitives.dll
0x00007ff9149f0000 - 0x00007ff914a2c000 	C:\Users\javie\AppData\Roaming\Code\User\globalStorage\pleiades.java-extension-pack-jdk\java\21\bin\jdwp.dll
0x00007ff91df90000 - 0x00007ff91dfb0000 	C:\Users\javie\AppData\Roaming\Code\User\globalStorage\pleiades.java-extension-pack-jdk\java\21\bin\java.dll
0x00007ff92ba10000 - 0x00007ff92c194000 	C:\WINDOWS\System32\SHELL32.dll
0x00007ff928050000 - 0x00007ff9288d0000 	C:\WINDOWS\SYSTEM32\windows.storage.dll
0x00007ff92c6f0000 - 0x00007ff92c7e6000 	C:\WINDOWS\System32\SHCORE.dll
0x00007ff92b440000 - 0x00007ff92b4a7000 	C:\WINDOWS\System32\shlwapi.dll
0x00007ff92a590000 - 0x00007ff92a5b9000 	C:\WINDOWS\SYSTEM32\profapi.dll
0x00007ff8f3c80000 - 0x00007ff8f3d57000 	C:\Users\javie\AppData\Roaming\Code\User\globalStorage\pleiades.java-extension-pack-jdk\java\21\bin\jsvml.dll
0x00007ff9149d0000 - 0x00007ff9149dc000 	C:\Users\javie\AppData\Roaming\Code\User\globalStorage\pleiades.java-extension-pack-jdk\java\21\bin\dt_socket.dll
0x00007ff928db0000 - 0x00007ff928de3000 	C:\WINDOWS\SYSTEM32\IPHLPAPI.DLL
0x00007ff929950000 - 0x00007ff9299bc000 	C:\WINDOWS\system32\mswsock.dll
0x00007ff928df0000 - 0x00007ff928f3a000 	C:\WINDOWS\SYSTEM32\DNSAPI.dll
0x00007ff929760000 - 0x00007ff92976d000 	C:\WINDOWS\SYSTEM32\DSPARSE.dll
0x00007ff92b360000 - 0x00007ff92b36a000 	C:\WINDOWS\System32\NSI.dll
0x0000000053050000 - 0x0000000053076000 	C:\Program Files\Bonjour\mdnsNSP.dll
0x00007ff91f5f0000 - 0x00007ff91f5fb000 	C:\Windows\System32\rasadhlp.dll
0x00007ff921200000 - 0x00007ff921286000 	C:\WINDOWS\System32\fwpuclnt.dll
0x00007ff9149c0000 - 0x00007ff9149d0000 	C:\Users\javie\AppData\Roaming\Code\User\globalStorage\pleiades.java-extension-pack-jdk\java\21\bin\net.dll
0x00007ff920a80000 - 0x00007ff920ba9000 	C:\WINDOWS\SYSTEM32\WINHTTP.dll
0x00007ff913800000 - 0x00007ff913816000 	C:\Users\javie\AppData\Roaming\Code\User\globalStorage\pleiades.java-extension-pack-jdk\java\21\bin\nio.dll
0x00007ff913310000 - 0x00007ff913328000 	C:\Users\javie\AppData\Roaming\Code\User\globalStorage\pleiades.java-extension-pack-jdk\java\21\bin\zip.dll
0x00007ff9137f0000 - 0x00007ff9137fa000 	C:\Users\javie\AppData\Roaming\Code\User\globalStorage\pleiades.java-extension-pack-jdk\java\21\bin\management.dll
0x00007ff9137d0000 - 0x00007ff9137dc000 	C:\Users\javie\AppData\Roaming\Code\User\globalStorage\pleiades.java-extension-pack-jdk\java\21\bin\management_ext.dll
0x00007ff92cc80000 - 0x00007ff92cc88000 	C:\WINDOWS\System32\PSAPI.DLL
0x00007ff8fdf20000 - 0x00007ff8fdf38000 	C:\WINDOWS\system32\napinsp.dll
0x00007ff8fdf00000 - 0x00007ff8fdf13000 	C:\WINDOWS\System32\winrnr.dll
0x00007ff8fdd10000 - 0x00007ff8fdd32000 	C:\WINDOWS\system32\nlansp_c.dll
0x00007ff8fdcf0000 - 0x00007ff8fdd06000 	C:\WINDOWS\system32\wshbth.dll
0x00007ff929c50000 - 0x00007ff929c6b000 	C:\WINDOWS\SYSTEM32\CRYPTSP.dll
0x00007ff929330000 - 0x00007ff929369000 	C:\WINDOWS\system32\rsaenh.dll
0x00007ff929a00000 - 0x00007ff929a33000 	C:\WINDOWS\SYSTEM32\USERENV.dll
0x00007ff92a560000 - 0x00007ff92a58a000 	C:\WINDOWS\SYSTEM32\bcrypt.dll
0x00007ff929c70000 - 0x00007ff929c7c000 	C:\WINDOWS\SYSTEM32\CRYPTBASE.dll
0x00007ff913300000 - 0x00007ff913309000 	C:\Users\javie\AppData\Roaming\Code\User\globalStorage\pleiades.java-extension-pack-jdk\java\21\bin\extnet.dll
0x00007ff9131f0000 - 0x00007ff9131fe000 	C:\Users\javie\AppData\Roaming\Code\User\globalStorage\pleiades.java-extension-pack-jdk\java\21\bin\sunmscapi.dll
0x00007ff92ac60000 - 0x00007ff92add8000 	C:\WINDOWS\System32\CRYPT32.dll
0x00007ff929e70000 - 0x00007ff929ea0000 	C:\WINDOWS\SYSTEM32\ncrypt.dll
0x00007ff929e20000 - 0x00007ff929e5f000 	C:\WINDOWS\SYSTEM32\NTASN1.dll
0x00007ff913270000 - 0x00007ff913280000 	C:\Users\javie\AppData\Roaming\Code\User\globalStorage\pleiades.java-extension-pack-jdk\java\21\bin\verify.dll

JVMTI agents:
jdwp path:C:\Users\javie\AppData\Roaming\Code\User\globalStorage\pleiades.java-extension-pack-jdk\java\21\bin\jdwp.dll, loaded, initialized, options:transport=dt_socket,server=n,suspend=y,address=localhost:55854

dbghelp: loaded successfully - version: 4.0.5 - missing functions: none
symbol engine: initialized successfully - sym options: 0x614 - pdb path: .;C:\Users\javie\AppData\Roaming\Code\User\globalStorage\pleiades.java-extension-pack-jdk\java\21\bin;C:\WINDOWS\SYSTEM32;C:\WINDOWS\WinSxS\amd64_microsoft.windows.common-controls_6595b64144ccf1df_6.0.26100.8521_none_3e08b75ce33403b3;C:\Users\javie\AppData\Roaming\Code\User\globalStorage\pleiades.java-extension-pack-jdk\java\21\bin\server;C:\Program Files\Bonjour

VM Arguments:
jvm_args: -agentlib:jdwp=transport=dt_socket,server=n,suspend=y,address=localhost:55854 -XX:+ShowCodeDetailsInExceptionMessages -Dspring.jmx.enabled=true -Dmanagement.endpoints.jmx.exposure.include=* -Dspring.application.admin.enabled=true -Dspring.boot.project.name=TurnoHospital -Djava.rmi.server.hostname=localhost -Dcom.sun.management.jmxremote.port=10010 -Dcom.sun.management.jmxremote.authenticate=false -Dcom.sun.management.jmxremote.ssl=false 
java_command: com.example.TurnoHospital.TurnoHospitalApplication
java_class_path (initial): C:\Users\javie\Downloads\Hospital-Microservicios-master-1\TurnoHospital\target\classes;C:\Users\javie\.m2\repository\org\springframework\boot\spring-boot-starter-actuator\3.2.0\spring-boot-starter-actuator-3.2.0.jar;C:\Users\javie\.m2\repository\org\springframework\boot\spring-boot-starter\3.2.0\spring-boot-starter-3.2.0.jar;C:\Users\javie\.m2\repository\org\springframework\boot\spring-boot\3.2.0\spring-boot-3.2.0.jar;C:\Users\javie\.m2\repository\org\springframework\boot\spring-boot-autoconfigure\3.2.0\spring-boot-autoconfigure-3.2.0.jar;C:\Users\javie\.m2\repository\org\springframework\boot\spring-boot-starter-logging\3.2.0\spring-boot-starter-logging-3.2.0.jar;C:\Users\javie\.m2\repository\ch\qos\logback\logback-classic\1.4.11\logback-classic-1.4.11.jar;C:\Users\javie\.m2\repository\ch\qos\logback\logback-core\1.4.11\logback-core-1.4.11.jar;C:\Users\javie\.m2\repository\org\apache\logging\log4j\log4j-to-slf4j\2.21.1\log4j-to-slf4j-2.21.1.jar;C:\Users\javie\.m2\repository\org\apache\logging\log4j\log4j-api\2.21.1\log4j-api-2.21.1.jar;C:\Users\javie\.m2\repository\org\slf4j\jul-to-slf4j\2.0.9\jul-to-slf4j-2.0.9.jar;C:\Users\javie\.m2\repository\jakarta\annotation\jakarta.annotation-api\2.1.1\jakarta.annotation-api-2.1.1.jar;C:\Users\javie\.m2\repository\org\yaml\snakeyaml\2.2\snakeyaml-2.2.jar;C:\Users\javie\.m2\repository\org\springframework\boot\spring-boot-actuator-autoconfigure\3.2.0\spring-boot-actuator-autoconfigure-3.2.0.jar;C:\Users\javie\.m2\repository\org\springframework\boot\spring-boot-actuator\3.2.0\spring-boot-actuator-3.2.0.jar;C:\Users\javie\.m2\repository\com\fasterxml\jackson\core\jackson-databind\2.15.3\jackson-databind-2.15.3.jar;C:\Users\javie\.m2\repository\com\fasterxml\jackson\datatype\jackson-datatype-jsr310\2.15.3\jackson-datatype-jsr310-2.15.3.jar;C:\Users\javie\.m2\repository\io\micrometer\micrometer-observation\1.12.0\micrometer-observation-1.12.0.jar;C:\Users\javie\.m2\repository\io\micrometer\micrometer-commons\1.12.0\micrometer-commons-1.12.0.jar;C:\Users\javie\.m2\repository\io\micrometer\micrometer-jakarta9\1.12.0\micrometer-jakarta9-1.12.0.jar;C:\Users\javie\.m2\repository\io\micrometer\micrometer-core\1.12.0\micrometer-core-1.12.0.jar;C:\Users\javie\.m2\repository\org\hdrhistogram\HdrHistogram\2.1.12\HdrHistogram-2.1.12.jar;C:\Users\javie\.m2\repository\org\latencyutils\LatencyUtils\2.0.3\LatencyUtils-2.0.3.jar;C:\Users\javie\.m2\repository\org\springframework\boot\spring-boot-starter-data-jpa\3.2.0\spring-boot-starter-data-jpa-3.2.0.jar;C:\Users\javie\.m2\repository\org\springframework\boot\spring-boot-starter-aop\3.2.0\spring-boot-starter-aop-3.2.0.jar;C:\Users\javie\.m2\repository\org\aspectj\aspectjweaver\1.9.20.1\aspectjweaver-1.9.20.1.jar;C:\Users\javie\.m2\repository\org\springframework\boot\spring-boot-starter-jdbc\3.2.0\spring-boot-starter-jdbc-3.2.0.jar;C:\Users\javie\.m2\repository\com\zaxxer\HikariCP\5.0.1\HikariCP-5.0.1.jar;C:\Users\javie\.m2\repository\org\springframework\spring-jdbc\6.1.1\spring-jdbc-6.1.1.jar;C:\Users\javie\.m2\repository\org\hibernate\orm\hibernate-core\6.3.1.Final\hibernate-core-6.3.1.Final.jar;C:\Users\javie\.m2\repository\jakarta\persistence\jakarta.persistence-api\3.1.0\jakarta.persistence-api-3.1.0.jar;C:\Users\javie\.m2\repository\jakarta\transaction\jakarta.transaction-api\2.0.1\jakarta.transaction-api-2.0.1.jar;C:\Users\javie\.m2\repository\org\jboss\logging\jboss-logging\3.5.3.Final\jboss-logging-3.5.3.Final.jar;C:\Users\javie\.m2\repository\org\hibernate\common\hibernate-commons-annotations\6.0.6.Final\hibernate-commons-annotations-6.0.6.Final.jar;C:\Users\javie\.m2\repository\io\smallrye\jandex\3.1.2\jandex-3.1.2.jar;C:\Users\javie\.m2\repository\com\fasterxml\classmate\1.6.0\classmate-1.6.0.jar;C:\Users\javie\.m2\repository\net\bytebuddy\byte-buddy\1.14.10\byte-buddy-1.14.10.jar;C:\Users\javie\.m2\repository\org\glassfish\jaxb\jaxb-runtime\4.0.4\jaxb-runtime-4.0.4.jar;C:\Users\javie\.m2\repository\org\glassfish\jaxb\jaxb-core\4.0.4\jaxb-core-4.0.4.jar;C:\Users\javie\.m2\repository\org\eclipse\angus\angus-activation\2.0.1\angus-activation-2.0.1.jar;C:\Users\javie\.m2\repository\org\glassfish\jaxb\txw2\4.0.4\txw2-4.0.4.jar;C:\Users\javie\.m2\repository\com\sun\istack\istack-commons-runtime\4.1.2\istack-commons-runtime-4.1.2.jar;C:\Users\javie\.m2\repository\jakarta\inject\jakarta.inject-api\2.0.1\jakarta.inject-api-2.0.1.jar;C:\Users\javie\.m2\repository\org\antlr\antlr4-runtime\4.10.1\antlr4-runtime-4.10.1.jar;C:\Users\javie\.m2\repository\org\springframework\data\spring-data-jpa\3.2.0\spring-data-jpa-3.2.0.jar;C:\Users\javie\.m2\repository\org\springframework\data\spring-data-commons\3.2.0\spring-data-commons-3.2.0.jar;C:\Users\javie\.m2\repository\org\springframework\spring-orm\6.1.1\spring-orm-6.1.1.jar;C:\Users\javie\.m2\repository\org\springframework\spring-context\6.1.1\spring-context-6.1.1.jar;C:\Users\javie\.m2\repository\org\springframework\spring-tx\6.1.1\spring-tx-6.1.1.jar;C:\Users\javie\.m2\repository\org\springframework\spring-beans\6.1.1\spring-beans-6.1.1.jar;C:\Users\javie\.m2\repository\org\slf4j\slf4j-api\2.0.9\slf4j-api-2.0.9.jar;C:\Users\javie\.m2\repository\org\springframework\spring-aspects\6.1.1\spring-aspects-6.1.1.jar;C:\Users\javie\.m2\repository\org\springframework\boot\spring-boot-starter-security\3.2.0\spring-boot-starter-security-3.2.0.jar;C:\Users\javie\.m2\repository\org\springframework\spring-aop\6.1.1\spring-aop-6.1.1.jar;C:\Users\javie\.m2\repository\org\springframework\security\spring-security-config\6.2.0\spring-security-config-6.2.0.jar;C:\Users\javie\.m2\repository\org\springframework\security\spring-security-web\6.2.0\spring-security-web-6.2.0.jar;C:\Users\javie\.m2\repository\org\springframework\spring-expression\6.1.1\spring-expression-6.1.1.jar;C:\Users\javie\.m2\repository\org\springframework\boot\spring-boot-starter-validation\3.2.0\spring-boot-starter-validation-3.2.0.jar;C:\Users\javie\.m2\repository\org\apache\tomcat\embed\tomcat-embed-el\10.1.16\tomcat-embed-el-10.1.16.jar;C:\Users\javie\.m2\repository\org\hibernate\validator\hibernate-validator\8.0.1.Final\hibernate-validator-8.0.1.Final.jar;C:\Users\javie\.m2\repository\jakarta\validation\jakarta.validation-api\3.0.2\jakarta.validation-api-3.0.2.jar;C:\Users\javie\.m2\repository\org\springframework\boot\spring-boot-starter-web\3.2.0\spring-boot-starter-web-3.2.0.jar;C:\Users\javie\.m2\repository\org\springframework\boot\spring-boot-starter-json\3.2.0\spring-boot-starter-json-3.2.0.jar;C:\Users\javie\.m2\repository\com\fasterxml\jackson\datatype\jackson-datatype-jdk8\2.15.3\jackson-datatype-jdk8-2.15.3.jar;C:\Users\javie\.m2\repository\com\fasterxml\jackson\module\jackson-module-parameter-names\2.15.3\jackson-module-parameter-names-2.15.3.jar;C:\Users\javie\.m2\repository\org\springframework\boot\spring-boot-starter-tomcat\3.2.0\spring-boot-starter-tomcat-3.2.0.jar;C:\Users\javie\.m2\repository\org\apache\tomcat\embed\tomcat-embed-core\10.1.16\tomcat-embed-core-10.1.16.jar;C:\Users\javie\.m2\repository\org\apache\tomcat\embed\tomcat-embed-websocket\10.1.16\tomcat-embed-websocket-10.1.16.jar;C:\Users\javie\.m2\repository\org\springframework\spring-web\6.1.1\spring-web-6.1.1.jar;C:\Users\javie\.m2\repository\org\springframework\spring-webmvc\6.1.1\spring-webmvc-6.1.1.jar;C:\Users\javie\.m2\repository\org\flywaydb\flyway-core\9.22.3\flyway-core-9.22.3.jar;C:\Users\javie\.m2\repository\com\fasterxml\jackson\dataformat\jackson-dataformat-toml\2.15.3\jackson-dataformat-toml-2.15.3.jar;C:\Users\javie\.m2\repository\com\fasterxml\jackson\core\jackson-core\2.15.3\jackson-core-2.15.3.jar;C:\Users\javie\.m2\repository\com\google\code\gson\gson\2.10.1\gson-2.10.1.jar;C:\Users\javie\.m2\repository\org\flywaydb\flyway-mysql\9.22.3\flyway-mysql-9.22.3.jar;C:\Users\javie\.m2\repository\com\mysql\mysql-connector-j\8.1.0\mysql-connector-j-8.1.0.jar;C:\Users\javie\.m2\repository\org\projectlombok\lombok\1.18.42\lombok-1.18.42.jar;C:\Users\javie\.m2\repository\org\springframework\cloud\spring-cloud-starter-netflix-eureka-client\4.1.1\spring-cloud-starter-netflix-eureka-client-4.1.1.jar;C:\Users\javie\.m2\repository\org\springframework\cloud\spring-cloud-starter\4.1.2\spring-cloud-starter-4.1.2.jar;C:\Users\javie\.m2\repository\org\springframework\cloud\spring-cloud-context\4.1.2\spring-cloud-context-4.1.2.jar;C:\Users\javie\.m2\repository\org\springframework\cloud\spring-cloud-commons\4.1.2\spring-cloud-commons-4.1.2.jar;C:\Users\javie\.m2\repository\org\springframework\security\spring-security-rsa\1.1.2\spring-security-rsa-1.1.2.jar;C:\Users\javie\.m2\repository\org\bouncycastle\bcprov-jdk18on\1.77\bcprov-jdk18on-1.77.jar;C:\Users\javie\.m2\repository\org\springframework\cloud\spring-cloud-netflix-eureka-client\4.1.1\spring-cloud-netflix-eureka-client-4.1.1.jar;C:\Users\javie\.m2\repository\org\apache\httpcomponents\client5\httpclient5\5.2.1\httpclient5-5.2.1.jar;C:\Users\javie\.m2\repository\org\apache\httpcomponents\core5\httpcore5\5.2.3\httpcore5-5.2.3.jar;C:\Users\javie\.m2\repository\org\apache\httpcomponents\core5\httpcore5-h2\5.2.3\httpcore5-h2-5.2.3.jar;C:\Users\javie\.m2\repository\com\netflix\eureka\eureka-client\2.0.2\eureka-client-2.0.2.jar;C:\Users\javie\.m2\repository\com\netflix\netflix-commons\netflix-eventbus\0.3.0\netflix-eventbus-0.3.0.jar;C:\Users\javie\.m2\repository\com\netflix\netflix-commons\netflix-infix\0.3.0\netflix-infix-0.3.0.jar;C:\Users\javie\.m2\repository\commons-jxpath\commons-jxpath\1.3\commons-jxpath-1.3.jar;C:\Users\javie\.m2\repository\joda-time\joda-time\2.3\joda-time-2.3.jar;C:\Users\javie\.m2\repository\org\antlr\antlr-runtime\3.4\antlr-runtime-3.4.jar;C:\Users\javie\.m2\repository\org\antlr\stringtemplate\3.2.1\stringtemplate-3.2.1.jar;C:\Users\javie\.m2\repository\antlr\antlr\2.7.7\antlr-2.7.7.jar;C:\Users\javie\.m2\repository\org\apache\commons\commons-math\2.2\commons-math-2.2.jar;C:\Users\javie\.m2\repository\com\thoughtworks\xstream\xstream\1.4.19\xstream-1.4.19.jar;C:\Users\javie\.m2\repository\io\github\x-stream\mxparser\1.2.2\mxparser-1.2.2.jar;C:\Users\javie\.m2\repository\xmlpull\xmlpull\1.1.3.1\xmlpull-1.1.3.1.jar;C:\Users\javie\.m2\repository\jakarta\ws\rs\jakarta.ws.rs-api\3.1.0\jakarta.ws.rs-api-3.1.0.jar;C:\Users\javie\.m2\repository\com\netflix\servo\servo-core\0.12.21\servo-core-0.12.21.jar;C:\Users\javie\.m2\repository\com\google\guava\guava\19.0\guava-19.0.jar;C:\Users\javie\.m2\repository\org\apache\httpcomponents\httpclient\4.5.3\httpclient-4.5.3.jar;C:\Users\javie\.m2\repository\org\apache\httpcomponents\httpcore\4.4.16\httpcore-4.4.16.jar;C:\Users\javie\.m2\repository\commons-codec\commons-codec\1.16.0\commons-codec-1.16.0.jar;C:\Users\javie\.m2\repository\commons-configuration\commons-configuration\1.10\commons-configuration-1.10.jar;C:\Users\javie\.m2\repository\commons-lang\commons-lang\2.6\commons-lang-2.6.jar;C:\Users\javie\.m2\repository\com\fasterxml\jackson\core\jackson-annotations\2.15.3\jackson-annotations-2.15.3.jar;C:\Users\javie\.m2\repository\org\codehaus\jettison\jettison\1.5.4\jettison-1.5.4.jar;C:\Users\javie\.m2\repository\com\netflix\eureka\eureka-core\2.0.2\eureka-core-2.0.2.jar;C:\Users\javie\.m2\repository\com\fasterxml\woodstox\woodstox-core\6.2.1\woodstox-core-6.2.1.jar;C:\Users\javie\.m2\repository\org\codehaus\woodstox\stax2-api\4.2.1\stax2-api-4.2.1.jar;C:\Users\javie\.m2\repository\org\springframework\cloud\spring-cloud-starter-loadbalancer\4.1.2\spring-cloud-starter-loadbalancer-4.1.2.jar;C:\Users\javie\.m2\repository\org\springframework\cloud\spring-cloud-loadbalancer\4.1.2\spring-cloud-loadbalancer-4.1.2.jar;C:\Users\javie\.m2\repository\io\projectreactor\reactor-core\3.6.0\reactor-core-3.6.0.jar;C:\Users\javie\.m2\repository\org\reactivestreams\reactive-streams\1.0.4\reactive-streams-1.0.4.jar;C:\Users\javie\.m2\repository\io\projectreactor\addons\reactor-extra\3.5.1\reactor-extra-3.5.1.jar;C:\Users\javie\.m2\repository\org\springframework\boot\spring-boot-starter-cache\3.2.0\spring-boot-starter-cache-3.2.0.jar;C:\Users\javie\.m2\repository\org\springframework\spring-context-support\6.1.1\spring-context-support-6.1.1.jar;C:\Users\javie\.m2\repository\com\stoyanr\evictor\1.0.0\evictor-1.0.0.jar;C:\Users\javie\.m2\repository\org\springdoc\springdoc-openapi-starter-webmvc-ui\2.3.0\springdoc-openapi-starter-webmvc-ui-2.3.0.jar;C:\Users\javie\.m2\repository\org\springdoc\springdoc-openapi-starter-webmvc-api\2.3.0\springdoc-openapi-starter-webmvc-api-2.3.0.jar;C:\Users\javie\.m2\repository\org\springdoc\springdoc-openapi-starter-common\2.3.0\springdoc-openapi-starter-common-2.3.0.jar;C:\Users\javie\.m2\repository\io\swagger\core\v3\swagger-core-jakarta\2.2.19\swagger-core-jakarta-2.2.19.jar;C:\Users\javie\.m2\repository\org\apache\commons\commons-lang3\3.13.0\commons-lang3-3.13.0.jar;C:\Users\javie\.m2\repository\io\swagger\core\v3\swagger-annotations-jakarta\2.2.19\swagger-annotations-jakarta-2.2.19.jar;C:\Users\javie\.m2\repository\io\swagger\core\v3\swagger-models-jakarta\2.2.19\swagger-models-jakarta-2.2.19.jar;C:\Users\javie\.m2\repository\com\fasterxml\jackson\dataformat\jackson-dataformat-yaml\2.15.3\jackson-dataformat-yaml-2.15.3.jar;C:\Users\javie\.m2\repository\org\webjars\swagger-ui\5.10.3\swagger-ui-5.10.3.jar;C:\Users\javie\.m2\repository\jakarta\xml\bind\jakarta.xml.bind-api\4.0.1\jakarta.xml.bind-api-4.0.1.jar;C:\Users\javie\.m2\repository\jakarta\activation\jakarta.activation-api\2.1.2\jakarta.activation-api-2.1.2.jar;C:\Users\javie\.m2\repository\org\springframework\spring-core\6.1.1\spring-core-6.1.1.jar;C:\Users\javie\.m2\repository\org\springframework\spring-jcl\6.1.1\spring-jcl-6.1.1.jar;C:\Users\javie\.m2\repository\org\springframework\security\spring-security-core\6.2.0\spring-security-core-6.2.0.jar;C:\Users\javie\.m2\repository\org\springframework\security\spring-security-crypto\6.2.0\spring-security-crypto-6.2.0.jar
Launcher Type: SUN_STANDARD

[Global flags]
     intx CICompilerCount                          = 4                                         {product} {ergonomic}
     uint ConcGCThreads                            = 2                                         {product} {ergonomic}
     uint G1ConcRefinementThreads                  = 8                                         {product} {ergonomic}
   size_t G1HeapRegionSize                         = 1048576                                   {product} {ergonomic}
    uintx GCDrainStackTargetSize                   = 64                                        {product} {ergonomic}
   size_t InitialHeapSize                          = 132120576                                 {product} {ergonomic}
     bool ManagementServer                         = true                                      {product} {command line}
   size_t MarkStackSize                            = 4194304                                   {product} {ergonomic}
   size_t MaxHeapSize                              = 2095054848                                {product} {ergonomic}
   size_t MaxNewSize                               = 1256194048                                {product} {ergonomic}
   size_t MinHeapDeltaBytes                        = 1048576                                   {product} {ergonomic}
   size_t MinHeapSize                              = 8388608                                   {product} {ergonomic}
    uintx NonNMethodCodeHeapSize                   = 5839372                                {pd product} {ergonomic}
    uintx NonProfiledCodeHeapSize                  = 122909434                              {pd product} {ergonomic}
    uintx ProfiledCodeHeapSize                     = 122909434                              {pd product} {ergonomic}
    uintx ReservedCodeCacheSize                    = 251658240                              {pd product} {ergonomic}
     bool SegmentedCodeCache                       = true                                      {product} {ergonomic}
     bool ShowCodeDetailsInExceptionMessages       = true                                   {manageable} {command line}
   size_t SoftMaxHeapSize                          = 2095054848                             {manageable} {ergonomic}
     bool UseCompressedOops                        = true                           {product lp64_product} {ergonomic}
     bool UseG1GC                                  = true                                      {product} {ergonomic}
     bool UseLargePagesIndividualAllocation        = false                                  {pd product} {ergonomic}

Logging:
Log output configuration:
 #0: stdout all=warning uptime,level,tags foldmultilines=false
 #1: stderr all=off uptime,level,tags foldmultilines=false

Release file:
IMPLEMENTOR="Eclipse Adoptium" 
IMPLEMENTOR_VERSION="Temurin-21.0.11+10" 
JAVA_RUNTIME_VERSION="21.0.11+10-LTS" 
JAVA_VERSION="21.0.11" 
JAVA_VERSION_DATE="2026-04-21" 
LIBC="default" 
MODULES="java.base java.compiler java.datatransfer java.xml java.prefs java.desktop java.instrument java.logging java.management java.security.sasl java.naming java.rmi java.management.rmi java.net.http java.scripting java.security.jgss java.transaction.xa java.sql java.sql.rowset java.xml.crypto java.se java.smartcardio jdk.accessibility jdk.internal.jvmstat jdk.attach jdk.charsets jdk.internal.opt jdk.zipfs jdk.compiler jdk.crypto.ec jdk.crypto.cryptoki jdk.crypto.mscapi jdk.dynalink jdk.internal.ed jdk.editpad jdk.hotspot.agent jdk.httpserver jdk.incubator.vector jdk.internal.le jdk.internal.vm.ci jdk.internal.vm.compiler jdk.internal.vm.compiler.management jdk.jartool jdk.javadoc jdk.jcmd jdk.management jdk.management.agent jdk.jconsole jdk.jdeps jdk.jdwp.agent jdk.jdi jdk.jfr jdk.jlink jdk.jpackage jdk.jshell jdk.jsobject jdk.jstatd jdk.localedata jdk.management.jfr jdk.naming.dns jdk.naming.rmi jdk.net jdk.nio.mapmode jdk.random jdk.sctp jdk.security.auth jdk.security.jgss jdk.unsupported jdk.unsupported.desktop jdk.xml.dom" 
OS_ARCH="x86_64" 
OS_NAME="Windows" 
SOURCE=".:git:254494ad7d75" 
BUILD_SOURCE="git:a612825ee82a20ac872d60958c349854c1f29a8e"
BUILD_SOURCE_REPO="https://github.com/adoptium/temurin-build.git"
SOURCE_REPO="https://github.com/adoptium/jdk21u.git"
FULL_VERSION="21.0.11+10-LTS"
SEMANTIC_VERSION="21.0.11+10"
BUILD_INFO="OS: Windows Server 2022 Version: 10.0"
JVM_VARIANT="Hotspot"
JVM_VERSION="21.0.11+10-LTS"
IMAGE_TYPE="JDK"

Environment Variables:
JAVA_HOME=C:\Program Files\Java\jdk-25
PATH=C:\Users\javie\AppData\Roaming\Code\User\globalStorage\pleiades.java-extension-pack-jdk\gradle\latest\bin;C:\Users\javie\AppData\Roaming\Code\User\globalStorage\pleiades.java-extension-pack-jdk\maven\latest\bin;C:\Program Files\Java\jdk-25\bin;C:\Python314\Scripts\;C:\Python314\;C:\Program Files\Common Files\Oracle\Java\javapath;C:\WINDOWS\system32;C:\WINDOWS;C:\WINDOWS\System32\Wbem;C:\WINDOWS\System32\WindowsPowerShell\v1.0\;C:\WINDOWS\System32\OpenSSH\;C:\Program Files\dotnet\;C:\Program Files\Git\cmd;C:\Program Files\nodejs\;C:\ProgramData\chocolatey\bin;C:\Users\javie\AppData\Local\Programs\Python\Python313\Scripts\;C:\Users\javie\AppData\Local\Programs\Python\Python313\;C:\Users\javie\Downloads\sonarqube-25.5.0.107428\sonar-scanner-7.1.0.4889\bin;C:\Users\javie\AppData\Local\Programs\Microsoft VS Code\bin;;C:\Users\javie\AppData\Local\Programs\DockerDesktop\resources\bin;C:\Users\javie\AppData\Roaming\npm;c:\Users\javie\.vscode\extensions\vscjava.vscode-java-debug-0.59.0\bundled\scripts\noConfigScripts
USERNAME=javie
LANG=es_ES.UTF-8
OS=Windows_NT
PROCESSOR_IDENTIFIER=Intel64 Family 6 Model 140 Stepping 1, GenuineIntel
TMP=C:\Users\javie\AppData\Local\Temp
TEMP=C:\Users\javie\AppData\Local\Temp




Periodic native trim disabled

---------------  S Y S T E M  ---------------

OS:
 Windows 11 , 64 bit Build 26100 (10.0.26100.8521)
OS uptime: 2 days 5:30 hours
Hyper-V role detected

CPU: total 8 (initial active 8) (4 cores per cpu, 2 threads per core) family 6 model 140 stepping 1 microcode 0x86, cx8, cmov, fxsr, ht, mmx, 3dnowpref, sse, sse2, sse3, ssse3, sse4.1, sse4.2, popcnt, lzcnt, tsc, tscinvbit, avx, avx2, aes, erms, clmul, bmi1, bmi2, adx, avx512f, avx512dq, avx512cd, avx512bw, avx512vl, sha, fma, vzeroupper, avx512_vpopcntdq, avx512_vpclmulqdq, avx512_vaes, avx512_vnni, clflush, clflushopt, clwb, avx512_vbmi2, avx512_vbmi, hv, rdtscp, rdpid, fsrm, gfni, avx512_bitalg, f16c, cet_ibt, cet_ss, avx512_ifma
Processor Information for the first 8 processors :
  Max Mhz: 2419, Current Mhz: 2419, Mhz Limit: 2419

Memory: 4k page, system-wide physical 7987M (521M free)
TotalPageFile size 24371M (AvailPageFile size 12M)
current process WorkingSet (physical memory assigned to process): 317M, peak: 322M
current process commit charge ("private bytes"): 356M, peak: 358M

vm_info: OpenJDK 64-Bit Server VM (21.0.11+10-LTS) for windows-amd64 JRE (21.0.11+10-LTS), built on 2026-04-21T00:00:00Z by "admin" with MS VC++ 17.12 (VS2022)

END.
