#
# There is insufficient memory for the Java Runtime Environment to continue.
# Native memory allocation (malloc) failed to allocate 2270592 bytes. Error detail: Chunk::new
# Possible reasons:
#   The system is out of physical RAM or swap space
#   This process is running with CompressedOops enabled, and the Java Heap may be blocking the growth of the native heap
# Possible solutions:
#   Reduce memory load on the system
#   Increase physical memory or swap space
#   Check if swap backing store is full
#   Decrease Java heap size (-Xmx/-Xms)
#   Decrease number of Java threads
#   Decrease Java thread stack sizes (-Xss)
#   Set larger code cache with -XX:ReservedCodeCacheSize=
#   JVM is running with Unscaled Compressed Oops mode in which the Java heap is
#     placed in the first 4GB address space. The Java Heap base address is the
#     maximum limit for the native heap growth. Please use -XX:HeapBaseMinAddress
#     to set the Java Heap base and to place the Java Heap above 4GB virtual address.
# This output file may be truncated or incomplete.
#
#  Out of Memory Error (arena.cpp:168), pid=22112, tid=18336
#
# JRE version: OpenJDK Runtime Environment Temurin-21.0.11+10 (21.0.11+10) (build 21.0.11+10-LTS)
# Java VM: OpenJDK 64-Bit Server VM Temurin-21.0.11+10 (21.0.11+10-LTS, mixed mode, sharing, tiered, compressed oops, compressed class ptrs, g1 gc, windows-amd64)
# No core dump will be written. Minidumps are not enabled by default on client versions of Windows
#

---------------  S U M M A R Y ------------

Command Line: -agentlib:jdwp=transport=dt_socket,server=n,suspend=y,address=localhost:55997 -XX:+ShowCodeDetailsInExceptionMessages -Dspring.jmx.enabled=true -Dmanagement.endpoints.jmx.exposure.include=* -Dspring.application.admin.enabled=true -Dspring.boot.project.name=TurnoHospital -Djava.rmi.server.hostname=localhost -Dcom.sun.management.jmxremote.port=10009 -Dcom.sun.management.jmxremote.authenticate=false -Dcom.sun.management.jmxremote.ssl=false com.example.TurnoHospital.TurnoHospitalApplication

Host: 11th Gen Intel(R) Core(TM) i5-1135G7 @ 2.40GHz, 8 cores, 7G,  Windows 11 , 64 bit Build 26100 (10.0.26100.8521)
Time: Sun Jun 28 23:06:01 2026 Hora est. Sudam廨ica Pac璗ico elapsed time: 22.193017 seconds (0d 0h 0m 22s)

---------------  T H R E A D  ---------------

Current thread (0x000001133c311420):  JavaThread "C2 CompilerThread0" daemon [_thread_in_native, id=18336, stack(0x0000000cb1c00000,0x0000000cb1d00000) (1024K)]


Current CompileTask:
C2:22193 7068       4       org.springframework.aop.aspectj.AspectJExpressionPointcut::matches (74 bytes)

Stack: [0x0000000cb1c00000,0x0000000cb1d00000]
Native frames: (J=compiled Java code, j=interpreted, Vv=VM code, C=native code)
V  [jvm.dll+0x6d7e19]
V  [jvm.dll+0x8b5096]
V  [jvm.dll+0x8b764e]
V  [jvm.dll+0x8b7d33]
V  [jvm.dll+0x284596]
V  [jvm.dll+0xc685d]
V  [jvm.dll+0xc6da1]
V  [jvm.dll+0x3bed6b]
V  [jvm.dll+0x38b2b2]
V  [jvm.dll+0x38a6fa]
V  [jvm.dll+0x24c700]
V  [jvm.dll+0x24bce0]
V  [jvm.dll+0x1cb4ae]
V  [jvm.dll+0x25baad]
V  [jvm.dll+0x25a03a]
V  [jvm.dll+0x3f868e]
V  [jvm.dll+0x85fb0d]
V  [jvm.dll+0x6d664d]
C  [ucrtbase.dll+0x2cd30]
C  [KERNEL32.DLL+0x2e957]
C  [ntdll.dll+0x87c1c]


---------------  P R O C E S S  ---------------

Threads class SMR info:
_java_thread_list=0x0000011304747e20, length=26, elements={
0x000001131f733e30, 0x000001133c2fc790, 0x000001133c2fd1f0, 0x000001133c302580,
0x000001133c3039e0, 0x000001133c30e360, 0x000001133c310330, 0x000001133c311420,
0x000001133c315d10, 0x000001133c5f6ef0, 0x000001133c63f060, 0x000001133c63f6e0,
0x000001133c58b190, 0x000001133c58b800, 0x000001137e4f14c0, 0x000001137e6a9f60,
0x000001137e88e020, 0x000001137ed14f00, 0x000001137e9b8720, 0x000001137e929c00,
0x000001137e762840, 0x000001137ed2bae0, 0x000001137ed2c800, 0x000001137ed2ce90,
0x000001137ed2dbb0, 0x000001137ed2c170
}

Java Threads: ( => current thread )
  0x000001131f733e30 JavaThread "main"                              [_thread_in_Java, id=16140, stack(0x0000000cb0e00000,0x0000000cb0f00000) (1024K)]
  0x000001133c2fc790 JavaThread "Reference Handler"          daemon [_thread_blocked, id=26404, stack(0x0000000cb1600000,0x0000000cb1700000) (1024K)]
  0x000001133c2fd1f0 JavaThread "Finalizer"                  daemon [_thread_blocked, id=9060, stack(0x0000000cb1700000,0x0000000cb1800000) (1024K)]
  0x000001133c302580 JavaThread "Signal Dispatcher"          daemon [_thread_blocked, id=25172, stack(0x0000000cb1800000,0x0000000cb1900000) (1024K)]
  0x000001133c3039e0 JavaThread "Attach Listener"            daemon [_thread_blocked, id=24988, stack(0x0000000cb1900000,0x0000000cb1a00000) (1024K)]
  0x000001133c30e360 JavaThread "Service Thread"             daemon [_thread_blocked, id=18168, stack(0x0000000cb1a00000,0x0000000cb1b00000) (1024K)]
  0x000001133c310330 JavaThread "Monitor Deflation Thread"   daemon [_thread_blocked, id=20916, stack(0x0000000cb1b00000,0x0000000cb1c00000) (1024K)]
=>0x000001133c311420 JavaThread "C2 CompilerThread0"         daemon [_thread_in_native, id=18336, stack(0x0000000cb1c00000,0x0000000cb1d00000) (1024K)]
  0x000001133c315d10 JavaThread "C1 CompilerThread0"         daemon [_thread_blocked, id=5072, stack(0x0000000cb1d00000,0x0000000cb1e00000) (1024K)]
  0x000001133c5f6ef0 JavaThread "JDWP Transport Listener: dt_socket" daemon [_thread_blocked, id=13532, stack(0x0000000cb1e00000,0x0000000cb1f00000) (1024K)]
  0x000001133c63f060 JavaThread "JDWP Event Helper Thread"   daemon [_thread_blocked, id=8144, stack(0x0000000cb1f00000,0x0000000cb2000000) (1024K)]
  0x000001133c63f6e0 JavaThread "JDWP Command Reader"        daemon [_thread_in_native, id=14812, stack(0x0000000cb2000000,0x0000000cb2100000) (1024K)]
  0x000001133c58b190 JavaThread "Notification Thread"        daemon [_thread_blocked, id=14056, stack(0x0000000cb2100000,0x0000000cb2200000) (1024K)]
  0x000001133c58b800 JavaThread "Common-Cleaner"             daemon [_thread_blocked, id=20260, stack(0x0000000cb2200000,0x0000000cb2300000) (1024K)]
  0x000001137e4f14c0 JavaThread "RMI TCP Accept-0"           daemon [_thread_in_native, id=27112, stack(0x0000000cb2300000,0x0000000cb2400000) (1024K)]
  0x000001137e6a9f60 JavaThread "RMI TCP Accept-10009"       daemon [_thread_in_native, id=26580, stack(0x0000000cb2400000,0x0000000cb2500000) (1024K)]
  0x000001137e88e020 JavaThread "RMI TCP Accept-0"           daemon [_thread_in_native, id=11660, stack(0x0000000cb2500000,0x0000000cb2600000) (1024K)]
  0x000001137ed14f00 JavaThread "RMI TCP Connection(1)-127.0.0.1" daemon [_thread_in_native, id=7640, stack(0x0000000cb2d00000,0x0000000cb2e00000) (1024K)]
  0x000001137e9b8720 JavaThread "RMI Scheduler(0)"           daemon [_thread_blocked, id=22804, stack(0x0000000cb2e00000,0x0000000cb2f00000) (1024K)]
  0x000001137e929c00 JavaThread "RMI TCP Connection(2)-127.0.0.1" daemon [_thread_in_native, id=23312, stack(0x0000000cb2f00000,0x0000000cb3000000) (1024K)]
  0x000001137e762840 JavaThread "JMX server connection timeout 38" daemon [_thread_blocked, id=10596, stack(0x0000000cb3000000,0x0000000cb3100000) (1024K)]
  0x000001137ed2bae0 JavaThread "Catalina-utility-1"                [_thread_blocked, id=25856, stack(0x0000000cb3100000,0x0000000cb3200000) (1024K)]
  0x000001137ed2c800 JavaThread "Catalina-utility-2"                [_thread_blocked, id=10768, stack(0x0000000cb3300000,0x0000000cb3400000) (1024K)]
  0x000001137ed2ce90 JavaThread "container-0"                       [_thread_blocked, id=23928, stack(0x0000000cb3400000,0x0000000cb3500000) (1024K)]
  0x000001137ed2dbb0 JavaThread "mysql-cj-abandoned-connection-cleanup" daemon [_thread_blocked, id=25260, stack(0x0000000cb3600000,0x0000000cb3700000) (1024K)]
  0x000001137ed2c170 JavaThread "HikariPool-1 housekeeper"   daemon [_thread_blocked, id=27468, stack(0x0000000cb3800000,0x0000000cb3900000) (1024K)]
Total: 26

Other Threads:
  0x000001133c2d9b10 VMThread "VM Thread"                           [id=16352, stack(0x0000000cb1500000,0x0000000cb1600000) (1024K)]
  0x000001133c2c83c0 WatcherThread "VM Periodic Task Thread"        [id=6760, stack(0x0000000cb1400000,0x0000000cb1500000) (1024K)]
  0x000001131f794970 WorkerThread "GC Thread#0"                     [id=6604, stack(0x0000000cb0f00000,0x0000000cb1000000) (1024K)]
  0x000001137e8ca3d0 WorkerThread "GC Thread#1"                     [id=20284, stack(0x0000000cb2600000,0x0000000cb2700000) (1024K)]
  0x000001137e8ca780 WorkerThread "GC Thread#2"                     [id=6168, stack(0x0000000cb2700000,0x0000000cb2800000) (1024K)]
  0x000001137e9155d0 WorkerThread "GC Thread#3"                     [id=5216, stack(0x0000000cb2800000,0x0000000cb2900000) (1024K)]
  0x000001137e916190 WorkerThread "GC Thread#4"                     [id=10148, stack(0x0000000cb2900000,0x0000000cb2a00000) (1024K)]
  0x000001137e916940 WorkerThread "GC Thread#5"                     [id=11768, stack(0x0000000cb2a00000,0x0000000cb2b00000) (1024K)]
  0x000001137e91ed00 WorkerThread "GC Thread#6"                     [id=20928, stack(0x0000000cb2b00000,0x0000000cb2c00000) (1024K)]
  0x000001137e9234c0 WorkerThread "GC Thread#7"                     [id=17692, stack(0x0000000cb2c00000,0x0000000cb2d00000) (1024K)]
  0x000001131f7a5220 ConcurrentGCThread "G1 Main Marker"            [id=26436, stack(0x0000000cb1000000,0x0000000cb1100000) (1024K)]
  0x000001131f7a7ac0 WorkerThread "G1 Conc#0"                       [id=21340, stack(0x0000000cb1100000,0x0000000cb1200000) (1024K)]
  0x000001130521a010 WorkerThread "G1 Conc#1"                       [id=18084, stack(0x0000000cb3200000,0x0000000cb3300000) (1024K)]
  0x000001133c197420 ConcurrentGCThread "G1 Refine#0"               [id=18524, stack(0x0000000cb1200000,0x0000000cb1300000) (1024K)]
  0x000001133c19af40 ConcurrentGCThread "G1 Service"                [id=14136, stack(0x0000000cb1300000,0x0000000cb1400000) (1024K)]
Total: 15

Threads with active compile tasks:
C2 CompilerThread0  22225 7068       4       org.springframework.aop.aspectj.AspectJExpressionPointcut::matches (74 bytes)
Total: 1

VM state: not at safepoint (normal execution)

VM Mutex/Monitor currently owned by a thread: None

Heap address: 0x0000000083200000, size: 1998 MB, Compressed Oops mode: 32-bit

CDS archive(s) mapped at: [0x000001133d000000-0x000001133dc80000-0x000001133dc80000), size 13107200, SharedBaseAddress: 0x000001133d000000, ArchiveRelocationMode: 1.
Compressed class space mapped at: 0x000001133e000000-0x000001137e000000, reserved size: 1073741824
Narrow klass base: 0x000001133d000000, Narrow klass shift: 0, Narrow klass range: 0x100000000

GC Precious Log:
 CardTable entry size: 512
 Card Set container configuration: InlinePtr #cards 5 size 8 Array Of Cards #cards 12 size 40 Howl #buckets 4 coarsen threshold 1843 Howl Bitmap #cards 512 size 80 coarsen threshold 460 Card regions per heap region 1 cards per card region 2048
 CPUs: 8 total, 8 available
 Memory: 7987M
 Large Page Support: Disabled
 NUMA Support: Disabled
 Compressed Oops: Enabled (32-bit)
 Heap Region Size: 1M
 Heap Min Capacity: 8M
 Heap Initial Capacity: 126M
 Heap Max Capacity: 1998M
 Pre-touch: Disabled
 Parallel Workers: 8
 Concurrent Workers: 2
 Concurrent Refinement Workers: 8
 Periodic GC: Disabled

Heap:
 garbage-first heap   total 73728K, used 47419K [0x0000000083200000, 0x0000000100000000)
  region size 1024K, 11 young (11264K), 4 survivors (4096K)
 Metaspace       used 75986K, committed 76672K, reserved 1179648K
  class space    used 10299K, committed 10624K, reserved 1048576K

Heap Regions: E=young(eden), S=young(survivor), O=old, HS=humongous(starts), HC=humongous(continues), CS=collection set, F=free, TAMS=top-at-mark-start, PB=parsable bottom
|   0|0x0000000083200000, 0x0000000083300000, 0x0000000083300000|100%|HS|  |TAMS 0x0000000083200000| PB 0x0000000083200000| Complete 
|   1|0x0000000083300000, 0x0000000083400000, 0x0000000083400000|100%|HS|  |TAMS 0x0000000083300000| PB 0x0000000083300000| Complete 
|   2|0x0000000083400000, 0x0000000083500000, 0x0000000083500000|100%| O|  |TAMS 0x0000000083400000| PB 0x0000000083400000| Untracked 
|   3|0x0000000083500000, 0x0000000083600000, 0x0000000083600000|100%| O|  |TAMS 0x0000000083500000| PB 0x0000000083500000| Untracked 
|   4|0x0000000083600000, 0x0000000083700000, 0x0000000083700000|100%| O|  |TAMS 0x0000000083600000| PB 0x0000000083600000| Untracked 
|   5|0x0000000083700000, 0x0000000083800000, 0x0000000083800000|100%| O|  |TAMS 0x0000000083700000| PB 0x0000000083700000| Untracked 
|   6|0x0000000083800000, 0x0000000083900000, 0x0000000083900000|100%| O|  |TAMS 0x0000000083800000| PB 0x0000000083800000| Untracked 
|   7|0x0000000083900000, 0x0000000083a00000, 0x0000000083a00000|100%| O|  |TAMS 0x0000000083900000| PB 0x0000000083900000| Untracked 
|   8|0x0000000083a00000, 0x0000000083b00000, 0x0000000083b00000|100%| O|  |TAMS 0x0000000083a00000| PB 0x0000000083a00000| Untracked 
|   9|0x0000000083b00000, 0x0000000083c00000, 0x0000000083c00000|100%| O|  |TAMS 0x0000000083b00000| PB 0x0000000083b00000| Untracked 
|  10|0x0000000083c00000, 0x0000000083d00000, 0x0000000083d00000|100%| O|  |TAMS 0x0000000083c00000| PB 0x0000000083c00000| Untracked 
|  11|0x0000000083d00000, 0x0000000083e00000, 0x0000000083e00000|100%| O|  |TAMS 0x0000000083d00000| PB 0x0000000083d00000| Untracked 
|  12|0x0000000083e00000, 0x0000000083f00000, 0x0000000083f00000|100%| O|  |TAMS 0x0000000083e00000| PB 0x0000000083e00000| Untracked 
|  13|0x0000000083f00000, 0x0000000084000000, 0x0000000084000000|100%| O|  |TAMS 0x0000000083f00000| PB 0x0000000083f00000| Untracked 
|  14|0x0000000084000000, 0x0000000084100000, 0x0000000084100000|100%| O|  |TAMS 0x0000000084000000| PB 0x0000000084000000| Untracked 
|  15|0x0000000084100000, 0x0000000084200000, 0x0000000084200000|100%| O|  |TAMS 0x0000000084100000| PB 0x0000000084100000| Untracked 
|  16|0x0000000084200000, 0x0000000084300000, 0x0000000084300000|100%| O|  |TAMS 0x0000000084200000| PB 0x0000000084200000| Untracked 
|  17|0x0000000084300000, 0x0000000084400000, 0x0000000084400000|100%| O|  |TAMS 0x0000000084300000| PB 0x0000000084300000| Untracked 
|  18|0x0000000084400000, 0x0000000084500000, 0x0000000084500000|100%| O|  |TAMS 0x0000000084400000| PB 0x0000000084400000| Untracked 
|  19|0x0000000084500000, 0x0000000084600000, 0x0000000084600000|100%| O|  |TAMS 0x0000000084500000| PB 0x0000000084500000| Untracked 
|  20|0x0000000084600000, 0x0000000084700000, 0x0000000084700000|100%| O|  |TAMS 0x0000000084600000| PB 0x0000000084600000| Untracked 
|  21|0x0000000084700000, 0x0000000084700000, 0x0000000084800000|  0%| F|  |TAMS 0x0000000084700000| PB 0x0000000084700000| Untracked 
|  22|0x0000000084800000, 0x0000000084900000, 0x0000000084900000|100%| O|  |TAMS 0x0000000084800000| PB 0x0000000084800000| Untracked 
|  23|0x0000000084900000, 0x0000000084a00000, 0x0000000084a00000|100%| O|  |TAMS 0x0000000084900000| PB 0x0000000084900000| Untracked 
|  24|0x0000000084a00000, 0x0000000084b00000, 0x0000000084b00000|100%| O|  |TAMS 0x0000000084a00000| PB 0x0000000084a00000| Untracked 
|  25|0x0000000084b00000, 0x0000000084c00000, 0x0000000084c00000|100%| O|  |TAMS 0x0000000084b00000| PB 0x0000000084b00000| Untracked 
|  26|0x0000000084c00000, 0x0000000084d00000, 0x0000000084d00000|100%| O|  |TAMS 0x0000000084c00000| PB 0x0000000084c00000| Untracked 
|  27|0x0000000084d00000, 0x0000000084d00000, 0x0000000084e00000|  0%| F|  |TAMS 0x0000000084d00000| PB 0x0000000084d00000| Untracked 
|  28|0x0000000084e00000, 0x0000000084f00000, 0x0000000084f00000|100%| O|  |TAMS 0x0000000084e00000| PB 0x0000000084e00000| Untracked 
|  29|0x0000000084f00000, 0x0000000085000000, 0x0000000085000000|100%| O|  |TAMS 0x0000000084f00000| PB 0x0000000084f00000| Untracked 
|  30|0x0000000085000000, 0x0000000085100000, 0x0000000085100000|100%| O|  |TAMS 0x0000000085000000| PB 0x0000000085000000| Untracked 
|  31|0x0000000085100000, 0x0000000085200000, 0x0000000085200000|100%| O|  |TAMS 0x0000000085100000| PB 0x0000000085100000| Untracked 
|  32|0x0000000085200000, 0x0000000085300000, 0x0000000085300000|100%| O|  |TAMS 0x0000000085200000| PB 0x0000000085200000| Untracked 
|  33|0x0000000085300000, 0x0000000085400000, 0x0000000085400000|100%| O|  |TAMS 0x0000000085300000| PB 0x0000000085300000| Untracked 
|  34|0x0000000085400000, 0x0000000085500000, 0x0000000085500000|100%| O|  |TAMS 0x0000000085400000| PB 0x0000000085400000| Untracked 
|  35|0x0000000085500000, 0x0000000085600000, 0x0000000085600000|100%| O|  |TAMS 0x0000000085500000| PB 0x0000000085500000| Untracked 
|  36|0x0000000085600000, 0x0000000085700000, 0x0000000085700000|100%| O|  |TAMS 0x0000000085600000| PB 0x0000000085600000| Untracked 
|  37|0x0000000085700000, 0x0000000085800000, 0x0000000085800000|100%| O|  |TAMS 0x0000000085700000| PB 0x0000000085700000| Untracked 
|  38|0x0000000085800000, 0x0000000085900000, 0x0000000085900000|100%| O|  |TAMS 0x0000000085800000| PB 0x0000000085800000| Untracked 
|  39|0x0000000085900000, 0x0000000085a00000, 0x0000000085a00000|100%| S|CS|TAMS 0x0000000085900000| PB 0x0000000085900000| Complete 
|  40|0x0000000085a00000, 0x0000000085b00000, 0x0000000085b00000|100%| S|CS|TAMS 0x0000000085a00000| PB 0x0000000085a00000| Complete 
|  41|0x0000000085b00000, 0x0000000085b00000, 0x0000000085c00000|  0%| F|  |TAMS 0x0000000085b00000| PB 0x0000000085b00000| Untracked 
|  42|0x0000000085c00000, 0x0000000085c00000, 0x0000000085d00000|  0%| F|  |TAMS 0x0000000085c00000| PB 0x0000000085c00000| Untracked 
|  43|0x0000000085d00000, 0x0000000085d00000, 0x0000000085e00000|  0%| F|  |TAMS 0x0000000085d00000| PB 0x0000000085d00000| Untracked 
|  44|0x0000000085e00000, 0x0000000085f00000, 0x0000000085f00000|100%| S|CS|TAMS 0x0000000085e00000| PB 0x0000000085e00000| Complete 
|  45|0x0000000085f00000, 0x0000000085f00000, 0x0000000086000000|  0%| F|  |TAMS 0x0000000085f00000| PB 0x0000000085f00000| Untracked 
|  46|0x0000000086000000, 0x0000000086000000, 0x0000000086100000|  0%| F|  |TAMS 0x0000000086000000| PB 0x0000000086000000| Untracked 
|  47|0x0000000086100000, 0x0000000086100000, 0x0000000086200000|  0%| F|  |TAMS 0x0000000086100000| PB 0x0000000086100000| Untracked 
|  48|0x0000000086200000, 0x0000000086200000, 0x0000000086300000|  0%| F|  |TAMS 0x0000000086200000| PB 0x0000000086200000| Untracked 
|  49|0x0000000086300000, 0x0000000086300000, 0x0000000086400000|  0%| F|  |TAMS 0x0000000086300000| PB 0x0000000086300000| Untracked 
|  50|0x0000000086400000, 0x0000000086400000, 0x0000000086500000|  0%| F|  |TAMS 0x0000000086400000| PB 0x0000000086400000| Untracked 
|  51|0x0000000086500000, 0x0000000086500000, 0x0000000086600000|  0%| F|  |TAMS 0x0000000086500000| PB 0x0000000086500000| Untracked 
|  52|0x0000000086600000, 0x0000000086600000, 0x0000000086700000|  0%| F|  |TAMS 0x0000000086600000| PB 0x0000000086600000| Untracked 
|  53|0x0000000086700000, 0x0000000086700000, 0x0000000086800000|  0%| F|  |TAMS 0x0000000086700000| PB 0x0000000086700000| Untracked 
|  54|0x0000000086800000, 0x0000000086800000, 0x0000000086900000|  0%| F|  |TAMS 0x0000000086800000| PB 0x0000000086800000| Untracked 
|  55|0x0000000086900000, 0x0000000086900000, 0x0000000086a00000|  0%| F|  |TAMS 0x0000000086900000| PB 0x0000000086900000| Untracked 
|  56|0x0000000086a00000, 0x0000000086a00000, 0x0000000086b00000|  0%| F|  |TAMS 0x0000000086a00000| PB 0x0000000086a00000| Untracked 
|  57|0x0000000086b00000, 0x0000000086b00000, 0x0000000086c00000|  0%| F|  |TAMS 0x0000000086b00000| PB 0x0000000086b00000| Untracked 
|  58|0x0000000086c00000, 0x0000000086c00000, 0x0000000086d00000|  0%| F|  |TAMS 0x0000000086c00000| PB 0x0000000086c00000| Untracked 
|  59|0x0000000086d00000, 0x0000000086d00000, 0x0000000086e00000|  0%| F|  |TAMS 0x0000000086d00000| PB 0x0000000086d00000| Untracked 
|  60|0x0000000086e00000, 0x0000000086e00000, 0x0000000086f00000|  0%| F|  |TAMS 0x0000000086e00000| PB 0x0000000086e00000| Untracked 
|  61|0x0000000086f00000, 0x0000000086f00000, 0x0000000087000000|  0%| F|  |TAMS 0x0000000086f00000| PB 0x0000000086f00000| Untracked 
|  62|0x0000000087000000, 0x000000008706fcb8, 0x0000000087100000| 43%| E|  |TAMS 0x0000000087000000| PB 0x0000000087000000| Complete 
|  63|0x0000000087100000, 0x000000008710bde8, 0x0000000087200000|  4%| S|CS|TAMS 0x0000000087100000| PB 0x0000000087100000| Complete 
|  75|0x0000000087d00000, 0x0000000087e00000, 0x0000000087e00000|100%| E|CS|TAMS 0x0000000087d00000| PB 0x0000000087d00000| Complete 
|  76|0x0000000087e00000, 0x0000000087f00000, 0x0000000087f00000|100%| E|CS|TAMS 0x0000000087e00000| PB 0x0000000087e00000| Complete 
|  77|0x0000000087f00000, 0x0000000088000000, 0x0000000088000000|100%| E|CS|TAMS 0x0000000087f00000| PB 0x0000000087f00000| Complete 
|  78|0x0000000088000000, 0x0000000088100000, 0x0000000088100000|100%| E|CS|TAMS 0x0000000088000000| PB 0x0000000088000000| Complete 
|  79|0x0000000088100000, 0x0000000088200000, 0x0000000088200000|100%| E|CS|TAMS 0x0000000088100000| PB 0x0000000088100000| Complete 
|  80|0x0000000088200000, 0x0000000088300000, 0x0000000088300000|100%| E|CS|TAMS 0x0000000088200000| PB 0x0000000088200000| Complete 
| 125|0x000000008af00000, 0x000000008b000000, 0x000000008b000000|100%| E|CS|TAMS 0x000000008af00000| PB 0x000000008af00000| Complete 
|1997|0x00000000fff00000, 0x00000000fff42f18, 0x0000000100000000| 26%| O|  |TAMS 0x00000000fff00000| PB 0x00000000fff00000| Untracked 

Card table byte_map: [0x0000011337560000,0x0000011337950000] _byte_map_base: 0x0000011337147000

Marking Bits: (CMBitMap*) 0x000001131f794f80
 Bits: [0x0000011337950000, 0x0000011339888000)

Polling page: 0x000001131d4b0000

Metaspace:

Usage:
  Non-class:     64.15 MB used.
      Class:     10.06 MB used.
       Both:     74.21 MB used.

Virtual space:
  Non-class space:      128.00 MB reserved,      64.50 MB ( 50%) committed,  2 nodes.
      Class space:        1.00 GB reserved,      10.38 MB (  1%) committed,  1 nodes.
             Both:        1.12 GB reserved,      74.88 MB (  6%) committed. 

Chunk freelists:
   Non-Class:  15.25 MB
       Class:  5.62 MB
        Both:  20.88 MB

MaxMetaspaceSize: unlimited
CompressedClassSpaceSize: 1.00 GB
Initial GC threshold: 21.00 MB
Current GC threshold: 119.69 MB
CDS: on
 - commit_granule_bytes: 65536.
 - commit_granule_words: 8192.
 - virtual_space_node_default_size: 8388608.
 - enlarge_chunks_in_place: 1.
 - use_allocation_guard: 0.


Internal statistics:

num_allocs_failed_limit: 9.
num_arena_births: 1062.
num_arena_deaths: 0.
num_vsnodes_births: 3.
num_vsnodes_deaths: 0.
num_space_committed: 1198.
num_space_uncommitted: 0.
num_chunks_returned_to_freelist: 9.
num_chunks_taken_from_freelist: 3759.
num_chunk_merges: 9.
num_chunk_splits: 2722.
num_chunks_enlarged: 2131.
num_inconsistent_stats: 0.

CodeHeap 'non-profiled nmethods': size=120000Kb used=4780Kb max_used=4780Kb free=115219Kb
 bounds [0x000001132f910000, 0x000001132fdc0000, 0x0000011336e40000]
CodeHeap 'profiled nmethods': size=120000Kb used=13011Kb max_used=13011Kb free=106988Kb
 bounds [0x0000011327e40000, 0x0000011328b00000, 0x000001132f370000]
CodeHeap 'non-nmethods': size=5760Kb used=1800Kb max_used=1872Kb free=3959Kb
 bounds [0x000001132f370000, 0x000001132f5e0000, 0x000001132f910000]
CodeCache: size=245760Kb, used=19591Kb, max_used=19663Kb, free=226166Kb
 total_blobs=7023, nmethods=6310, adapters=614, full_count=0
Compilation: enabled, stopped_count=0, restarted_count=0

Compilation events (20 events):
Event: 21.174 Thread 0x000001133c315d10 7149       2       org.springframework.beans.TypeConverterDelegate::<init> (15 bytes)
Event: 21.174 Thread 0x000001133c315d10 nmethod 7149 0x0000011328ae6a10 code [0x0000011328ae6bc0, 0x0000011328ae6d70]
Event: 21.177 Thread 0x000001133c315d10 7150       3       org.springframework.core.MethodParameter::getGenericParameterType (147 bytes)
Event: 21.179 Thread 0x000001133c315d10 nmethod 7150 0x0000011328ae6e10 code [0x0000011328ae71e0, 0x0000011328ae8f18]
Event: 21.179 Thread 0x000001133c315d10 7151       2       org.springframework.beans.MutablePropertyValues::isEmpty (10 bytes)
Event: 21.179 Thread 0x000001133c315d10 nmethod 7151 0x0000011328ae9890 code [0x0000011328ae9a40, 0x0000011328ae9b80]
Event: 21.179 Thread 0x000001133c315d10 7152       2       org.aspectj.weaver.reflect.Java15ReflectionBasedReferenceTypeDelegate::isAspect (10 bytes)
Event: 21.180 Thread 0x000001133c315d10 nmethod 7152 0x0000011328ae9c10 code [0x0000011328ae9de0, 0x0000011328aea020]
Event: 21.180 Thread 0x000001133c315d10 7153       3       org.springframework.core.SerializableTypeWrapper$MethodParameterTypeProvider::<init> (59 bytes)
Event: 21.181 Thread 0x000001133c315d10 nmethod 7153 0x0000011328aea210 code [0x0000011328aea420, 0x0000011328aeacc0]
Event: 21.182 Thread 0x000001133c315d10 7154       2       org.springframework.core.annotation.SynthesizedMergedAnnotationInvocationHandler$$Lambda/0x000001133e558270::apply (16 bytes)
Event: 21.183 Thread 0x000001133c315d10 nmethod 7154 0x0000011328aeaf10 code [0x0000011328aeb100, 0x0000011328aeb4a8]
Event: 21.183 Thread 0x000001133c315d10 7155       2       org.springframework.core.annotation.SynthesizedMergedAnnotationInvocationHandler::lambda$getAttributeValue$1 (30 bytes)
Event: 21.183 Thread 0x000001133c315d10 nmethod 7155 0x0000011328aeb790 code [0x0000011328aeb980, 0x0000011328aebcd0]
Event: 21.188 Thread 0x000001133c315d10 7157       2       org.springframework.boot.context.properties.source.ConfigurationPropertyName$Elements::append (111 bytes)
Event: 21.189 Thread 0x000001133c315d10 nmethod 7157 0x0000011328aebf90 code [0x0000011328aec1a0, 0x0000011328aec750]
Event: 21.200 Thread 0x000001133c315d10 7159       2       org.springframework.core.io.ResourceEditor::<init> (8 bytes)
Event: 21.200 Thread 0x000001133c315d10 nmethod 7159 0x0000011328aeca10 code [0x0000011328aecbe0, 0x0000011328aecee8]
Event: 21.200 Thread 0x000001133c315d10 7160       2       org.springframework.core.io.ResourceEditor::<init> (26 bytes)
Event: 21.200 Thread 0x000001133c315d10 nmethod 7160 0x0000011328aed010 code [0x0000011328aed1e0, 0x0000011328aed4e8]

GC Heap History (20 events):
Event: 13.566 GC heap before
{Heap before GC invocations=14 (full 0):
 garbage-first heap   total 70656K, used 60388K [0x0000000083200000, 0x0000000100000000)
  region size 1024K, 33 young (33792K), 3 survivors (3072K)
 Metaspace       used 43573K, committed 44160K, reserved 1114112K
  class space    used 5592K, committed 5888K, reserved 1048576K
}
Event: 13.574 GC heap after
{Heap after GC invocations=15 (full 0):
 garbage-first heap   total 70656K, used 30558K [0x0000000083200000, 0x0000000100000000)
  region size 1024K, 4 young (4096K), 4 survivors (4096K)
 Metaspace       used 43573K, committed 44160K, reserved 1114112K
  class space    used 5592K, committed 5888K, reserved 1048576K
}
Event: 14.468 GC heap before
{Heap before GC invocations=15 (full 0):
 garbage-first heap   total 70656K, used 60254K [0x0000000083200000, 0x0000000100000000)
  region size 1024K, 34 young (34816K), 4 survivors (4096K)
 Metaspace       used 47727K, committed 48384K, reserved 1114112K
  class space    used 6083K, committed 6400K, reserved 1048576K
}
Event: 14.472 GC heap after
{Heap after GC invocations=16 (full 0):
 garbage-first heap   total 70656K, used 32168K [0x0000000083200000, 0x0000000100000000)
  region size 1024K, 4 young (4096K), 4 survivors (4096K)
 Metaspace       used 47727K, committed 48384K, reserved 1114112K
  class space    used 6083K, committed 6400K, reserved 1048576K
}
Event: 16.016 GC heap before
{Heap before GC invocations=16 (full 0):
 garbage-first heap   total 70656K, used 61864K [0x0000000083200000, 0x0000000100000000)
  region size 1024K, 33 young (33792K), 4 survivors (4096K)
 Metaspace       used 54164K, committed 54848K, reserved 1114112K
  class space    used 6989K, committed 7296K, reserved 1048576K
}
Event: 16.021 GC heap after
{Heap after GC invocations=17 (full 0):
 garbage-first heap   total 70656K, used 34378K [0x0000000083200000, 0x0000000100000000)
  region size 1024K, 5 young (5120K), 5 survivors (5120K)
 Metaspace       used 54164K, committed 54848K, reserved 1114112K
  class space    used 6989K, committed 7296K, reserved 1048576K
}
Event: 17.054 GC heap before
{Heap before GC invocations=17 (full 0):
 garbage-first heap   total 70656K, used 61002K [0x0000000083200000, 0x0000000100000000)
  region size 1024K, 32 young (32768K), 5 survivors (5120K)
 Metaspace       used 58684K, committed 59392K, reserved 1114112K
  class space    used 7694K, committed 8000K, reserved 1048576K
}
Event: 17.062 GC heap after
{Heap after GC invocations=18 (full 0):
 garbage-first heap   total 70656K, used 35230K [0x0000000083200000, 0x0000000100000000)
  region size 1024K, 3 young (3072K), 3 survivors (3072K)
 Metaspace       used 58684K, committed 59392K, reserved 1114112K
  class space    used 7694K, committed 8000K, reserved 1048576K
}
Event: 17.149 GC heap before
{Heap before GC invocations=18 (full 0):
 garbage-first heap   total 70656K, used 37278K [0x0000000083200000, 0x0000000100000000)
  region size 1024K, 6 young (6144K), 3 survivors (3072K)
 Metaspace       used 59498K, committed 60096K, reserved 1114112K
  class space    used 7795K, committed 8064K, reserved 1048576K
}
Event: 17.153 GC heap after
{Heap after GC invocations=19 (full 0):
 garbage-first heap   total 70656K, used 35516K [0x0000000083200000, 0x0000000100000000)
  region size 1024K, 2 young (2048K), 2 survivors (2048K)
 Metaspace       used 59498K, committed 60096K, reserved 1114112K
  class space    used 7795K, committed 8064K, reserved 1048576K
}
Event: 18.855 GC heap before
{Heap before GC invocations=20 (full 0):
 garbage-first heap   total 70656K, used 62140K [0x0000000083200000, 0x0000000100000000)
  region size 1024K, 29 young (29696K), 2 survivors (2048K)
 Metaspace       used 68163K, committed 68864K, reserved 1114112K
  class space    used 9214K, committed 9536K, reserved 1048576K
}
Event: 18.857 GC heap after
{Heap after GC invocations=21 (full 0):
 garbage-first heap   total 70656K, used 36613K [0x0000000083200000, 0x0000000100000000)
  region size 1024K, 3 young (3072K), 3 survivors (3072K)
 Metaspace       used 68163K, committed 68864K, reserved 1114112K
  class space    used 9214K, committed 9536K, reserved 1048576K
}
Event: 19.531 GC heap before
{Heap before GC invocations=21 (full 0):
 garbage-first heap   total 70656K, used 64261K [0x0000000083200000, 0x0000000100000000)
  region size 1024K, 30 young (30720K), 3 survivors (3072K)
 Metaspace       used 71185K, committed 71872K, reserved 1114112K
  class space    used 9580K, committed 9856K, reserved 1048576K
}
Event: 19.538 GC heap after
{Heap after GC invocations=22 (full 0):
 garbage-first heap   total 71680K, used 38256K [0x0000000083200000, 0x0000000100000000)
  region size 1024K, 4 young (4096K), 4 survivors (4096K)
 Metaspace       used 71185K, committed 71872K, reserved 1114112K
  class space    used 9580K, committed 9856K, reserved 1048576K
}
Event: 19.949 GC heap before
{Heap before GC invocations=22 (full 0):
 garbage-first heap   total 71680K, used 65904K [0x0000000083200000, 0x0000000100000000)
  region size 1024K, 31 young (31744K), 4 survivors (4096K)
 Metaspace       used 72786K, committed 73472K, reserved 1114112K
  class space    used 9814K, committed 10112K, reserved 1048576K
}
Event: 19.953 GC heap after
{Heap after GC invocations=23 (full 0):
 garbage-first heap   total 71680K, used 38992K [0x0000000083200000, 0x0000000100000000)
  region size 1024K, 1 young (1024K), 1 survivors (1024K)
 Metaspace       used 72786K, committed 73472K, reserved 1114112K
  class space    used 9814K, committed 10112K, reserved 1048576K
}
Event: 20.339 GC heap before
{Heap before GC invocations=24 (full 0):
 garbage-first heap   total 71680K, used 64592K [0x0000000083200000, 0x0000000100000000)
  region size 1024K, 27 young (27648K), 1 survivors (1024K)
 Metaspace       used 73730K, committed 74432K, reserved 1114112K
  class space    used 9978K, committed 10304K, reserved 1048576K
}
Event: 20.342 GC heap after
{Heap after GC invocations=25 (full 0):
 garbage-first heap   total 71680K, used 40313K [0x0000000083200000, 0x0000000100000000)
  region size 1024K, 3 young (3072K), 3 survivors (3072K)
 Metaspace       used 73730K, committed 74432K, reserved 1114112K
  class space    used 9978K, committed 10304K, reserved 1048576K
}
Event: 21.128 GC heap before
{Heap before GC invocations=25 (full 0):
 garbage-first heap   total 71680K, used 65913K [0x0000000083200000, 0x0000000100000000)
  region size 1024K, 28 young (28672K), 3 survivors (3072K)
 Metaspace       used 75892K, committed 76608K, reserved 1179648K
  class space    used 10283K, committed 10624K, reserved 1048576K
}
Event: 21.134 GC heap after
{Heap after GC invocations=26 (full 0):
 garbage-first heap   total 73728K, used 41275K [0x0000000083200000, 0x0000000100000000)
  region size 1024K, 4 young (4096K), 4 survivors (4096K)
 Metaspace       used 75892K, committed 76608K, reserved 1179648K
  class space    used 10283K, committed 10624K, reserved 1048576K
}

Dll operation events (11 events):
Event: 0.014 Loaded shared library C:\Users\javie\AppData\Roaming\Code\User\globalStorage\pleiades.java-extension-pack-jdk\java\21\bin\java.dll
Event: 0.059 Loaded shared library C:\Users\javie\AppData\Roaming\Code\User\globalStorage\pleiades.java-extension-pack-jdk\java\21\bin\jsvml.dll
Event: 0.778 Loaded shared library C:\Users\javie\AppData\Roaming\Code\User\globalStorage\pleiades.java-extension-pack-jdk\java\21\bin\jimage.dll
Event: 0.854 Loaded shared library C:\Users\javie\AppData\Roaming\Code\User\globalStorage\pleiades.java-extension-pack-jdk\java\21\bin\net.dll
Event: 0.866 Loaded shared library C:\Users\javie\AppData\Roaming\Code\User\globalStorage\pleiades.java-extension-pack-jdk\java\21\bin\nio.dll
Event: 0.882 Loaded shared library C:\Users\javie\AppData\Roaming\Code\User\globalStorage\pleiades.java-extension-pack-jdk\java\21\bin\zip.dll
Event: 1.020 Loaded shared library C:\Users\javie\AppData\Roaming\Code\User\globalStorage\pleiades.java-extension-pack-jdk\java\21\bin\management.dll
Event: 1.145 Loaded shared library C:\Users\javie\AppData\Roaming\Code\User\globalStorage\pleiades.java-extension-pack-jdk\java\21\bin\management_ext.dll
Event: 2.484 Loaded shared library C:\Users\javie\AppData\Roaming\Code\User\globalStorage\pleiades.java-extension-pack-jdk\java\21\bin\extnet.dll
Event: 6.963 Loaded shared library C:\Users\javie\AppData\Roaming\Code\User\globalStorage\pleiades.java-extension-pack-jdk\java\21\bin\sunmscapi.dll
Event: 15.791 Loaded shared library C:\Users\javie\AppData\Roaming\Code\User\globalStorage\pleiades.java-extension-pack-jdk\java\21\bin\verify.dll

Deoptimization events (20 events):
Event: 21.117 Thread 0x000001131f733e30 DEOPT PACKING pc=0x0000011328402494 sp=0x0000000cb0efcb40
Event: 21.117 Thread 0x000001131f733e30 DEOPT UNPACKING pc=0x000001132f3c86e2 sp=0x0000000cb0efc0a8 mode 1
Event: 21.117 Thread 0x000001131f733e30 DEOPT PACKING pc=0x0000011328402494 sp=0x0000000cb0efcb40
Event: 21.117 Thread 0x000001131f733e30 DEOPT UNPACKING pc=0x000001132f3c86e2 sp=0x0000000cb0efc0a8 mode 1
Event: 21.123 Thread 0x000001131f733e30 Uncommon trap: trap_request=0xffffff45 fr.pc=0x000001132fc524e4 relative=0x00000000000035c4
Event: 21.123 Thread 0x000001131f733e30 Uncommon trap: reason=unstable_if action=reinterpret pc=0x000001132fc524e4 method=org.springframework.beans.factory.support.AbstractBeanFactory.isTypeMatch(Ljava/lang/String;Lorg/springframework/core/ResolvableType;Z)Z @ 35 c2
Event: 21.123 Thread 0x000001131f733e30 DEOPT PACKING pc=0x000001132fc524e4 sp=0x0000000cb0efc4a0
Event: 21.123 Thread 0x000001131f733e30 DEOPT UNPACKING pc=0x000001132f3c7ba2 sp=0x0000000cb0efc4c0 mode 2
Event: 21.140 Thread 0x000001131f733e30 DEOPT PACKING pc=0x0000011328402494 sp=0x0000000cb0efcb40
Event: 21.140 Thread 0x000001131f733e30 DEOPT UNPACKING pc=0x000001132f3c86e2 sp=0x0000000cb0efc0a8 mode 1
Event: 21.140 Thread 0x000001131f733e30 DEOPT PACKING pc=0x0000011328402494 sp=0x0000000cb0efcb40
Event: 21.140 Thread 0x000001131f733e30 DEOPT UNPACKING pc=0x000001132f3c86e2 sp=0x0000000cb0efc0a8 mode 1
Event: 21.145 Thread 0x000001131f733e30 DEOPT PACKING pc=0x000001132fb484e0 sp=0x0000000cb0efad30
Event: 21.145 Thread 0x000001131f733e30 DEOPT UNPACKING pc=0x000001132f3c86e2 sp=0x0000000cb0efa1b0 mode 1
Event: 21.145 Thread 0x000001131f733e30 DEOPT PACKING pc=0x0000011327f306d4 sp=0x0000000cb0efad60
Event: 21.145 Thread 0x000001131f733e30 DEOPT UNPACKING pc=0x000001132f3c86e2 sp=0x0000000cb0efa200 mode 1
Event: 21.165 Thread 0x000001131f733e30 DEOPT PACKING pc=0x0000011328402494 sp=0x0000000cb0efa7b0
Event: 21.165 Thread 0x000001131f733e30 DEOPT UNPACKING pc=0x000001132f3c86e2 sp=0x0000000cb0ef9d18 mode 1
Event: 21.165 Thread 0x000001131f733e30 DEOPT PACKING pc=0x0000011328402494 sp=0x0000000cb0efa7b0
Event: 21.165 Thread 0x000001131f733e30 DEOPT UNPACKING pc=0x000001132f3c86e2 sp=0x0000000cb0ef9d18 mode 1

Classes loaded (20 events):
Event: 20.437 Loading class javax/crypto/JceSecurity$WeakIdentityWrapper
Event: 20.437 Loading class javax/crypto/JceSecurity$WeakIdentityWrapper done
Event: 20.437 Loading class javax/crypto/JceSecurity$2
Event: 20.437 Loading class javax/crypto/JceSecurity$2 done
Event: 20.437 Loading class javax/crypto/JceSecurity$3
Event: 20.437 Loading class javax/crypto/JceSecurity$3 done
Event: 20.437 Loading class java/lang/Class$Holder
Event: 20.438 Loading class java/lang/Class$Holder done
Event: 20.438 Loading class java/security/AllPermissionCollection
Event: 20.438 Loading class java/security/AllPermissionCollection done
Event: 20.438 Loading class javax/crypto/ProviderVerifier
Event: 20.438 Loading class javax/crypto/ProviderVerifier done
Event: 20.439 Loading class com/sun/crypto/provider/PBKDF2Core$HmacSHA256
Event: 20.439 Loading class com/sun/crypto/provider/PBKDF2Core
Event: 20.439 Loading class javax/crypto/SecretKeyFactorySpi
Event: 20.440 Loading class javax/crypto/SecretKeyFactorySpi done
Event: 20.440 Loading class com/sun/crypto/provider/PBKDF2Core done
Event: 20.440 Loading class com/sun/crypto/provider/PBKDF2Core$HmacSHA256 done
Event: 21.026 Loading class java/util/Comparators$NullComparator
Event: 21.028 Loading class java/util/Comparators$NullComparator done

Classes unloaded (0 events):
No events

Classes redefined (0 events):
No events

Internal exceptions (20 events):
Event: 19.748 Thread 0x000001137e929c00 Exception <a 'java/lang/ClassNotFoundException'{0x0000000086634af8}: org/springframework/context/support/LiveBeansView> (0x0000000086634af8) 
thrown [s\src\hotspot\share\classfile\systemDictionary.cpp, line 313]
Event: 19.749 Thread 0x000001137e929c00 Exception <a 'java/lang/ClassNotFoundException'{0x0000000086634eb8}: org/springframework/context/support/LiveBeansView> (0x0000000086634eb8) 
thrown [s\src\hotspot\share\classfile\systemDictionary.cpp, line 313]
Event: 19.749 Thread 0x000001137e929c00 Exception <a 'java/lang/ClassNotFoundException'{0x0000000086635270}: org/springframework/context/support/LiveBeansView> (0x0000000086635270) 
thrown [s\src\hotspot\share\classfile\systemDictionary.cpp, line 313]
Event: 19.749 Thread 0x000001137e929c00 Exception <a 'java/lang/ClassNotFoundException'{0x0000000086635640}: org/springframework/context/support/LiveBeansView> (0x0000000086635640) 
thrown [s\src\hotspot\share\classfile\systemDictionary.cpp, line 313]
Event: 19.749 Thread 0x000001137e929c00 Exception <a 'java/lang/ClassNotFoundException'{0x0000000086635a08}: org/springframework/context/support/LiveBeansView> (0x0000000086635a08) 
thrown [s\src\hotspot\share\classfile\systemDictionary.cpp, line 313]
Event: 19.749 Thread 0x000001137e929c00 Exception <a 'java/lang/ClassNotFoundException'{0x0000000086635dd0}: org/springframework/context/support/LiveBeansView> (0x0000000086635dd0) 
thrown [s\src\hotspot\share\classfile\systemDictionary.cpp, line 313]
Event: 19.749 Thread 0x000001137e929c00 Exception <a 'java/lang/ClassNotFoundException'{0x0000000086636198}: org/springframework/context/support/LiveBeansView> (0x0000000086636198) 
thrown [s\src\hotspot\share\classfile\systemDictionary.cpp, line 313]
Event: 19.749 Thread 0x000001137e929c00 Exception <a 'java/lang/ClassNotFoundException'{0x0000000086636540}: org/springframework/context/support/LiveBeansView> (0x0000000086636540) 
thrown [s\src\hotspot\share\classfile\systemDictionary.cpp, line 313]
Event: 19.749 Thread 0x000001137e929c00 Exception <a 'java/lang/ClassNotFoundException'{0x0000000086636900}: org/springframework/context/support/LiveBeansView> (0x0000000086636900) 
thrown [s\src\hotspot\share\classfile\systemDictionary.cpp, line 313]
Event: 19.749 Thread 0x000001137e929c00 Exception <a 'java/lang/ClassNotFoundException'{0x0000000086636cb0}: org/springframework/context/support/LiveBeansView> (0x0000000086636cb0) 
thrown [s\src\hotspot\share\classfile\systemDictionary.cpp, line 313]
Event: 19.759 Thread 0x000001137e929c00 Exception <a 'java/lang/ClassNotFoundException'{0x0000000086336b28}: org/springframework/context/support/LiveBeansView> (0x0000000086336b28) 
thrown [s\src\hotspot\share\classfile\systemDictionary.cpp, line 313]
Event: 19.759 Thread 0x000001137e929c00 Exception <a 'java/lang/ClassNotFoundException'{0x0000000086336ef8}: org/springframework/context/support/LiveBeansView> (0x0000000086336ef8) 
thrown [s\src\hotspot\share\classfile\systemDictionary.cpp, line 313]
Event: 19.759 Thread 0x000001137e929c00 Exception <a 'java/lang/ClassNotFoundException'{0x00000000863372b0}: org/springframework/context/support/LiveBeansView> (0x00000000863372b0) 
thrown [s\src\hotspot\share\classfile\systemDictionary.cpp, line 313]
Event: 19.759 Thread 0x000001137e929c00 Exception <a 'java/lang/ClassNotFoundException'{0x0000000086337668}: org/springframework/context/support/LiveBeansView> (0x0000000086337668) 
thrown [s\src\hotspot\share\classfile\systemDictionary.cpp, line 313]
Event: 19.816 Thread 0x000001131f733e30 Exception <a 'java/lang/NoSuchMethodError'{0x00000000863f8748}: 'java.lang.Object java.lang.invoke.Invokers$Holder.invoke_MT(java.lang.Object, java.lang.Object, java.lang.Object, java.lang.Object, java.lang.Object, java.lang.Object, java.lang.Object, java.lang.Object, java.lang.Object)'> (0x00000000863f8748) 
thrown [s\src\hotspot\share\interpreter\linkResolver.cpp, line 773]
Event: 19.821 Thread 0x000001131f733e30 Exception <a 'java/lang/IncompatibleClassChangeError'{0x000000008621ed28}: Found class java.lang.Object, but interface was expected> (0x000000008621ed28) 
thrown [s\src\hotspot\share\interpreter\linkResolver.cpp, line 840]
Event: 20.038 Thread 0x000001131f733e30 Exception <a 'java/lang/NoSuchMethodError'{0x00000000881cc340}: 'java.lang.Object java.lang.invoke.DirectMethodHandle$Holder.newInvokeSpecial(java.lang.Object, java.lang.Object, java.lang.Object, java.lang.Object, java.lang.Object, java.lang.Object, java.lang.Object, java.lang.Object)'> (0x00000000881cc340) 
thrown [s\src\hotspot\share\interpreter\linkResolver.cpp, line 773]
Event: 20.251 Thread 0x000001131f733e30 Exception <a 'java/lang/NoSuchMethodError'{0x00000000865dd468}: 'java.lang.Object java.lang.invoke.DirectMethodHandle$Holder.invokeVirtual(java.lang.Object, java.lang.Object, java.lang.Object, java.lang.Object, java.lang.Object, java.lang.Object, java.lang.Object)'> (0x00000000865dd468) 
thrown [s\src\hotspot\share\interpreter\linkResolver.cpp, line 773]
Event: 20.419 Thread 0x000001131f733e30 Exception <a 'sun/nio/fs/WindowsException'{0x0000000087f23230}> (0x0000000087f23230) 
thrown [s\src\hotspot\share\prims\jni.cpp, line 520]
Event: 20.451 Thread 0x000001131f733e30 Implicit null exception at 0x000001132fa91b4b to 0x000001132fa91c2e

ZGC Phase Switch (0 events):
No events

VM Operations (20 events):
Event: 20.017 Executing safepoint VM operation: G1PauseCleanup
Event: 20.017 Executing safepoint VM operation: G1PauseCleanup done
Event: 20.339 Executing safepoint VM operation: G1CollectForAllocation (G1 Evacuation Pause)
Event: 20.342 Executing safepoint VM operation: G1CollectForAllocation (G1 Evacuation Pause) done
Event: 20.413 Executing non-safepoint VM operation: HandshakeAllThreads (Deoptimize)
Event: 20.414 Executing non-safepoint VM operation: HandshakeAllThreads (Deoptimize) done
Event: 20.423 Executing non-safepoint VM operation: HandshakeAllThreads (Deoptimize)
Event: 20.423 Executing non-safepoint VM operation: HandshakeAllThreads (Deoptimize) done
Event: 20.436 Executing non-safepoint VM operation: HandshakeAllThreads (Deoptimize)
Event: 20.436 Executing non-safepoint VM operation: HandshakeAllThreads (Deoptimize) done
Event: 20.950 Executing non-safepoint VM operation: HandshakeAllThreads (Deoptimize)
Event: 20.950 Executing non-safepoint VM operation: HandshakeAllThreads (Deoptimize) done
Event: 21.052 Executing non-safepoint VM operation: HandshakeAllThreads (Deoptimize)
Event: 21.053 Executing non-safepoint VM operation: HandshakeAllThreads (Deoptimize) done
Event: 21.053 Executing non-safepoint VM operation: HandshakeAllThreads (Deoptimize)
Event: 21.053 Executing non-safepoint VM operation: HandshakeAllThreads (Deoptimize) done
Event: 21.128 Executing safepoint VM operation: G1CollectForAllocation (G1 Evacuation Pause)
Event: 21.134 Executing safepoint VM operation: G1CollectForAllocation (G1 Evacuation Pause) done
Event: 22.135 Executing safepoint VM operation: Cleanup
Event: 22.135 Executing safepoint VM operation: Cleanup done

Memory protections (0 events):
No events

Nmethod flushes (20 events):
Event: 19.994 Thread 0x000001133c2d9b10 flushing  nmethod 0x0000011328168f10
Event: 19.994 Thread 0x000001133c2d9b10 flushing  nmethod 0x00000113281c8810
Event: 19.994 Thread 0x000001133c2d9b10 flushing  nmethod 0x0000011328229d90
Event: 19.994 Thread 0x000001133c2d9b10 flushing  nmethod 0x0000011328274590
Event: 19.994 Thread 0x000001133c2d9b10 flushing  nmethod 0x00000113282d6b10
Event: 19.994 Thread 0x000001133c2d9b10 flushing  nmethod 0x0000011328850190
Event: 19.994 Thread 0x000001133c2d9b10 flushing  nmethod 0x0000011328851e90
Event: 19.994 Thread 0x000001133c2d9b10 flushing  nmethod 0x0000011328860e90
Event: 19.994 Thread 0x000001133c2d9b10 flushing  nmethod 0x0000011328883a10
Event: 19.994 Thread 0x000001133c2d9b10 flushing  nmethod 0x0000011328884390
Event: 19.994 Thread 0x000001133c2d9b10 flushing  nmethod 0x0000011327e8a010
Event: 19.994 Thread 0x000001133c2d9b10 flushing  nmethod 0x0000011328016c90
Event: 19.994 Thread 0x000001133c2d9b10 flushing  nmethod 0x0000011328040890
Event: 19.994 Thread 0x000001133c2d9b10 flushing  nmethod 0x0000011328151610
Event: 19.994 Thread 0x000001133c2d9b10 flushing  nmethod 0x000001132828ff10
Event: 19.994 Thread 0x000001133c2d9b10 flushing  nmethod 0x000001132846d410
Event: 19.994 Thread 0x000001133c2d9b10 flushing  nmethod 0x00000113285f9890
Event: 19.994 Thread 0x000001133c2d9b10 flushing  nmethod 0x0000011328667390
Event: 19.994 Thread 0x000001133c2d9b10 flushing  nmethod 0x00000113287c2710
Event: 19.994 Thread 0x000001133c2d9b10 flushing  nmethod 0x0000011328812410

Events (20 events):
Event: 3.963 Thread 0x000001137ed14f00 Thread added: 0x000001137e9b8720
Event: 3.965 Thread 0x000001137e4f14c0 Thread added: 0x000001137e929c00
Event: 4.002 Thread 0x000001137e929c00 Thread added: 0x000001137e762840
Event: 4.533 Thread 0x000001131f733e30 Thread added: 0x000001137ed2e240
Event: 4.544 Thread 0x000001137ed2e240 Thread exited: 0x000001137ed2e240
Event: 4.667 Thread 0x000001131f733e30 Thread added: 0x000001137ed2c800
Event: 6.176 Thread 0x000001131f733e30 Thread added: 0x000001137ed2dbb0
Event: 6.588 Thread 0x000001137ed2dbb0 Thread exited: 0x000001137ed2dbb0
Event: 6.862 Thread 0x000001133c315d10 Thread added: 0x0000011304faecc0
Event: 6.996 Thread 0x000001137ed2c800 Thread exited: 0x000001137ed2c800
Event: 9.484 Thread 0x0000011304faecc0 Thread exited: 0x0000011304faecc0
Event: 13.738 Thread 0x000001131f733e30 Thread added: 0x000001137ed2bae0
Event: 13.742 Thread 0x000001131f733e30 Thread added: 0x000001137ed2c800
Event: 13.748 Thread 0x000001131f733e30 Thread added: 0x000001137ed2ce90
Event: 13.892 Thread 0x000001133c311420 Thread added: 0x00000113061a4040
Event: 13.899 Thread 0x000001131f733e30 Thread added: 0x000001137ed2dbb0
Event: 14.395 Thread 0x000001131f733e30 Thread added: 0x000001137ed2c170
Event: 14.509 Thread 0x000001137ed2c170 Thread added: 0x0000011304b9b9c0
Event: 18.660 Thread 0x00000113061a4040 Thread exited: 0x00000113061a4040
Event: 19.928 Thread 0x0000011304b9b9c0 Thread exited: 0x0000011304b9b9c0


Dynamic libraries:
0x00007ff7effa0000 - 0x00007ff7effae000 	C:\Users\javie\AppData\Roaming\Code\User\globalStorage\pleiades.java-extension-pack-jdk\java\21\bin\java.exe
0x00007ff92d3e0000 - 0x00007ff92d646000 	C:\WINDOWS\SYSTEM32\ntdll.dll
0x00007ff92c200000 - 0x00007ff92c2c9000 	C:\WINDOWS\System32\KERNEL32.DLL
0x00007ff92a730000 - 0x00007ff92ab2a000 	C:\WINDOWS\System32\KERNELBASE.dll
0x00007ff92ae90000 - 0x00007ff92afdc000 	C:\WINDOWS\System32\ucrtbase.dll
0x00007ff91f310000 - 0x00007ff91f328000 	C:\Users\javie\AppData\Roaming\Code\User\globalStorage\pleiades.java-extension-pack-jdk\java\21\bin\jli.dll
0x00007ff926f50000 - 0x00007ff926f6e000 	C:\Users\javie\AppData\Roaming\Code\User\globalStorage\pleiades.java-extension-pack-jdk\java\21\bin\VCRUNTIME140.dll
0x00007ff92d020000 - 0x00007ff92d1e7000 	C:\WINDOWS\System32\USER32.dll
0x00007ff92b070000 - 0x00007ff92b097000 	C:\WINDOWS\System32\win32u.dll
0x00007ff9119d0000 - 0x00007ff911c62000 	C:\WINDOWS\WinSxS\amd64_microsoft.windows.common-controls_6595b64144ccf1df_6.0.26100.8521_none_3e08b75ce33403b3\COMCTL32.dll
0x00007ff92b410000 - 0x00007ff92b43b000 	C:\WINDOWS\System32\GDI32.dll
0x00007ff92c630000 - 0x00007ff92c6d9000 	C:\WINDOWS\System32\msvcrt.dll
0x00007ff92ab30000 - 0x00007ff92ac5b000 	C:\WINDOWS\System32\gdi32full.dll
0x00007ff92ade0000 - 0x00007ff92ae83000 	C:\WINDOWS\System32\msvcp_win.dll
0x00007ff92b4b0000 - 0x00007ff92b4e2000 	C:\WINDOWS\System32\IMM32.DLL
0x00007ff926f40000 - 0x00007ff926f4c000 	C:\Users\javie\AppData\Roaming\Code\User\globalStorage\pleiades.java-extension-pack-jdk\java\21\bin\vcruntime140_1.dll
0x00007ff91f280000 - 0x00007ff91f30d000 	C:\Users\javie\AppData\Roaming\Code\User\globalStorage\pleiades.java-extension-pack-jdk\java\21\bin\msvcp140.dll
0x00007ff8a2f90000 - 0x00007ff8a3d32000 	C:\Users\javie\AppData\Roaming\Code\User\globalStorage\pleiades.java-extension-pack-jdk\java\21\bin\server\jvm.dll
0x00007ff92c390000 - 0x00007ff92c446000 	C:\WINDOWS\System32\ADVAPI32.dll
0x00007ff92b2b0000 - 0x00007ff92b35a000 	C:\WINDOWS\System32\sechost.dll
0x00007ff92d200000 - 0x00007ff92d318000 	C:\WINDOWS\System32\RPCRT4.dll
0x00007ff92b720000 - 0x00007ff92b7a0000 	C:\WINDOWS\System32\WS2_32.dll
0x00007ff91f6e0000 - 0x00007ff91f716000 	C:\WINDOWS\SYSTEM32\WINMM.dll
0x00007ff92a4f0000 - 0x00007ff92a54e000 	C:\WINDOWS\SYSTEM32\POWRPROF.dll
0x00007ff91f1d0000 - 0x00007ff91f1db000 	C:\WINDOWS\SYSTEM32\VERSION.dll
0x00007ff92a4d0000 - 0x00007ff92a4e4000 	C:\WINDOWS\SYSTEM32\UMPDC.dll
0x00007ff9293d0000 - 0x00007ff9293eb000 	C:\WINDOWS\SYSTEM32\kernel.appcore.dll
0x00007ff91e470000 - 0x00007ff91e47a000 	C:\Users\javie\AppData\Roaming\Code\User\globalStorage\pleiades.java-extension-pack-jdk\java\21\bin\jimage.dll
0x00007ff927d00000 - 0x00007ff927f42000 	C:\WINDOWS\SYSTEM32\DBGHELP.DLL
0x00007ff92cc90000 - 0x00007ff92d013000 	C:\WINDOWS\System32\combase.dll
0x00007ff92c550000 - 0x00007ff92c629000 	C:\WINDOWS\System32\OLEAUT32.dll
0x00007ff90ec00000 - 0x00007ff90ec3b000 	C:\WINDOWS\SYSTEM32\dbgcore.DLL
0x00007ff92b0a0000 - 0x00007ff92b148000 	C:\WINDOWS\System32\bcryptPrimitives.dll
0x00007ff9149f0000 - 0x00007ff914a2c000 	C:\Users\javie\AppData\Roaming\Code\User\globalStorage\pleiades.java-extension-pack-jdk\java\21\bin\jdwp.dll
0x00007ff91df90000 - 0x00007ff91dfb0000 	C:\Users\javie\AppData\Roaming\Code\User\globalStorage\pleiades.java-extension-pack-jdk\java\21\bin\java.dll
0x00007ff92ba10000 - 0x00007ff92c194000 	C:\WINDOWS\System32\SHELL32.dll
0x00007ff928050000 - 0x00007ff9288d0000 	C:\WINDOWS\SYSTEM32\windows.storage.dll
0x00007ff92c6f0000 - 0x00007ff92c7e6000 	C:\WINDOWS\System32\SHCORE.dll
0x00007ff92b440000 - 0x00007ff92b4a7000 	C:\WINDOWS\System32\shlwapi.dll
0x00007ff92a590000 - 0x00007ff92a5b9000 	C:\WINDOWS\SYSTEM32\profapi.dll
0x00007ff8f3c80000 - 0x00007ff8f3d57000 	C:\Users\javie\AppData\Roaming\Code\User\globalStorage\pleiades.java-extension-pack-jdk\java\21\bin\jsvml.dll
0x00007ff9149d0000 - 0x00007ff9149dc000 	C:\Users\javie\AppData\Roaming\Code\User\globalStorage\pleiades.java-extension-pack-jdk\java\21\bin\dt_socket.dll
0x00007ff928db0000 - 0x00007ff928de3000 	C:\WINDOWS\SYSTEM32\IPHLPAPI.DLL
0x00007ff929950000 - 0x00007ff9299bc000 	C:\WINDOWS\system32\mswsock.dll
0x00007ff928df0000 - 0x00007ff928f3a000 	C:\WINDOWS\SYSTEM32\DNSAPI.dll
0x00007ff929760000 - 0x00007ff92976d000 	C:\WINDOWS\SYSTEM32\DSPARSE.dll
0x00007ff92b360000 - 0x00007ff92b36a000 	C:\WINDOWS\System32\NSI.dll
0x0000000053050000 - 0x0000000053076000 	C:\Program Files\Bonjour\mdnsNSP.dll
0x00007ff91f5f0000 - 0x00007ff91f5fb000 	C:\Windows\System32\rasadhlp.dll
0x00007ff921200000 - 0x00007ff921286000 	C:\WINDOWS\System32\fwpuclnt.dll
0x00007ff9149c0000 - 0x00007ff9149d0000 	C:\Users\javie\AppData\Roaming\Code\User\globalStorage\pleiades.java-extension-pack-jdk\java\21\bin\net.dll
0x00007ff920a80000 - 0x00007ff920ba9000 	C:\WINDOWS\SYSTEM32\WINHTTP.dll
0x00007ff913800000 - 0x00007ff913816000 	C:\Users\javie\AppData\Roaming\Code\User\globalStorage\pleiades.java-extension-pack-jdk\java\21\bin\nio.dll
0x00007ff913310000 - 0x00007ff913328000 	C:\Users\javie\AppData\Roaming\Code\User\globalStorage\pleiades.java-extension-pack-jdk\java\21\bin\zip.dll
0x00007ff9137f0000 - 0x00007ff9137fa000 	C:\Users\javie\AppData\Roaming\Code\User\globalStorage\pleiades.java-extension-pack-jdk\java\21\bin\management.dll
0x00007ff9137d0000 - 0x00007ff9137dc000 	C:\Users\javie\AppData\Roaming\Code\User\globalStorage\pleiades.java-extension-pack-jdk\java\21\bin\management_ext.dll
0x00007ff92cc80000 - 0x00007ff92cc88000 	C:\WINDOWS\System32\PSAPI.DLL
0x00007ff8fdf20000 - 0x00007ff8fdf38000 	C:\WINDOWS\system32\napinsp.dll
0x00007ff8fdf00000 - 0x00007ff8fdf13000 	C:\WINDOWS\System32\winrnr.dll
0x00007ff8fdd10000 - 0x00007ff8fdd32000 	C:\WINDOWS\system32\nlansp_c.dll
0x00007ff8fdcf0000 - 0x00007ff8fdd06000 	C:\WINDOWS\system32\wshbth.dll
0x00007ff929c50000 - 0x00007ff929c6b000 	C:\WINDOWS\SYSTEM32\CRYPTSP.dll
0x00007ff929330000 - 0x00007ff929369000 	C:\WINDOWS\system32\rsaenh.dll
0x00007ff929a00000 - 0x00007ff929a33000 	C:\WINDOWS\SYSTEM32\USERENV.dll
0x00007ff92a560000 - 0x00007ff92a58a000 	C:\WINDOWS\SYSTEM32\bcrypt.dll
0x00007ff929c70000 - 0x00007ff929c7c000 	C:\WINDOWS\SYSTEM32\CRYPTBASE.dll
0x00007ff913300000 - 0x00007ff913309000 	C:\Users\javie\AppData\Roaming\Code\User\globalStorage\pleiades.java-extension-pack-jdk\java\21\bin\extnet.dll
0x00007ff9131f0000 - 0x00007ff9131fe000 	C:\Users\javie\AppData\Roaming\Code\User\globalStorage\pleiades.java-extension-pack-jdk\java\21\bin\sunmscapi.dll
0x00007ff92ac60000 - 0x00007ff92add8000 	C:\WINDOWS\System32\CRYPT32.dll
0x00007ff929e70000 - 0x00007ff929ea0000 	C:\WINDOWS\SYSTEM32\ncrypt.dll
0x00007ff929e20000 - 0x00007ff929e5f000 	C:\WINDOWS\SYSTEM32\NTASN1.dll
0x00007ff913270000 - 0x00007ff913280000 	C:\Users\javie\AppData\Roaming\Code\User\globalStorage\pleiades.java-extension-pack-jdk\java\21\bin\verify.dll

JVMTI agents:
jdwp path:C:\Users\javie\AppData\Roaming\Code\User\globalStorage\pleiades.java-extension-pack-jdk\java\21\bin\jdwp.dll, loaded, initialized, options:transport=dt_socket,server=n,suspend=y,address=localhost:55997

dbghelp: loaded successfully - version: 4.0.5 - missing functions: none
symbol engine: initialized successfully - sym options: 0x614 - pdb path: .;C:\Users\javie\AppData\Roaming\Code\User\globalStorage\pleiades.java-extension-pack-jdk\java\21\bin;C:\WINDOWS\SYSTEM32;C:\WINDOWS\WinSxS\amd64_microsoft.windows.common-controls_6595b64144ccf1df_6.0.26100.8521_none_3e08b75ce33403b3;C:\Users\javie\AppData\Roaming\Code\User\globalStorage\pleiades.java-extension-pack-jdk\java\21\bin\server;C:\Program Files\Bonjour

VM Arguments:
jvm_args: -agentlib:jdwp=transport=dt_socket,server=n,suspend=y,address=localhost:55997 -XX:+ShowCodeDetailsInExceptionMessages -Dspring.jmx.enabled=true -Dmanagement.endpoints.jmx.exposure.include=* -Dspring.application.admin.enabled=true -Dspring.boot.project.name=TurnoHospital -Djava.rmi.server.hostname=localhost -Dcom.sun.management.jmxremote.port=10009 -Dcom.sun.management.jmxremote.authenticate=false -Dcom.sun.management.jmxremote.ssl=false 
java_command: com.example.TurnoHospital.TurnoHospitalApplication
java_class_path (initial): C:\Users\javie\Downloads\Hospital-Microservicios-master-1\TurnoHospital\target\classes;C:\Users\javie\.m2\repository\org\springframework\boot\spring-boot-starter-actuator\3.2.0\spring-boot-starter-actuator-3.2.0.jar;C:\Users\javie\.m2\repository\org\springframework\boot\spring-boot-starter\3.2.0\spring-boot-starter-3.2.0.jar;C:\Users\javie\.m2\repository\org\springframework\boot\spring-boot\3.2.0\spring-boot-3.2.0.jar;C:\Users\javie\.m2\repository\org\springframework\boot\spring-boot-autoconfigure\3.2.0\spring-boot-autoconfigure-3.2.0.jar;C:\Users\javie\.m2\repository\org\springframework\boot\spring-boot-starter-logging\3.2.0\spring-boot-starter-logging-3.2.0.jar;C:\Users\javie\.m2\repository\ch\qos\logback\logback-classic\1.4.11\logback-classic-1.4.11.jar;C:\Users\javie\.m2\repository\ch\qos\logback\logback-core\1.4.11\logback-core-1.4.11.jar;C:\Users\javie\.m2\repository\org\apache\logging\log4j\log4j-to-slf4j\2.21.1\log4j-to-slf4j-2.21.1.jar;C:\Users\javie\.m2\repository\org\apache\logging\log4j\log4j-api\2.21.1\log4j-api-2.21.1.jar;C:\Users\javie\.m2\repository\org\slf4j\jul-to-slf4j\2.0.9\jul-to-slf4j-2.0.9.jar;C:\Users\javie\.m2\repository\jakarta\annotation\jakarta.annotation-api\2.1.1\jakarta.annotation-api-2.1.1.jar;C:\Users\javie\.m2\repository\org\yaml\snakeyaml\2.2\snakeyaml-2.2.jar;C:\Users\javie\.m2\repository\org\springframework\boot\spring-boot-actuator-autoconfigure\3.2.0\spring-boot-actuator-autoconfigure-3.2.0.jar;C:\Users\javie\.m2\repository\org\springframework\boot\spring-boot-actuator\3.2.0\spring-boot-actuator-3.2.0.jar;C:\Users\javie\.m2\repository\com\fasterxml\jackson\core\jackson-databind\2.15.3\jackson-databind-2.15.3.jar;C:\Users\javie\.m2\repository\com\fasterxml\jackson\datatype\jackson-datatype-jsr310\2.15.3\jackson-datatype-jsr310-2.15.3.jar;C:\Users\javie\.m2\repository\io\micrometer\micrometer-observation\1.12.0\micrometer-observation-1.12.0.jar;C:\Users\javie\.m2\repository\io\micrometer\micrometer-commons\1.12.0\micrometer-commons-1.12.0.jar;C:\Users\javie\.m2\repository\io\micrometer\micrometer-jakarta9\1.12.0\micrometer-jakarta9-1.12.0.jar;C:\Users\javie\.m2\repository\io\micrometer\micrometer-core\1.12.0\micrometer-core-1.12.0.jar;C:\Users\javie\.m2\repository\org\hdrhistogram\HdrHistogram\2.1.12\HdrHistogram-2.1.12.jar;C:\Users\javie\.m2\repository\org\latencyutils\LatencyUtils\2.0.3\LatencyUtils-2.0.3.jar;C:\Users\javie\.m2\repository\org\springframework\boot\spring-boot-starter-data-jpa\3.2.0\spring-boot-starter-data-jpa-3.2.0.jar;C:\Users\javie\.m2\repository\org\springframework\boot\spring-boot-starter-aop\3.2.0\spring-boot-starter-aop-3.2.0.jar;C:\Users\javie\.m2\repository\org\aspectj\aspectjweaver\1.9.20.1\aspectjweaver-1.9.20.1.jar;C:\Users\javie\.m2\repository\org\springframework\boot\spring-boot-starter-jdbc\3.2.0\spring-boot-starter-jdbc-3.2.0.jar;C:\Users\javie\.m2\repository\com\zaxxer\HikariCP\5.0.1\HikariCP-5.0.1.jar;C:\Users\javie\.m2\repository\org\springframework\spring-jdbc\6.1.1\spring-jdbc-6.1.1.jar;C:\Users\javie\.m2\repository\org\hibernate\orm\hibernate-core\6.3.1.Final\hibernate-core-6.3.1.Final.jar;C:\Users\javie\.m2\repository\jakarta\persistence\jakarta.persistence-api\3.1.0\jakarta.persistence-api-3.1.0.jar;C:\Users\javie\.m2\repository\jakarta\transaction\jakarta.transaction-api\2.0.1\jakarta.transaction-api-2.0.1.jar;C:\Users\javie\.m2\repository\org\jboss\logging\jboss-logging\3.5.3.Final\jboss-logging-3.5.3.Final.jar;C:\Users\javie\.m2\repository\org\hibernate\common\hibernate-commons-annotations\6.0.6.Final\hibernate-commons-annotations-6.0.6.Final.jar;C:\Users\javie\.m2\repository\io\smallrye\jandex\3.1.2\jandex-3.1.2.jar;C:\Users\javie\.m2\repository\com\fasterxml\classmate\1.6.0\classmate-1.6.0.jar;C:\Users\javie\.m2\repository\net\bytebuddy\byte-buddy\1.14.10\byte-buddy-1.14.10.jar;C:\Users\javie\.m2\repository\org\glassfish\jaxb\jaxb-runtime\4.0.4\jaxb-runtime-4.0.4.jar;C:\Users\javie\.m2\repository\org\glassfish\jaxb\jaxb-core\4.0.4\jaxb-core-4.0.4.jar;C:\Users\javie\.m2\repository\org\eclipse\angus\angus-activation\2.0.1\angus-activation-2.0.1.jar;C:\Users\javie\.m2\repository\org\glassfish\jaxb\txw2\4.0.4\txw2-4.0.4.jar;C:\Users\javie\.m2\repository\com\sun\istack\istack-commons-runtime\4.1.2\istack-commons-runtime-4.1.2.jar;C:\Users\javie\.m2\repository\jakarta\inject\jakarta.inject-api\2.0.1\jakarta.inject-api-2.0.1.jar;C:\Users\javie\.m2\repository\org\antlr\antlr4-runtime\4.10.1\antlr4-runtime-4.10.1.jar;C:\Users\javie\.m2\repository\org\springframework\data\spring-data-jpa\3.2.0\spring-data-jpa-3.2.0.jar;C:\Users\javie\.m2\repository\org\springframework\data\spring-data-commons\3.2.0\spring-data-commons-3.2.0.jar;C:\Users\javie\.m2\repository\org\springframework\spring-orm\6.1.1\spring-orm-6.1.1.jar;C:\Users\javie\.m2\repository\org\springframework\spring-context\6.1.1\spring-context-6.1.1.jar;C:\Users\javie\.m2\repository\org\springframework\spring-tx\6.1.1\spring-tx-6.1.1.jar;C:\Users\javie\.m2\repository\org\springframework\spring-beans\6.1.1\spring-beans-6.1.1.jar;C:\Users\javie\.m2\repository\org\slf4j\slf4j-api\2.0.9\slf4j-api-2.0.9.jar;C:\Users\javie\.m2\repository\org\springframework\spring-aspects\6.1.1\spring-aspects-6.1.1.jar;C:\Users\javie\.m2\repository\org\springframework\boot\spring-boot-starter-security\3.2.0\spring-boot-starter-security-3.2.0.jar;C:\Users\javie\.m2\repository\org\springframework\spring-aop\6.1.1\spring-aop-6.1.1.jar;C:\Users\javie\.m2\repository\org\springframework\security\spring-security-config\6.2.0\spring-security-config-6.2.0.jar;C:\Users\javie\.m2\repository\org\springframework\security\spring-security-web\6.2.0\spring-security-web-6.2.0.jar;C:\Users\javie\.m2\repository\org\springframework\spring-expression\6.1.1\spring-expression-6.1.1.jar;C:\Users\javie\.m2\repository\org\springframework\boot\spring-boot-starter-validation\3.2.0\spring-boot-starter-validation-3.2.0.jar;C:\Users\javie\.m2\repository\org\apache\tomcat\embed\tomcat-embed-el\10.1.16\tomcat-embed-el-10.1.16.jar;C:\Users\javie\.m2\repository\org\hibernate\validator\hibernate-validator\8.0.1.Final\hibernate-validator-8.0.1.Final.jar;C:\Users\javie\.m2\repository\jakarta\validation\jakarta.validation-api\3.0.2\jakarta.validation-api-3.0.2.jar;C:\Users\javie\.m2\repository\org\springframework\boot\spring-boot-starter-web\3.2.0\spring-boot-starter-web-3.2.0.jar;C:\Users\javie\.m2\repository\org\springframework\boot\spring-boot-starter-json\3.2.0\spring-boot-starter-json-3.2.0.jar;C:\Users\javie\.m2\repository\com\fasterxml\jackson\datatype\jackson-datatype-jdk8\2.15.3\jackson-datatype-jdk8-2.15.3.jar;C:\Users\javie\.m2\repository\com\fasterxml\jackson\module\jackson-module-parameter-names\2.15.3\jackson-module-parameter-names-2.15.3.jar;C:\Users\javie\.m2\repository\org\springframework\boot\spring-boot-starter-tomcat\3.2.0\spring-boot-starter-tomcat-3.2.0.jar;C:\Users\javie\.m2\repository\org\apache\tomcat\embed\tomcat-embed-core\10.1.16\tomcat-embed-core-10.1.16.jar;C:\Users\javie\.m2\repository\org\apache\tomcat\embed\tomcat-embed-websocket\10.1.16\tomcat-embed-websocket-10.1.16.jar;C:\Users\javie\.m2\repository\org\springframework\spring-web\6.1.1\spring-web-6.1.1.jar;C:\Users\javie\.m2\repository\org\springframework\spring-webmvc\6.1.1\spring-webmvc-6.1.1.jar;C:\Users\javie\.m2\repository\org\flywaydb\flyway-core\9.22.3\flyway-core-9.22.3.jar;C:\Users\javie\.m2\repository\com\fasterxml\jackson\dataformat\jackson-dataformat-toml\2.15.3\jackson-dataformat-toml-2.15.3.jar;C:\Users\javie\.m2\repository\com\fasterxml\jackson\core\jackson-core\2.15.3\jackson-core-2.15.3.jar;C:\Users\javie\.m2\repository\com\google\code\gson\gson\2.10.1\gson-2.10.1.jar;C:\Users\javie\.m2\repository\org\flywaydb\flyway-mysql\9.22.3\flyway-mysql-9.22.3.jar;C:\Users\javie\.m2\repository\com\mysql\mysql-connector-j\8.1.0\mysql-connector-j-8.1.0.jar;C:\Users\javie\.m2\repository\org\projectlombok\lombok\1.18.42\lombok-1.18.42.jar;C:\Users\javie\.m2\repository\org\springframework\cloud\spring-cloud-starter-netflix-eureka-client\4.1.1\spring-cloud-starter-netflix-eureka-client-4.1.1.jar;C:\Users\javie\.m2\repository\org\springframework\cloud\spring-cloud-starter\4.1.2\spring-cloud-starter-4.1.2.jar;C:\Users\javie\.m2\repository\org\springframework\cloud\spring-cloud-context\4.1.2\spring-cloud-context-4.1.2.jar;C:\Users\javie\.m2\repository\org\springframework\cloud\spring-cloud-commons\4.1.2\spring-cloud-commons-4.1.2.jar;C:\Users\javie\.m2\repository\org\springframework\security\spring-security-rsa\1.1.2\spring-security-rsa-1.1.2.jar;C:\Users\javie\.m2\repository\org\bouncycastle\bcprov-jdk18on\1.77\bcprov-jdk18on-1.77.jar;C:\Users\javie\.m2\repository\org\springframework\cloud\spring-cloud-netflix-eureka-client\4.1.1\spring-cloud-netflix-eureka-client-4.1.1.jar;C:\Users\javie\.m2\repository\org\apache\httpcomponents\client5\httpclient5\5.2.1\httpclient5-5.2.1.jar;C:\Users\javie\.m2\repository\org\apache\httpcomponents\core5\httpcore5\5.2.3\httpcore5-5.2.3.jar;C:\Users\javie\.m2\repository\org\apache\httpcomponents\core5\httpcore5-h2\5.2.3\httpcore5-h2-5.2.3.jar;C:\Users\javie\.m2\repository\com\netflix\eureka\eureka-client\2.0.2\eureka-client-2.0.2.jar;C:\Users\javie\.m2\repository\com\netflix\netflix-commons\netflix-eventbus\0.3.0\netflix-eventbus-0.3.0.jar;C:\Users\javie\.m2\repository\com\netflix\netflix-commons\netflix-infix\0.3.0\netflix-infix-0.3.0.jar;C:\Users\javie\.m2\repository\commons-jxpath\commons-jxpath\1.3\commons-jxpath-1.3.jar;C:\Users\javie\.m2\repository\joda-time\joda-time\2.3\joda-time-2.3.jar;C:\Users\javie\.m2\repository\org\antlr\antlr-runtime\3.4\antlr-runtime-3.4.jar;C:\Users\javie\.m2\repository\org\antlr\stringtemplate\3.2.1\stringtemplate-3.2.1.jar;C:\Users\javie\.m2\repository\antlr\antlr\2.7.7\antlr-2.7.7.jar;C:\Users\javie\.m2\repository\org\apache\commons\commons-math\2.2\commons-math-2.2.jar;C:\Users\javie\.m2\repository\com\thoughtworks\xstream\xstream\1.4.19\xstream-1.4.19.jar;C:\Users\javie\.m2\repository\io\github\x-stream\mxparser\1.2.2\mxparser-1.2.2.jar;C:\Users\javie\.m2\repository\xmlpull\xmlpull\1.1.3.1\xmlpull-1.1.3.1.jar;C:\Users\javie\.m2\repository\jakarta\ws\rs\jakarta.ws.rs-api\3.1.0\jakarta.ws.rs-api-3.1.0.jar;C:\Users\javie\.m2\repository\com\netflix\servo\servo-core\0.12.21\servo-core-0.12.21.jar;C:\Users\javie\.m2\repository\com\google\guava\guava\19.0\guava-19.0.jar;C:\Users\javie\.m2\repository\org\apache\httpcomponents\httpclient\4.5.3\httpclient-4.5.3.jar;C:\Users\javie\.m2\repository\org\apache\httpcomponents\httpcore\4.4.16\httpcore-4.4.16.jar;C:\Users\javie\.m2\repository\commons-codec\commons-codec\1.16.0\commons-codec-1.16.0.jar;C:\Users\javie\.m2\repository\commons-configuration\commons-configuration\1.10\commons-configuration-1.10.jar;C:\Users\javie\.m2\repository\commons-lang\commons-lang\2.6\commons-lang-2.6.jar;C:\Users\javie\.m2\repository\com\fasterxml\jackson\core\jackson-annotations\2.15.3\jackson-annotations-2.15.3.jar;C:\Users\javie\.m2\repository\org\codehaus\jettison\jettison\1.5.4\jettison-1.5.4.jar;C:\Users\javie\.m2\repository\com\netflix\eureka\eureka-core\2.0.2\eureka-core-2.0.2.jar;C:\Users\javie\.m2\repository\com\fasterxml\woodstox\woodstox-core\6.2.1\woodstox-core-6.2.1.jar;C:\Users\javie\.m2\repository\org\codehaus\woodstox\stax2-api\4.2.1\stax2-api-4.2.1.jar;C:\Users\javie\.m2\repository\org\springframework\cloud\spring-cloud-starter-loadbalancer\4.1.2\spring-cloud-starter-loadbalancer-4.1.2.jar;C:\Users\javie\.m2\repository\org\springframework\cloud\spring-cloud-loadbalancer\4.1.2\spring-cloud-loadbalancer-4.1.2.jar;C:\Users\javie\.m2\repository\io\projectreactor\reactor-core\3.6.0\reactor-core-3.6.0.jar;C:\Users\javie\.m2\repository\org\reactivestreams\reactive-streams\1.0.4\reactive-streams-1.0.4.jar;C:\Users\javie\.m2\repository\io\projectreactor\addons\reactor-extra\3.5.1\reactor-extra-3.5.1.jar;C:\Users\javie\.m2\repository\org\springframework\boot\spring-boot-starter-cache\3.2.0\spring-boot-starter-cache-3.2.0.jar;C:\Users\javie\.m2\repository\org\springframework\spring-context-support\6.1.1\spring-context-support-6.1.1.jar;C:\Users\javie\.m2\repository\com\stoyanr\evictor\1.0.0\evictor-1.0.0.jar;C:\Users\javie\.m2\repository\org\springdoc\springdoc-openapi-starter-webmvc-ui\2.3.0\springdoc-openapi-starter-webmvc-ui-2.3.0.jar;C:\Users\javie\.m2\repository\org\springdoc\springdoc-openapi-starter-webmvc-api\2.3.0\springdoc-openapi-starter-webmvc-api-2.3.0.jar;C:\Users\javie\.m2\repository\org\springdoc\springdoc-openapi-starter-common\2.3.0\springdoc-openapi-starter-common-2.3.0.jar;C:\Users\javie\.m2\repository\io\swagger\core\v3\swagger-core-jakarta\2.2.19\swagger-core-jakarta-2.2.19.jar;C:\Users\javie\.m2\repository\org\apache\commons\commons-lang3\3.13.0\commons-lang3-3.13.0.jar;C:\Users\javie\.m2\repository\io\swagger\core\v3\swagger-annotations-jakarta\2.2.19\swagger-annotations-jakarta-2.2.19.jar;C:\Users\javie\.m2\repository\io\swagger\core\v3\swagger-models-jakarta\2.2.19\swagger-models-jakarta-2.2.19.jar;C:\Users\javie\.m2\repository\com\fasterxml\jackson\dataformat\jackson-dataformat-yaml\2.15.3\jackson-dataformat-yaml-2.15.3.jar;C:\Users\javie\.m2\repository\org\webjars\swagger-ui\5.10.3\swagger-ui-5.10.3.jar;C:\Users\javie\.m2\repository\jakarta\xml\bind\jakarta.xml.bind-api\4.0.1\jakarta.xml.bind-api-4.0.1.jar;C:\Users\javie\.m2\repository\jakarta\activation\jakarta.activation-api\2.1.2\jakarta.activation-api-2.1.2.jar;C:\Users\javie\.m2\repository\org\springframework\spring-core\6.1.1\spring-core-6.1.1.jar;C:\Users\javie\.m2\repository\org\springframework\spring-jcl\6.1.1\spring-jcl-6.1.1.jar;C:\Users\javie\.m2\repository\org\springframework\security\spring-security-core\6.2.0\spring-security-core-6.2.0.jar;C:\Users\javie\.m2\repository\org\springframework\security\spring-security-crypto\6.2.0\spring-security-crypto-6.2.0.jar
Launcher Type: SUN_STANDARD

[Global flags]
     intx CICompilerCount                          = 4                                         {product} {ergonomic}
     uint ConcGCThreads                            = 2                                         {product} {ergonomic}
     uint G1ConcRefinementThreads                  = 8                                         {product} {ergonomic}
   size_t G1HeapRegionSize                         = 1048576                                   {product} {ergonomic}
    uintx GCDrainStackTargetSize                   = 64                                        {product} {ergonomic}
   size_t InitialHeapSize                          = 132120576                                 {product} {ergonomic}
     bool ManagementServer                         = true                                      {product} {command line}
   size_t MarkStackSize                            = 4194304                                   {product} {ergonomic}
   size_t MaxHeapSize                              = 2095054848                                {product} {ergonomic}
   size_t MaxNewSize                               = 1256194048                                {product} {ergonomic}
   size_t MinHeapDeltaBytes                        = 1048576                                   {product} {ergonomic}
   size_t MinHeapSize                              = 8388608                                   {product} {ergonomic}
    uintx NonNMethodCodeHeapSize                   = 5839372                                {pd product} {ergonomic}
    uintx NonProfiledCodeHeapSize                  = 122909434                              {pd product} {ergonomic}
    uintx ProfiledCodeHeapSize                     = 122909434                              {pd product} {ergonomic}
    uintx ReservedCodeCacheSize                    = 251658240                              {pd product} {ergonomic}
     bool SegmentedCodeCache                       = true                                      {product} {ergonomic}
     bool ShowCodeDetailsInExceptionMessages       = true                                   {manageable} {command line}
   size_t SoftMaxHeapSize                          = 2095054848                             {manageable} {ergonomic}
     bool UseCompressedOops                        = true                           {product lp64_product} {ergonomic}
     bool UseG1GC                                  = true                                      {product} {ergonomic}
     bool UseLargePagesIndividualAllocation        = false                                  {pd product} {ergonomic}

Logging:
Log output configuration:
 #0: stdout all=warning uptime,level,tags foldmultilines=false
 #1: stderr all=off uptime,level,tags foldmultilines=false

Release file:
IMPLEMENTOR="Eclipse Adoptium" 
IMPLEMENTOR_VERSION="Temurin-21.0.11+10" 
JAVA_RUNTIME_VERSION="21.0.11+10-LTS" 
JAVA_VERSION="21.0.11" 
JAVA_VERSION_DATE="2026-04-21" 
LIBC="default" 
MODULES="java.base java.compiler java.datatransfer java.xml java.prefs java.desktop java.instrument java.logging java.management java.security.sasl java.naming java.rmi java.management.rmi java.net.http java.scripting java.security.jgss java.transaction.xa java.sql java.sql.rowset java.xml.crypto java.se java.smartcardio jdk.accessibility jdk.internal.jvmstat jdk.attach jdk.charsets jdk.internal.opt jdk.zipfs jdk.compiler jdk.crypto.ec jdk.crypto.cryptoki jdk.crypto.mscapi jdk.dynalink jdk.internal.ed jdk.editpad jdk.hotspot.agent jdk.httpserver jdk.incubator.vector jdk.internal.le jdk.internal.vm.ci jdk.internal.vm.compiler jdk.internal.vm.compiler.management jdk.jartool jdk.javadoc jdk.jcmd jdk.management jdk.management.agent jdk.jconsole jdk.jdeps jdk.jdwp.agent jdk.jdi jdk.jfr jdk.jlink jdk.jpackage jdk.jshell jdk.jsobject jdk.jstatd jdk.localedata jdk.management.jfr jdk.naming.dns jdk.naming.rmi jdk.net jdk.nio.mapmode jdk.random jdk.sctp jdk.security.auth jdk.security.jgss jdk.unsupported jdk.unsupported.desktop jdk.xml.dom" 
OS_ARCH="x86_64" 
OS_NAME="Windows" 
SOURCE=".:git:254494ad7d75" 
BUILD_SOURCE="git:a612825ee82a20ac872d60958c349854c1f29a8e"
BUILD_SOURCE_REPO="https://github.com/adoptium/temurin-build.git"
SOURCE_REPO="https://github.com/adoptium/jdk21u.git"
FULL_VERSION="21.0.11+10-LTS"
SEMANTIC_VERSION="21.0.11+10"
BUILD_INFO="OS: Windows Server 2022 Version: 10.0"
JVM_VARIANT="Hotspot"
JVM_VERSION="21.0.11+10-LTS"
IMAGE_TYPE="JDK"

Environment Variables:
JAVA_HOME=C:\Program Files\Java\jdk-25
PATH=C:\Users\javie\AppData\Roaming\Code\User\globalStorage\pleiades.java-extension-pack-jdk\gradle\latest\bin;C:\Users\javie\AppData\Roaming\Code\User\globalStorage\pleiades.java-extension-pack-jdk\maven\latest\bin;C:\Program Files\Java\jdk-25\bin;C:\Python314\Scripts\;C:\Python314\;C:\Program Files\Common Files\Oracle\Java\javapath;C:\WINDOWS\system32;C:\WINDOWS;C:\WINDOWS\System32\Wbem;C:\WINDOWS\System32\WindowsPowerShell\v1.0\;C:\WINDOWS\System32\OpenSSH\;C:\Program Files\dotnet\;C:\Program Files\Git\cmd;C:\Program Files\nodejs\;C:\ProgramData\chocolatey\bin;C:\Users\javie\AppData\Local\Programs\Python\Python313\Scripts\;C:\Users\javie\AppData\Local\Programs\Python\Python313\;C:\Users\javie\Downloads\sonarqube-25.5.0.107428\sonar-scanner-7.1.0.4889\bin;C:\Users\javie\AppData\Local\Programs\Microsoft VS Code\bin;;C:\Users\javie\AppData\Local\Programs\DockerDesktop\resources\bin;C:\Users\javie\AppData\Roaming\npm;c:\Users\javie\.vscode\extensions\vscjava.vscode-java-debug-0.59.0\bundled\scripts\noConfigScripts
USERNAME=javie
LANG=es_ES.UTF-8
OS=Windows_NT
PROCESSOR_IDENTIFIER=Intel64 Family 6 Model 140 Stepping 1, GenuineIntel
TMP=C:\Users\javie\AppData\Local\Temp
TEMP=C:\Users\javie\AppData\Local\Temp




Periodic native trim disabled

---------------  S Y S T E M  ---------------

OS:
 Windows 11 , 64 bit Build 26100 (10.0.26100.8521)
OS uptime: 2 days 5:27 hours
Hyper-V role detected

CPU: total 8 (initial active 8) (4 cores per cpu, 2 threads per core) family 6 model 140 stepping 1 microcode 0x86, cx8, cmov, fxsr, ht, mmx, 3dnowpref, sse, sse2, sse3, ssse3, sse4.1, sse4.2, popcnt, lzcnt, tsc, tscinvbit, avx, avx2, aes, erms, clmul, bmi1, bmi2, adx, avx512f, avx512dq, avx512cd, avx512bw, avx512vl, sha, fma, vzeroupper, avx512_vpopcntdq, avx512_vpclmulqdq, avx512_vaes, avx512_vnni, clflush, clflushopt, clwb, avx512_vbmi2, avx512_vbmi, hv, rdtscp, rdpid, fsrm, gfni, avx512_bitalg, f16c, cet_ibt, cet_ss, avx512_ifma
Processor Information for the first 8 processors :
  Max Mhz: 2419, Current Mhz: 2419, Mhz Limit: 2419

Memory: 4k page, system-wide physical 7987M (361M free)
TotalPageFile size 24371M (AvailPageFile size 5M)
current process WorkingSet (physical memory assigned to process): 289M, peak: 317M
current process commit charge ("private bytes"): 351M, peak: 360M

vm_info: OpenJDK 64-Bit Server VM (21.0.11+10-LTS) for windows-amd64 JRE (21.0.11+10-LTS), built on 2026-04-21T00:00:00Z by "admin" with MS VC++ 17.12 (VS2022)

END.
