#
# There is insufficient memory for the Java Runtime Environment to continue.
# Native memory allocation (mmap) failed to map 132120576 bytes. Error detail: G1 virtual space
# Possible reasons:
#   The system is out of physical RAM or swap space
#   This process is running with CompressedOops enabled, and the Java Heap may be blocking the growth of the native heap
# Possible solutions:
#   Reduce memory load on the system
#   Increase physical memory or swap space
#   Check if swap backing store is full
#   Decrease Java heap size (-Xmx/-Xms)
#   Decrease number of Java threads
#   Decrease Java thread stack sizes (-Xss)
#   Set larger code cache with -XX:ReservedCodeCacheSize=
#   JVM is running with Unscaled Compressed Oops mode in which the Java heap is
#     placed in the first 4GB address space. The Java Heap base address is the
#     maximum limit for the native heap growth. Please use -XX:HeapBaseMinAddress
#     to set the Java Heap base and to place the Java Heap above 4GB virtual address.
# This output file may be truncated or incomplete.
#
#  Out of Memory Error (os_windows.cpp:3714), pid=21672, tid=13412
#
# JRE version:  (21.0.11+10) (build )
# Java VM: OpenJDK 64-Bit Server VM (21.0.11+10-LTS, mixed mode, sharing, tiered, compressed oops, compressed class ptrs, g1 gc, windows-amd64)
# No core dump will be written. Minidumps are not enabled by default on client versions of Windows
#

---------------  S U M M A R Y ------------

Command Line: -Dnet.bytebuddy.agent.attacher.dump= net.bytebuddy.agent.Attacher com.sun.tools.attach.VirtualMachine 15924 C:\Users\javie\.m2\repository\net\bytebuddy\byte-buddy-agent\1.14.10\byte-buddy-agent-1.14.10.jar false 

Host: 11th Gen Intel(R) Core(TM) i5-1135G7 @ 2.40GHz, 8 cores, 7G,  Windows 11 , 64 bit Build 26100 (10.0.26100.8521)
Time: Fri Jun 19 20:33:24 2026 Hora est. Sudam廨ica Pac璗ico elapsed time: 1.174843 seconds (0d 0h 0m 1s)

---------------  T H R E A D  ---------------

Current thread (0x00000200729d44c0):  JavaThread "Unknown thread" [_thread_in_vm, id=13412, stack(0x000000da21500000,0x000000da21600000) (1024K)]

Stack: [0x000000da21500000,0x000000da21600000]
Native frames: (J=compiled Java code, j=interpreted, Vv=VM code, C=native code)
V  [jvm.dll+0x6d7e19]
V  [jvm.dll+0x8b5096]
V  [jvm.dll+0x8b764e]
V  [jvm.dll+0x8b7d33]
V  [jvm.dll+0x284596]
V  [jvm.dll+0x6d4735]
V  [jvm.dll+0x6c845a]
V  [jvm.dll+0x35ef08]
V  [jvm.dll+0x366b46]
V  [jvm.dll+0x3b7c2e]
V  [jvm.dll+0x3b7ed8]
V  [jvm.dll+0x33310c]
V  [jvm.dll+0x333c5b]
V  [jvm.dll+0x87f04b]
V  [jvm.dll+0x3c4bb1]
V  [jvm.dll+0x868295]
V  [jvm.dll+0x457c41]
V  [jvm.dll+0x459831]
C  [jli.dll+0x52dc]
C  [ucrtbase.dll+0x2cd30]
C  [KERNEL32.DLL+0x2e957]
C  [ntdll.dll+0x87c1c]


---------------  P R O C E S S  ---------------

Threads class SMR info:
_java_thread_list=0x00007ffcf7ccb1c8, length=0, elements={
}

Java Threads: ( => current thread )
Total: 0

Other Threads:
  0x0000020074cd2fc0 WorkerThread "GC Thread#0"                     [id=12320, stack(0x000000da21600000,0x000000da21700000) (1024K)]
  0x0000020074ce3c80 ConcurrentGCThread "G1 Main Marker"            [id=16260, stack(0x000000da21700000,0x000000da21800000) (1024K)]
  0x0000020074ce84c0 WorkerThread "G1 Conc#0"                       [id=17216, stack(0x000000da21800000,0x000000da21900000) (1024K)]

[error occurred during error reporting (printing all threads), id 0xc0000005, EXCEPTION_ACCESS_VIOLATION (0xc0000005) at pc=0x00007ffcf73c57f7]
VM state: not at safepoint (not fully initialized)

VM Mutex/Monitor currently owned by a thread:  ([mutex/lock_event])
[0x00007ffcf7d3f670] Heap_lock - owner thread: 0x00000200729d44c0

Heap address: 0x0000000083200000, size: 1998 MB, Compressed Oops mode: 32-bit

CDS archive(s) mapped at: [0x0000000000000000-0x0000000000000000-0x0000000000000000), size 0, SharedBaseAddress: 0x0000000800000000, ArchiveRelocationMode: 1.
Narrow klass base: 0x0000000000000000, Narrow klass shift: 0, Narrow klass range: 0x0

GC Precious Log:
 CardTable entry size: 512
 Card Set container configuration: InlinePtr #cards 5 size 8 Array Of Cards #cards 12 size 40 Howl #buckets 4 coarsen threshold 1843 Howl Bitmap #cards 512 size 80 coarsen threshold 460 Card regions per heap region 1 cards per card region 2048

Heap:
 garbage-first heap   total 0K, used 0K [0x0000000083200000, 0x0000000100000000)
  region size 1024K, 0 young (0K), 0 survivors (0K)

[error occurred during error reporting (printing heap information), id 0xc0000005, EXCEPTION_ACCESS_VIOLATION (0xc0000005) at pc=0x00007ffcf77b1789]
GC Heap History (0 events):
No events

Dll operation events (1 events):
Event: 0.010 Loaded shared library C:\Users\javie\AppData\Roaming\Code\User\globalStorage\pleiades.java-extension-pack-jdk\java\21\bin\java.dll

Deoptimization events (0 events):
No events

Classes loaded (0 events):
No events

Classes unloaded (0 events):
No events

Classes redefined (0 events):
No events

Internal exceptions (0 events):
No events

ZGC Phase Switch (0 events):
No events

VM Operations (0 events):
No events

Memory protections (0 events):
No events

Nmethod flushes (0 events):
No events

Events (0 events):
No events


Dynamic libraries:
0x00007ff66d930000 - 0x00007ff66d93e000 	C:\Users\javie\AppData\Roaming\Code\User\globalStorage\pleiades.java-extension-pack-jdk\java\21\bin\java.exe
0x00007ffd8b940000 - 0x00007ffd8bba6000 	C:\WINDOWS\SYSTEM32\ntdll.dll
0x00007ffd8a520000 - 0x00007ffd8a5e9000 	C:\WINDOWS\System32\KERNEL32.DLL
0x00007ffd88e30000 - 0x00007ffd8922a000 	C:\WINDOWS\System32\KERNELBASE.dll
0x00007ffd89360000 - 0x00007ffd894ac000 	C:\WINDOWS\System32\ucrtbase.dll
0x00007ffd85460000 - 0x00007ffd85478000 	C:\Users\javie\AppData\Roaming\Code\User\globalStorage\pleiades.java-extension-pack-jdk\java\21\bin\jli.dll
0x00007ffd85370000 - 0x00007ffd8538e000 	C:\Users\javie\AppData\Roaming\Code\User\globalStorage\pleiades.java-extension-pack-jdk\java\21\bin\VCRUNTIME140.dll
0x00007ffd8aca0000 - 0x00007ffd8ae67000 	C:\WINDOWS\System32\USER32.dll
0x00007ffd6fd50000 - 0x00007ffd6ffe2000 	C:\WINDOWS\WinSxS\amd64_microsoft.windows.common-controls_6595b64144ccf1df_6.0.26100.8521_none_3e08b75ce33403b3\COMCTL32.dll
0x00007ffd88e00000 - 0x00007ffd88e27000 	C:\WINDOWS\System32\win32u.dll
0x00007ffd8b790000 - 0x00007ffd8b839000 	C:\WINDOWS\System32\msvcrt.dll
0x00007ffd89fc0000 - 0x00007ffd89feb000 	C:\WINDOWS\System32\GDI32.dll
0x00007ffd89230000 - 0x00007ffd8935b000 	C:\WINDOWS\System32\gdi32full.dll
0x00007ffd88d50000 - 0x00007ffd88df3000 	C:\WINDOWS\System32\msvcp_win.dll
0x00007ffd8a2e0000 - 0x00007ffd8a312000 	C:\WINDOWS\System32\IMM32.DLL
0x00007ffd85360000 - 0x00007ffd8536c000 	C:\Users\javie\AppData\Roaming\Code\User\globalStorage\pleiades.java-extension-pack-jdk\java\21\bin\vcruntime140_1.dll
0x00007ffd77530000 - 0x00007ffd775bd000 	C:\Users\javie\AppData\Roaming\Code\User\globalStorage\pleiades.java-extension-pack-jdk\java\21\bin\msvcp140.dll
0x00007ffcf7080000 - 0x00007ffcf7e22000 	C:\Users\javie\AppData\Roaming\Code\User\globalStorage\pleiades.java-extension-pack-jdk\java\21\bin\server\jvm.dll
0x00007ffd8b840000 - 0x00007ffd8b8f6000 	C:\WINDOWS\System32\ADVAPI32.dll
0x00007ffd8a000000 - 0x00007ffd8a0aa000 	C:\WINDOWS\System32\sechost.dll
0x00007ffd8b670000 - 0x00007ffd8b788000 	C:\WINDOWS\System32\RPCRT4.dll
0x00007ffd8a250000 - 0x00007ffd8a2d0000 	C:\WINDOWS\System32\WS2_32.dll
0x00007ffd88a30000 - 0x00007ffd88a8e000 	C:\WINDOWS\SYSTEM32\POWRPROF.dll
0x00007ffd762d0000 - 0x00007ffd762db000 	C:\WINDOWS\SYSTEM32\VERSION.dll
0x00007ffd73860000 - 0x00007ffd73896000 	C:\WINDOWS\SYSTEM32\WINMM.dll
0x00007ffd88a10000 - 0x00007ffd88a24000 	C:\WINDOWS\SYSTEM32\UMPDC.dll
0x00007ffd878c0000 - 0x00007ffd878db000 	C:\WINDOWS\SYSTEM32\kernel.appcore.dll
0x00007ffd85350000 - 0x00007ffd8535a000 	C:\Users\javie\AppData\Roaming\Code\User\globalStorage\pleiades.java-extension-pack-jdk\java\21\bin\jimage.dll
0x00007ffd860d0000 - 0x00007ffd86312000 	C:\WINDOWS\SYSTEM32\DBGHELP.DLL
0x00007ffd8a6c0000 - 0x00007ffd8aa43000 	C:\WINDOWS\System32\combase.dll
0x00007ffd8a320000 - 0x00007ffd8a3f9000 	C:\WINDOWS\System32\OLEAUT32.dll
0x00007ffd69420000 - 0x00007ffd6945b000 	C:\WINDOWS\SYSTEM32\dbgcore.DLL
0x00007ffd894b0000 - 0x00007ffd89558000 	C:\WINDOWS\System32\bcryptPrimitives.dll
0x00007ffd84ad0000 - 0x00007ffd84af0000 	C:\Users\javie\AppData\Roaming\Code\User\globalStorage\pleiades.java-extension-pack-jdk\java\21\bin\java.dll

JVMTI agents: none

dbghelp: loaded successfully - version: 4.0.5 - missing functions: none
symbol engine: initialized successfully - sym options: 0x614 - pdb path: .;C:\Users\javie\AppData\Roaming\Code\User\globalStorage\pleiades.java-extension-pack-jdk\java\21\bin;C:\WINDOWS\SYSTEM32;C:\WINDOWS\WinSxS\amd64_microsoft.windows.common-controls_6595b64144ccf1df_6.0.26100.8521_none_3e08b75ce33403b3;C:\Users\javie\AppData\Roaming\Code\User\globalStorage\pleiades.java-extension-pack-jdk\java\21\bin\server

VM Arguments:
jvm_args: -Dnet.bytebuddy.agent.attacher.dump= 
java_command: net.bytebuddy.agent.Attacher com.sun.tools.attach.VirtualMachine 15924 C:\Users\javie\.m2\repository\net\bytebuddy\byte-buddy-agent\1.14.10\byte-buddy-agent-1.14.10.jar false 
java_class_path (initial): C:\Users\javie\.m2\repository\net\bytebuddy\byte-buddy-agent\1.14.10\byte-buddy-agent-1.14.10.jar
Launcher Type: SUN_STANDARD

[Global flags]
     intx CICompilerCount                          = 4                                         {product} {ergonomic}
     uint ConcGCThreads                            = 2                                         {product} {ergonomic}
     uint G1ConcRefinementThreads                  = 8                                         {product} {ergonomic}
   size_t G1HeapRegionSize                         = 1048576                                   {product} {ergonomic}
    uintx GCDrainStackTargetSize                   = 64                                        {product} {ergonomic}
   size_t InitialHeapSize                          = 132120576                                 {product} {ergonomic}
   size_t MarkStackSize                            = 4194304                                   {product} {ergonomic}
   size_t MaxHeapSize                              = 2095054848                                {product} {ergonomic}
   size_t MinHeapDeltaBytes                        = 1048576                                   {product} {ergonomic}
   size_t MinHeapSize                              = 8388608                                   {product} {ergonomic}
    uintx NonNMethodCodeHeapSize                   = 5839372                                {pd product} {ergonomic}
    uintx NonProfiledCodeHeapSize                  = 122909434                              {pd product} {ergonomic}
    uintx ProfiledCodeHeapSize                     = 122909434                              {pd product} {ergonomic}
    uintx ReservedCodeCacheSize                    = 251658240                              {pd product} {ergonomic}
     bool SegmentedCodeCache                       = true                                      {product} {ergonomic}
   size_t SoftMaxHeapSize                          = 2095054848                             {manageable} {ergonomic}
     bool UseCompressedOops                        = true                           {product lp64_product} {ergonomic}
     bool UseG1GC                                  = true                                      {product} {ergonomic}
     bool UseLargePagesIndividualAllocation        = false                                  {pd product} {ergonomic}

Logging:
Log output configuration:
 #0: stdout all=warning uptime,level,tags foldmultilines=false
 #1: stderr all=off uptime,level,tags foldmultilines=false

Release file:
<release file has not been read>
Environment Variables:
PATH=C:\Python314\Scripts\;C:\Python314\;C:\Program Files\Common Files\Oracle\Java\javapath;C:\WINDOWS\system32;C:\WINDOWS;C:\WINDOWS\System32\Wbem;C:\WINDOWS\System32\WindowsPowerShell\v1.0\;C:\WINDOWS\System32\OpenSSH\;C:\Program Files\dotnet\;C:\Program Files\Git\cmd;C:\Program Files\nodejs\;C:\ProgramData\chocolatey\bin;C:\Users\javie\AppData\Local\Programs\Python\Python313\Scripts\;C:\Users\javie\AppData\Local\Programs\Python\Python313\;C:\Users\javie\Downloads\sonarqube-25.5.0.107428\sonar-scanner-7.1.0.4889\bin;C:\Users\javie\AppData\Local\Programs\Microsoft VS Code\bin;;C:\Users\javie\AppData\Local\Programs\DockerDesktop\resources\bin;C:\Users\javie\AppData\Roaming\npm
USERNAME=javie
OS=Windows_NT
PROCESSOR_IDENTIFIER=Intel64 Family 6 Model 140 Stepping 1, GenuineIntel
TMP=C:\Users\javie\AppData\Local\Temp
TEMP=C:\Users\javie\AppData\Local\Temp




Periodic native trim disabled

---------------  S Y S T E M  ---------------

OS:
 Windows 11 , 64 bit Build 26100 (10.0.26100.8521)
OS uptime: 17 days 7:25 hours
Hyper-V role detected

CPU: total 8 (initial active 8) (4 cores per cpu, 2 threads per core) family 6 model 140 stepping 1 microcode 0x86, cx8, cmov, fxsr, ht, mmx, 3dnowpref, sse, sse2, sse3, ssse3, sse4.1, sse4.2, popcnt, lzcnt, tsc, tscinvbit, avx, avx2, aes, erms, clmul, bmi1, bmi2, adx, avx512f, avx512dq, avx512cd, avx512bw, avx512vl, sha, fma, vzeroupper, avx512_vpopcntdq, avx512_vpclmulqdq, avx512_vaes, avx512_vnni, clflush, clflushopt, clwb, avx512_vbmi2, avx512_vbmi, hv, rdtscp, rdpid, fsrm, gfni, avx512_bitalg, f16c, cet_ibt, cet_ss, avx512_ifma
Processor Information for the first 8 processors :
  Max Mhz: 2419, Current Mhz: 2419, Mhz Limit: 2419

Memory: 4k page, system-wide physical 7987M (864M free)
TotalPageFile size 24371M (AvailPageFile size 36M)
current process WorkingSet (physical memory assigned to process): 12M, peak: 12M
current process commit charge ("private bytes"): 60M, peak: 186M

vm_info: OpenJDK 64-Bit Server VM (21.0.11+10-LTS) for windows-amd64 JRE (21.0.11+10-LTS), built on 2026-04-21T00:00:00Z by "admin" with MS VC++ 17.12 (VS2022)

END.
